[0.008s] Invoking command in '/home/chen/px4_ws/build/px4_payload_estimator': CMAKE_PREFIX_PATH=${CMAKE_PREFIX_PATH}:/opt/ros/humble /usr/bin/cmake --build /home/chen/px4_ws/build/px4_payload_estimator -- -j16 -l16
[0.028s] -- Found ament_cmake: 1.3.12 (/opt/ros/humble/share/ament_cmake/cmake)
[0.126s] -- Found rclcpp: 16.0.15 (/opt/ros/humble/share/rclcpp/cmake)
[0.145s] -- Found rosidl_generator_c: 3.1.7 (/opt/ros/humble/share/rosidl_generator_c/cmake)
[0.147s] -- Found rosidl_adapter: 3.1.7 (/opt/ros/humble/share/rosidl_adapter/cmake)
[0.151s] -- Found rosidl_generator_cpp: 3.1.7 (/opt/ros/humble/share/rosidl_generator_cpp/cmake)
[0.157s] -- Using all available rosidl_typesupport_c: rosidl_typesupport_fastrtps_c;rosidl_typesupport_introspection_c
[0.165s] -- Using all available rosidl_typesupport_cpp: rosidl_typesupport_fastrtps_cpp;rosidl_typesupport_introspection_cpp
[0.186s] -- Found rmw_implementation_cmake: 6.1.2 (/opt/ros/humble/share/rmw_implementation_cmake/cmake)
[0.187s] -- Found rmw_fastrtps_cpp: 6.2.8 (/opt/ros/humble/share/rmw_fastrtps_cpp/cmake)
[0.265s] -- Using RMW implementation 'rmw_fastrtps_cpp' as default
[0.296s] -- Found sensor_msgs: 4.9.0 (/opt/ros/humble/share/sensor_msgs/cmake)
[0.314s] -- Found mavros_msgs: 2.12.0 (/opt/ros/humble/share/mavros_msgs/cmake)
[0.350s] -- Found nav_msgs: 4.9.0 (/opt/ros/humble/share/nav_msgs/cmake)
[0.360s] -- Found eigen3_cmake_module: 0.1.1 (/opt/ros/humble/share/eigen3_cmake_module/cmake)
[0.364s] -- Found ament_lint_auto: 0.12.14 (/opt/ros/humble/share/ament_lint_auto/cmake)
[0.411s] -- Added test 'cppcheck' to perform static code analysis on C / C++ code
[0.412s] -- Configured cppcheck include dirs: /home/chen/px4_ws/src/px4_payload_estimator/include
[0.412s] -- Configured cppcheck exclude dirs and/or files: 
[0.412s] -- Added test 'flake8' to check Python code syntax and style conventions
[0.412s] -- Added test 'lint_cmake' to check CMake code style
[0.412s] -- Added test 'pep257' to check Python code against some of the docstring style conventions in PEP 257
[0.413s] -- Added test 'uncrustify' to check C / C++ code style
[0.413s] -- Configured uncrustify additional arguments: 
[0.413s] -- Added test 'xmllint' to check XML markup files
[0.413s] -- Configuring done
[0.420s] -- Generating done
[0.422s] -- Build files have been written to: /home/chen/px4_ws/build/px4_payload_estimator
[0.446s] [35m[1mConsolidate compiler generated dependencies of target payload_observer[0m
[0.461s] [ 50%] [32mBuilding CXX object CMakeFiles/payload_observer.dir/src/payload_observer.cpp.o[0m
[9.953s] [100%] [32m[1mLinking CXX executable payload_observer[0m
[10.472s] [100%] Built target payload_observer
[10.484s] Invoked command in '/home/chen/px4_ws/build/px4_payload_estimator' returned '0': CMAKE_PREFIX_PATH=${CMAKE_PREFIX_PATH}:/opt/ros/humble /usr/bin/cmake --build /home/chen/px4_ws/build/px4_payload_estimator -- -j16 -l16
[10.497s] Invoking command in '/home/chen/px4_ws/build/px4_payload_estimator': CMAKE_PREFIX_PATH=${CMAKE_PREFIX_PATH}:/opt/ros/humble /usr/bin/cmake --install /home/chen/px4_ws/build/px4_payload_estimator
[10.508s] -- Install configuration: ""
[10.508s] -- Installing: /home/chen/px4_ws/install/px4_payload_estimator/lib/px4_payload_estimator/payload_observer
[10.514s] -- Set runtime path of "/home/chen/px4_ws/install/px4_payload_estimator/lib/px4_payload_estimator/payload_observer" to ""
[10.514s] -- Up-to-date: /home/chen/px4_ws/install/px4_payload_estimator/share/px4_payload_estimator/launch
[10.515s] -- Up-to-date: /home/chen/px4_ws/install/px4_payload_estimator/share/px4_payload_estimator/launch/payload_observer.launch.py
[10.515s] -- Up-to-date: /home/chen/px4_ws/install/px4_payload_estimator/share/ament_index/resource_index/package_run_dependencies/px4_payload_estimator
[10.515s] -- Up-to-date: /home/chen/px4_ws/install/px4_payload_estimator/share/ament_index/resource_index/parent_prefix_path/px4_payload_estimator
[10.515s] -- Up-to-date: /home/chen/px4_ws/install/px4_payload_estimator/share/px4_payload_estimator/environment/ament_prefix_path.sh
[10.515s] -- Installing: /home/chen/px4_ws/install/px4_payload_estimator/share/px4_payload_estimator/environment/ament_prefix_path.dsv
[10.515s] -- Up-to-date: /home/chen/px4_ws/install/px4_payload_estimator/share/px4_payload_estimator/environment/path.sh
[10.515s] -- Installing: /home/chen/px4_ws/install/px4_payload_estimator/share/px4_payload_estimator/environment/path.dsv
[10.515s] -- Up-to-date: /home/chen/px4_ws/install/px4_payload_estimator/share/px4_payload_estimator/local_setup.bash
[10.515s] -- Up-to-date: /home/chen/px4_ws/install/px4_payload_estimator/share/px4_payload_estimator/local_setup.sh
[10.516s] -- Up-to-date: /home/chen/px4_ws/install/px4_payload_estimator/share/px4_payload_estimator/local_setup.zsh
[10.516s] -- Installing: /home/chen/px4_ws/install/px4_payload_estimator/share/px4_payload_estimator/local_setup.dsv
[10.516s] -- Installing: /home/chen/px4_ws/install/px4_payload_estimator/share/px4_payload_estimator/package.dsv
[10.516s] -- Up-to-date: /home/chen/px4_ws/install/px4_payload_estimator/share/ament_index/resource_index/packages/px4_payload_estimator
[10.517s] -- Up-to-date: /home/chen/px4_ws/install/px4_payload_estimator/share/px4_payload_estimator/cmake/px4_payload_estimatorConfig.cmake
[10.517s] -- Up-to-date: /home/chen/px4_ws/install/px4_payload_estimator/share/px4_payload_estimator/cmake/px4_payload_estimatorConfig-version.cmake
[10.517s] -- Up-to-date: /home/chen/px4_ws/install/px4_payload_estimator/share/px4_payload_estimator/package.xml
[10.517s] Invoked command in '/home/chen/px4_ws/build/px4_payload_estimator' returned '0': CMAKE_PREFIX_PATH=${CMAKE_PREFIX_PATH}:/opt/ros/humble /usr/bin/cmake --install /home/chen/px4_ws/build/px4_payload_estimator
