[0.085s] DEBUG:colcon:Command line arguments: ['/usr/bin/colcon', 'build', '--packages-select', 'plan_env']
[0.086s] DEBUG:colcon:Parsed command line arguments: Namespace(log_base=None, log_level=None, verb_name='build', build_base='build', install_base='install', merge_install=False, symlink_install=False, test_result_base=None, continue_on_error=False, executor='parallel', parallel_workers=16, event_handlers=None, ignore_user_meta=False, metas=['./colcon.meta'], base_paths=['.'], packages_ignore=None, packages_ignore_regex=None, paths=None, packages_up_to=None, packages_up_to_regex=None, packages_above=None, packages_above_and_dependencies=None, packages_above_depth=None, packages_select_by_dep=None, packages_skip_by_dep=None, packages_skip_up_to=None, packages_select_build_failed=False, packages_skip_build_finished=False, packages_select_test_failures=False, packages_skip_test_passed=False, packages_select=['plan_env'], packages_skip=None, packages_select_regex=None, packages_skip_regex=None, packages_start=None, packages_end=None, allow_overriding=[], cmake_args=None, cmake_target=None, cmake_target_skip_unavailable=False, cmake_clean_cache=False, cmake_clean_first=False, cmake_force_configure=False, ament_cmake_args=None, catkin_cmake_args=None, catkin_skip_building_tests=False, mixin_files=None, mixin=None, verb_parser=<colcon_mixin.mixin.mixin_argument.MixinArgumentDecorator object at 0x7a79b8036c20>, verb_extension=<colcon_core.verb.build.BuildVerb object at 0x7a79b80366e0>, main=<bound method BuildVerb.main of <colcon_core.verb.build.BuildVerb object at 0x7a79b80366e0>>, mixin_verb=('build',))
[0.264s] Level 1:colcon.colcon_core.package_discovery:discover_packages(colcon_meta) check parameters
[0.264s] Level 1:colcon.colcon_core.package_discovery:discover_packages(recursive) check parameters
[0.264s] Level 1:colcon.colcon_core.package_discovery:discover_packages(ignore) check parameters
[0.264s] Level 1:colcon.colcon_core.package_discovery:discover_packages(path) check parameters
[0.264s] Level 1:colcon.colcon_core.package_discovery:discover_packages(colcon_meta) discover
[0.264s] Level 1:colcon.colcon_core.package_discovery:discover_packages(recursive) discover
[0.264s] INFO:colcon.colcon_core.package_discovery:Crawling recursively for packages in '/home/chen/px4_ws'
[0.264s] Level 1:colcon.colcon_core.package_identification:_identify(.) by extensions ['ignore', 'ignore_ament_install']
[0.264s] Level 1:colcon.colcon_core.package_identification:_identify(.) by extension 'ignore'
[0.264s] Level 1:colcon.colcon_core.package_identification:_identify(.) by extension 'ignore_ament_install'
[0.264s] Level 1:colcon.colcon_core.package_identification:_identify(.) by extensions ['colcon_pkg']
[0.264s] Level 1:colcon.colcon_core.package_identification:_identify(.) by extension 'colcon_pkg'
[0.264s] Level 1:colcon.colcon_core.package_identification:_identify(.) by extensions ['colcon_meta']
[0.264s] Level 1:colcon.colcon_core.package_identification:_identify(.) by extension 'colcon_meta'
[0.264s] Level 1:colcon.colcon_core.package_identification:_identify(.) by extensions ['ros']
[0.264s] Level 1:colcon.colcon_core.package_identification:_identify(.) by extension 'ros'
[0.271s] Level 1:colcon.colcon_core.package_identification:_identify(.) by extensions ['cmake', 'python']
[0.272s] Level 1:colcon.colcon_core.package_identification:_identify(.) by extension 'cmake'
[0.272s] Level 1:colcon.colcon_core.package_identification:_identify(.) by extension 'python'
[0.272s] Level 1:colcon.colcon_core.package_identification:_identify(.) by extensions ['python_setup_py']
[0.272s] Level 1:colcon.colcon_core.package_identification:_identify(.) by extension 'python_setup_py'
[0.272s] Level 1:colcon.colcon_core.package_identification:_identify(__pycache__) by extensions ['ignore', 'ignore_ament_install']
[0.272s] Level 1:colcon.colcon_core.package_identification:_identify(__pycache__) by extension 'ignore'
[0.272s] Level 1:colcon.colcon_core.package_identification:_identify(__pycache__) by extension 'ignore_ament_install'
[0.272s] Level 1:colcon.colcon_core.package_identification:_identify(__pycache__) by extensions ['colcon_pkg']
[0.272s] Level 1:colcon.colcon_core.package_identification:_identify(__pycache__) by extension 'colcon_pkg'
[0.272s] Level 1:colcon.colcon_core.package_identification:_identify(__pycache__) by extensions ['colcon_meta']
[0.272s] Level 1:colcon.colcon_core.package_identification:_identify(__pycache__) by extension 'colcon_meta'
[0.272s] Level 1:colcon.colcon_core.package_identification:_identify(__pycache__) by extensions ['ros']
[0.272s] Level 1:colcon.colcon_core.package_identification:_identify(__pycache__) by extension 'ros'
[0.272s] Level 1:colcon.colcon_core.package_identification:_identify(__pycache__) by extensions ['cmake', 'python']
[0.272s] Level 1:colcon.colcon_core.package_identification:_identify(__pycache__) by extension 'cmake'
[0.272s] Level 1:colcon.colcon_core.package_identification:_identify(__pycache__) by extension 'python'
[0.272s] Level 1:colcon.colcon_core.package_identification:_identify(__pycache__) by extensions ['python_setup_py']
[0.272s] Level 1:colcon.colcon_core.package_identification:_identify(__pycache__) by extension 'python_setup_py'
[0.272s] Level 1:colcon.colcon_core.package_identification:_identify(build) by extensions ['ignore', 'ignore_ament_install']
[0.272s] Level 1:colcon.colcon_core.package_identification:_identify(build) by extension 'ignore'
[0.272s] Level 1:colcon.colcon_core.package_identification:_identify(build) ignored
[0.272s] Level 1:colcon.colcon_core.package_identification:_identify(install) by extensions ['ignore', 'ignore_ament_install']
[0.272s] Level 1:colcon.colcon_core.package_identification:_identify(install) by extension 'ignore'
[0.272s] Level 1:colcon.colcon_core.package_identification:_identify(install) ignored
[0.272s] Level 1:colcon.colcon_core.package_identification:_identify(log) by extensions ['ignore', 'ignore_ament_install']
[0.272s] Level 1:colcon.colcon_core.package_identification:_identify(log) by extension 'ignore'
[0.272s] Level 1:colcon.colcon_core.package_identification:_identify(log) ignored
[0.272s] Level 1:colcon.colcon_core.package_identification:_identify(multi_payload) by extensions ['ignore', 'ignore_ament_install']
[0.272s] Level 1:colcon.colcon_core.package_identification:_identify(multi_payload) by extension 'ignore'
[0.273s] Level 1:colcon.colcon_core.package_identification:_identify(multi_payload) by extension 'ignore_ament_install'
[0.273s] Level 1:colcon.colcon_core.package_identification:_identify(multi_payload) by extensions ['colcon_pkg']
[0.273s] Level 1:colcon.colcon_core.package_identification:_identify(multi_payload) by extension 'colcon_pkg'
[0.273s] Level 1:colcon.colcon_core.package_identification:_identify(multi_payload) by extensions ['colcon_meta']
[0.273s] Level 1:colcon.colcon_core.package_identification:_identify(multi_payload) by extension 'colcon_meta'
[0.273s] Level 1:colcon.colcon_core.package_identification:_identify(multi_payload) by extensions ['ros']
[0.273s] Level 1:colcon.colcon_core.package_identification:_identify(multi_payload) by extension 'ros'
[0.273s] Level 1:colcon.colcon_core.package_identification:_identify(multi_payload) by extensions ['cmake', 'python']
[0.273s] Level 1:colcon.colcon_core.package_identification:_identify(multi_payload) by extension 'cmake'
[0.273s] Level 1:colcon.colcon_core.package_identification:_identify(multi_payload) by extension 'python'
[0.273s] Level 1:colcon.colcon_core.package_identification:_identify(multi_payload) by extensions ['python_setup_py']
[0.273s] Level 1:colcon.colcon_core.package_identification:_identify(multi_payload) by extension 'python_setup_py'
[0.273s] Level 1:colcon.colcon_core.package_identification:_identify(multi_payload/__pycache__) by extensions ['ignore', 'ignore_ament_install']
[0.273s] Level 1:colcon.colcon_core.package_identification:_identify(multi_payload/__pycache__) by extension 'ignore'
[0.273s] Level 1:colcon.colcon_core.package_identification:_identify(multi_payload/__pycache__) by extension 'ignore_ament_install'
[0.273s] Level 1:colcon.colcon_core.package_identification:_identify(multi_payload/__pycache__) by extensions ['colcon_pkg']
[0.273s] Level 1:colcon.colcon_core.package_identification:_identify(multi_payload/__pycache__) by extension 'colcon_pkg'
[0.273s] Level 1:colcon.colcon_core.package_identification:_identify(multi_payload/__pycache__) by extensions ['colcon_meta']
[0.273s] Level 1:colcon.colcon_core.package_identification:_identify(multi_payload/__pycache__) by extension 'colcon_meta'
[0.273s] Level 1:colcon.colcon_core.package_identification:_identify(multi_payload/__pycache__) by extensions ['ros']
[0.273s] Level 1:colcon.colcon_core.package_identification:_identify(multi_payload/__pycache__) by extension 'ros'
[0.273s] Level 1:colcon.colcon_core.package_identification:_identify(multi_payload/__pycache__) by extensions ['cmake', 'python']
[0.273s] Level 1:colcon.colcon_core.package_identification:_identify(multi_payload/__pycache__) by extension 'cmake'
[0.273s] Level 1:colcon.colcon_core.package_identification:_identify(multi_payload/__pycache__) by extension 'python'
[0.273s] Level 1:colcon.colcon_core.package_identification:_identify(multi_payload/__pycache__) by extensions ['python_setup_py']
[0.273s] Level 1:colcon.colcon_core.package_identification:_identify(multi_payload/__pycache__) by extension 'python_setup_py'
[0.273s] Level 1:colcon.colcon_core.package_identification:_identify(multi_payload/c_generated_code) by extensions ['ignore', 'ignore_ament_install']
[0.273s] Level 1:colcon.colcon_core.package_identification:_identify(multi_payload/c_generated_code) by extension 'ignore'
[0.273s] Level 1:colcon.colcon_core.package_identification:_identify(multi_payload/c_generated_code) by extension 'ignore_ament_install'
[0.273s] Level 1:colcon.colcon_core.package_identification:_identify(multi_payload/c_generated_code) by extensions ['colcon_pkg']
[0.273s] Level 1:colcon.colcon_core.package_identification:_identify(multi_payload/c_generated_code) by extension 'colcon_pkg'
[0.273s] Level 1:colcon.colcon_core.package_identification:_identify(multi_payload/c_generated_code) by extensions ['colcon_meta']
[0.273s] Level 1:colcon.colcon_core.package_identification:_identify(multi_payload/c_generated_code) by extension 'colcon_meta'
[0.273s] Level 1:colcon.colcon_core.package_identification:_identify(multi_payload/c_generated_code) by extensions ['ros']
[0.273s] Level 1:colcon.colcon_core.package_identification:_identify(multi_payload/c_generated_code) by extension 'ros'
[0.273s] Level 1:colcon.colcon_core.package_identification:_identify(multi_payload/c_generated_code) by extensions ['cmake', 'python']
[0.273s] Level 1:colcon.colcon_core.package_identification:_identify(multi_payload/c_generated_code) by extension 'cmake'
[0.273s] Level 1:colcon.colcon_core.package_identification:_identify(multi_payload/c_generated_code) by extension 'python'
[0.273s] Level 1:colcon.colcon_core.package_identification:_identify(multi_payload/c_generated_code) by extensions ['python_setup_py']
[0.273s] Level 1:colcon.colcon_core.package_identification:_identify(multi_payload/c_generated_code) by extension 'python_setup_py'
[0.274s] Level 1:colcon.colcon_core.package_identification:_identify(multi_payload/c_generated_code/multi_payload_model) by extensions ['ignore', 'ignore_ament_install']
[0.274s] Level 1:colcon.colcon_core.package_identification:_identify(multi_payload/c_generated_code/multi_payload_model) by extension 'ignore'
[0.274s] Level 1:colcon.colcon_core.package_identification:_identify(multi_payload/c_generated_code/multi_payload_model) by extension 'ignore_ament_install'
[0.274s] Level 1:colcon.colcon_core.package_identification:_identify(multi_payload/c_generated_code/multi_payload_model) by extensions ['colcon_pkg']
[0.274s] Level 1:colcon.colcon_core.package_identification:_identify(multi_payload/c_generated_code/multi_payload_model) by extension 'colcon_pkg'
[0.274s] Level 1:colcon.colcon_core.package_identification:_identify(multi_payload/c_generated_code/multi_payload_model) by extensions ['colcon_meta']
[0.274s] Level 1:colcon.colcon_core.package_identification:_identify(multi_payload/c_generated_code/multi_payload_model) by extension 'colcon_meta'
[0.274s] Level 1:colcon.colcon_core.package_identification:_identify(multi_payload/c_generated_code/multi_payload_model) by extensions ['ros']
[0.274s] Level 1:colcon.colcon_core.package_identification:_identify(multi_payload/c_generated_code/multi_payload_model) by extension 'ros'
[0.274s] Level 1:colcon.colcon_core.package_identification:_identify(multi_payload/c_generated_code/multi_payload_model) by extensions ['cmake', 'python']
[0.274s] Level 1:colcon.colcon_core.package_identification:_identify(multi_payload/c_generated_code/multi_payload_model) by extension 'cmake'
[0.274s] Level 1:colcon.colcon_core.package_identification:_identify(multi_payload/c_generated_code/multi_payload_model) by extension 'python'
[0.274s] Level 1:colcon.colcon_core.package_identification:_identify(multi_payload/c_generated_code/multi_payload_model) by extensions ['python_setup_py']
[0.274s] Level 1:colcon.colcon_core.package_identification:_identify(multi_payload/c_generated_code/multi_payload_model) by extension 'python_setup_py'
[0.274s] Level 1:colcon.colcon_core.package_identification:_identify(multi_payload/c_generated_code/multi_payload_model_model) by extensions ['ignore', 'ignore_ament_install']
[0.274s] Level 1:colcon.colcon_core.package_identification:_identify(multi_payload/c_generated_code/multi_payload_model_model) by extension 'ignore'
[0.274s] Level 1:colcon.colcon_core.package_identification:_identify(multi_payload/c_generated_code/multi_payload_model_model) by extension 'ignore_ament_install'
[0.274s] Level 1:colcon.colcon_core.package_identification:_identify(multi_payload/c_generated_code/multi_payload_model_model) by extensions ['colcon_pkg']
[0.274s] Level 1:colcon.colcon_core.package_identification:_identify(multi_payload/c_generated_code/multi_payload_model_model) by extension 'colcon_pkg'
[0.274s] Level 1:colcon.colcon_core.package_identification:_identify(multi_payload/c_generated_code/multi_payload_model_model) by extensions ['colcon_meta']
[0.274s] Level 1:colcon.colcon_core.package_identification:_identify(multi_payload/c_generated_code/multi_payload_model_model) by extension 'colcon_meta'
[0.274s] Level 1:colcon.colcon_core.package_identification:_identify(multi_payload/c_generated_code/multi_payload_model_model) by extensions ['ros']
[0.274s] Level 1:colcon.colcon_core.package_identification:_identify(multi_payload/c_generated_code/multi_payload_model_model) by extension 'ros'
[0.274s] Level 1:colcon.colcon_core.package_identification:_identify(multi_payload/c_generated_code/multi_payload_model_model) by extensions ['cmake', 'python']
[0.274s] Level 1:colcon.colcon_core.package_identification:_identify(multi_payload/c_generated_code/multi_payload_model_model) by extension 'cmake'
[0.274s] Level 1:colcon.colcon_core.package_identification:_identify(multi_payload/c_generated_code/multi_payload_model_model) by extension 'python'
[0.274s] Level 1:colcon.colcon_core.package_identification:_identify(multi_payload/c_generated_code/multi_payload_model_model) by extensions ['python_setup_py']
[0.274s] Level 1:colcon.colcon_core.package_identification:_identify(multi_payload/c_generated_code/multi_payload_model_model) by extension 'python_setup_py'
[0.274s] Level 1:colcon.colcon_core.package_identification:_identify(multi_payload/c_generated_code/multi_uav_cable_payload_model) by extensions ['ignore', 'ignore_ament_install']
[0.274s] Level 1:colcon.colcon_core.package_identification:_identify(multi_payload/c_generated_code/multi_uav_cable_payload_model) by extension 'ignore'
[0.274s] Level 1:colcon.colcon_core.package_identification:_identify(multi_payload/c_generated_code/multi_uav_cable_payload_model) by extension 'ignore_ament_install'
[0.274s] Level 1:colcon.colcon_core.package_identification:_identify(multi_payload/c_generated_code/multi_uav_cable_payload_model) by extensions ['colcon_pkg']
[0.274s] Level 1:colcon.colcon_core.package_identification:_identify(multi_payload/c_generated_code/multi_uav_cable_payload_model) by extension 'colcon_pkg'
[0.274s] Level 1:colcon.colcon_core.package_identification:_identify(multi_payload/c_generated_code/multi_uav_cable_payload_model) by extensions ['colcon_meta']
[0.274s] Level 1:colcon.colcon_core.package_identification:_identify(multi_payload/c_generated_code/multi_uav_cable_payload_model) by extension 'colcon_meta'
[0.274s] Level 1:colcon.colcon_core.package_identification:_identify(multi_payload/c_generated_code/multi_uav_cable_payload_model) by extensions ['ros']
[0.274s] Level 1:colcon.colcon_core.package_identification:_identify(multi_payload/c_generated_code/multi_uav_cable_payload_model) by extension 'ros'
[0.275s] Level 1:colcon.colcon_core.package_identification:_identify(multi_payload/c_generated_code/multi_uav_cable_payload_model) by extensions ['cmake', 'python']
[0.275s] Level 1:colcon.colcon_core.package_identification:_identify(multi_payload/c_generated_code/multi_uav_cable_payload_model) by extension 'cmake'
[0.275s] Level 1:colcon.colcon_core.package_identification:_identify(multi_payload/c_generated_code/multi_uav_cable_payload_model) by extension 'python'
[0.275s] Level 1:colcon.colcon_core.package_identification:_identify(multi_payload/c_generated_code/multi_uav_cable_payload_model) by extensions ['python_setup_py']
[0.275s] Level 1:colcon.colcon_core.package_identification:_identify(multi_payload/c_generated_code/multi_uav_cable_payload_model) by extension 'python_setup_py'
[0.275s] Level 1:colcon.colcon_core.package_identification:_identify(multi_payload/c_generated_code/multi_uav_payload_model) by extensions ['ignore', 'ignore_ament_install']
[0.275s] Level 1:colcon.colcon_core.package_identification:_identify(multi_payload/c_generated_code/multi_uav_payload_model) by extension 'ignore'
[0.275s] Level 1:colcon.colcon_core.package_identification:_identify(multi_payload/c_generated_code/multi_uav_payload_model) by extension 'ignore_ament_install'
[0.275s] Level 1:colcon.colcon_core.package_identification:_identify(multi_payload/c_generated_code/multi_uav_payload_model) by extensions ['colcon_pkg']
[0.275s] Level 1:colcon.colcon_core.package_identification:_identify(multi_payload/c_generated_code/multi_uav_payload_model) by extension 'colcon_pkg'
[0.275s] Level 1:colcon.colcon_core.package_identification:_identify(multi_payload/c_generated_code/multi_uav_payload_model) by extensions ['colcon_meta']
[0.275s] Level 1:colcon.colcon_core.package_identification:_identify(multi_payload/c_generated_code/multi_uav_payload_model) by extension 'colcon_meta'
[0.275s] Level 1:colcon.colcon_core.package_identification:_identify(multi_payload/c_generated_code/multi_uav_payload_model) by extensions ['ros']
[0.275s] Level 1:colcon.colcon_core.package_identification:_identify(multi_payload/c_generated_code/multi_uav_payload_model) by extension 'ros'
[0.275s] Level 1:colcon.colcon_core.package_identification:_identify(multi_payload/c_generated_code/multi_uav_payload_model) by extensions ['cmake', 'python']
[0.275s] Level 1:colcon.colcon_core.package_identification:_identify(multi_payload/c_generated_code/multi_uav_payload_model) by extension 'cmake'
[0.275s] Level 1:colcon.colcon_core.package_identification:_identify(multi_payload/c_generated_code/multi_uav_payload_model) by extension 'python'
[0.275s] Level 1:colcon.colcon_core.package_identification:_identify(multi_payload/c_generated_code/multi_uav_payload_model) by extensions ['python_setup_py']
[0.275s] Level 1:colcon.colcon_core.package_identification:_identify(multi_payload/c_generated_code/multi_uav_payload_model) by extension 'python_setup_py'
[0.275s] Level 1:colcon.colcon_core.package_identification:_identify(px4) by extensions ['ignore', 'ignore_ament_install']
[0.275s] Level 1:colcon.colcon_core.package_identification:_identify(px4) by extension 'ignore'
[0.275s] Level 1:colcon.colcon_core.package_identification:_identify(px4) by extension 'ignore_ament_install'
[0.275s] Level 1:colcon.colcon_core.package_identification:_identify(px4) by extensions ['colcon_pkg']
[0.275s] Level 1:colcon.colcon_core.package_identification:_identify(px4) by extension 'colcon_pkg'
[0.275s] Level 1:colcon.colcon_core.package_identification:_identify(px4) by extensions ['colcon_meta']
[0.275s] Level 1:colcon.colcon_core.package_identification:_identify(px4) by extension 'colcon_meta'
[0.275s] Level 1:colcon.colcon_core.package_identification:_identify(px4) by extensions ['ros']
[0.275s] Level 1:colcon.colcon_core.package_identification:_identify(px4) by extension 'ros'
[0.275s] Level 1:colcon.colcon_core.package_identification:_identify(px4) by extensions ['cmake', 'python']
[0.275s] Level 1:colcon.colcon_core.package_identification:_identify(px4) by extension 'cmake'
[0.275s] Level 1:colcon.colcon_core.package_identification:_identify(px4) by extension 'python'
[0.275s] Level 1:colcon.colcon_core.package_identification:_identify(px4) by extensions ['python_setup_py']
[0.275s] Level 1:colcon.colcon_core.package_identification:_identify(px4) by extension 'python_setup_py'
[0.275s] Level 1:colcon.colcon_core.package_identification:_identify(px4/__pycache__) by extensions ['ignore', 'ignore_ament_install']
[0.275s] Level 1:colcon.colcon_core.package_identification:_identify(px4/__pycache__) by extension 'ignore'
[0.275s] Level 1:colcon.colcon_core.package_identification:_identify(px4/__pycache__) by extension 'ignore_ament_install'
[0.275s] Level 1:colcon.colcon_core.package_identification:_identify(px4/__pycache__) by extensions ['colcon_pkg']
[0.275s] Level 1:colcon.colcon_core.package_identification:_identify(px4/__pycache__) by extension 'colcon_pkg'
[0.276s] Level 1:colcon.colcon_core.package_identification:_identify(px4/__pycache__) by extensions ['colcon_meta']
[0.276s] Level 1:colcon.colcon_core.package_identification:_identify(px4/__pycache__) by extension 'colcon_meta'
[0.276s] Level 1:colcon.colcon_core.package_identification:_identify(px4/__pycache__) by extensions ['ros']
[0.276s] Level 1:colcon.colcon_core.package_identification:_identify(px4/__pycache__) by extension 'ros'
[0.276s] Level 1:colcon.colcon_core.package_identification:_identify(px4/__pycache__) by extensions ['cmake', 'python']
[0.276s] Level 1:colcon.colcon_core.package_identification:_identify(px4/__pycache__) by extension 'cmake'
[0.276s] Level 1:colcon.colcon_core.package_identification:_identify(px4/__pycache__) by extension 'python'
[0.276s] Level 1:colcon.colcon_core.package_identification:_identify(px4/__pycache__) by extensions ['python_setup_py']
[0.276s] Level 1:colcon.colcon_core.package_identification:_identify(px4/__pycache__) by extension 'python_setup_py'
[0.276s] Level 1:colcon.colcon_core.package_identification:_identify(px4/build) by extensions ['ignore', 'ignore_ament_install']
[0.276s] Level 1:colcon.colcon_core.package_identification:_identify(px4/build) by extension 'ignore'
[0.276s] Level 1:colcon.colcon_core.package_identification:_identify(px4/build) ignored
[0.276s] Level 1:colcon.colcon_core.package_identification:_identify(px4/c_generated_code) by extensions ['ignore', 'ignore_ament_install']
[0.276s] Level 1:colcon.colcon_core.package_identification:_identify(px4/c_generated_code) by extension 'ignore'
[0.276s] Level 1:colcon.colcon_core.package_identification:_identify(px4/c_generated_code) by extension 'ignore_ament_install'
[0.276s] Level 1:colcon.colcon_core.package_identification:_identify(px4/c_generated_code) by extensions ['colcon_pkg']
[0.276s] Level 1:colcon.colcon_core.package_identification:_identify(px4/c_generated_code) by extension 'colcon_pkg'
[0.276s] Level 1:colcon.colcon_core.package_identification:_identify(px4/c_generated_code) by extensions ['colcon_meta']
[0.276s] Level 1:colcon.colcon_core.package_identification:_identify(px4/c_generated_code) by extension 'colcon_meta'
[0.276s] Level 1:colcon.colcon_core.package_identification:_identify(px4/c_generated_code) by extensions ['ros']
[0.276s] Level 1:colcon.colcon_core.package_identification:_identify(px4/c_generated_code) by extension 'ros'
[0.276s] Level 1:colcon.colcon_core.package_identification:_identify(px4/c_generated_code) by extensions ['cmake', 'python']
[0.276s] Level 1:colcon.colcon_core.package_identification:_identify(px4/c_generated_code) by extension 'cmake'
[0.276s] Level 1:colcon.colcon_core.package_identification:_identify(px4/c_generated_code) by extension 'python'
[0.276s] Level 1:colcon.colcon_core.package_identification:_identify(px4/c_generated_code) by extensions ['python_setup_py']
[0.276s] Level 1:colcon.colcon_core.package_identification:_identify(px4/c_generated_code) by extension 'python_setup_py'
[0.276s] Level 1:colcon.colcon_core.package_identification:_identify(px4/c_generated_code/px4_model_constraints) by extensions ['ignore', 'ignore_ament_install']
[0.276s] Level 1:colcon.colcon_core.package_identification:_identify(px4/c_generated_code/px4_model_constraints) by extension 'ignore'
[0.276s] Level 1:colcon.colcon_core.package_identification:_identify(px4/c_generated_code/px4_model_constraints) by extension 'ignore_ament_install'
[0.276s] Level 1:colcon.colcon_core.package_identification:_identify(px4/c_generated_code/px4_model_constraints) by extensions ['colcon_pkg']
[0.276s] Level 1:colcon.colcon_core.package_identification:_identify(px4/c_generated_code/px4_model_constraints) by extension 'colcon_pkg'
[0.276s] Level 1:colcon.colcon_core.package_identification:_identify(px4/c_generated_code/px4_model_constraints) by extensions ['colcon_meta']
[0.276s] Level 1:colcon.colcon_core.package_identification:_identify(px4/c_generated_code/px4_model_constraints) by extension 'colcon_meta'
[0.276s] Level 1:colcon.colcon_core.package_identification:_identify(px4/c_generated_code/px4_model_constraints) by extensions ['ros']
[0.276s] Level 1:colcon.colcon_core.package_identification:_identify(px4/c_generated_code/px4_model_constraints) by extension 'ros'
[0.276s] Level 1:colcon.colcon_core.package_identification:_identify(px4/c_generated_code/px4_model_constraints) by extensions ['cmake', 'python']
[0.276s] Level 1:colcon.colcon_core.package_identification:_identify(px4/c_generated_code/px4_model_constraints) by extension 'cmake'
[0.276s] Level 1:colcon.colcon_core.package_identification:_identify(px4/c_generated_code/px4_model_constraints) by extension 'python'
[0.276s] Level 1:colcon.colcon_core.package_identification:_identify(px4/c_generated_code/px4_model_constraints) by extensions ['python_setup_py']
[0.276s] Level 1:colcon.colcon_core.package_identification:_identify(px4/c_generated_code/px4_model_constraints) by extension 'python_setup_py'
[0.277s] Level 1:colcon.colcon_core.package_identification:_identify(px4/c_generated_code/px4_model_model) by extensions ['ignore', 'ignore_ament_install']
[0.277s] Level 1:colcon.colcon_core.package_identification:_identify(px4/c_generated_code/px4_model_model) by extension 'ignore'
[0.277s] Level 1:colcon.colcon_core.package_identification:_identify(px4/c_generated_code/px4_model_model) by extension 'ignore_ament_install'
[0.277s] Level 1:colcon.colcon_core.package_identification:_identify(px4/c_generated_code/px4_model_model) by extensions ['colcon_pkg']
[0.277s] Level 1:colcon.colcon_core.package_identification:_identify(px4/c_generated_code/px4_model_model) by extension 'colcon_pkg'
[0.277s] Level 1:colcon.colcon_core.package_identification:_identify(px4/c_generated_code/px4_model_model) by extensions ['colcon_meta']
[0.277s] Level 1:colcon.colcon_core.package_identification:_identify(px4/c_generated_code/px4_model_model) by extension 'colcon_meta'
[0.277s] Level 1:colcon.colcon_core.package_identification:_identify(px4/c_generated_code/px4_model_model) by extensions ['ros']
[0.277s] Level 1:colcon.colcon_core.package_identification:_identify(px4/c_generated_code/px4_model_model) by extension 'ros'
[0.277s] Level 1:colcon.colcon_core.package_identification:_identify(px4/c_generated_code/px4_model_model) by extensions ['cmake', 'python']
[0.277s] Level 1:colcon.colcon_core.package_identification:_identify(px4/c_generated_code/px4_model_model) by extension 'cmake'
[0.277s] Level 1:colcon.colcon_core.package_identification:_identify(px4/c_generated_code/px4_model_model) by extension 'python'
[0.277s] Level 1:colcon.colcon_core.package_identification:_identify(px4/c_generated_code/px4_model_model) by extensions ['python_setup_py']
[0.277s] Level 1:colcon.colcon_core.package_identification:_identify(px4/c_generated_code/px4_model_model) by extension 'python_setup_py'
[0.277s] Level 1:colcon.colcon_core.package_identification:_identify(px4/install) by extensions ['ignore', 'ignore_ament_install']
[0.277s] Level 1:colcon.colcon_core.package_identification:_identify(px4/install) by extension 'ignore'
[0.277s] Level 1:colcon.colcon_core.package_identification:_identify(px4/install) ignored
[0.277s] Level 1:colcon.colcon_core.package_identification:_identify(px4/log) by extensions ['ignore', 'ignore_ament_install']
[0.277s] Level 1:colcon.colcon_core.package_identification:_identify(px4/log) by extension 'ignore'
[0.277s] Level 1:colcon.colcon_core.package_identification:_identify(px4/log) ignored
[0.277s] Level 1:colcon.colcon_core.package_identification:_identify(px4_payload) by extensions ['ignore', 'ignore_ament_install']
[0.277s] Level 1:colcon.colcon_core.package_identification:_identify(px4_payload) by extension 'ignore'
[0.277s] Level 1:colcon.colcon_core.package_identification:_identify(px4_payload) by extension 'ignore_ament_install'
[0.277s] Level 1:colcon.colcon_core.package_identification:_identify(px4_payload) by extensions ['colcon_pkg']
[0.277s] Level 1:colcon.colcon_core.package_identification:_identify(px4_payload) by extension 'colcon_pkg'
[0.277s] Level 1:colcon.colcon_core.package_identification:_identify(px4_payload) by extensions ['colcon_meta']
[0.277s] Level 1:colcon.colcon_core.package_identification:_identify(px4_payload) by extension 'colcon_meta'
[0.277s] Level 1:colcon.colcon_core.package_identification:_identify(px4_payload) by extensions ['ros']
[0.277s] Level 1:colcon.colcon_core.package_identification:_identify(px4_payload) by extension 'ros'
[0.277s] Level 1:colcon.colcon_core.package_identification:_identify(px4_payload) by extensions ['cmake', 'python']
[0.277s] Level 1:colcon.colcon_core.package_identification:_identify(px4_payload) by extension 'cmake'
[0.277s] Level 1:colcon.colcon_core.package_identification:_identify(px4_payload) by extension 'python'
[0.277s] Level 1:colcon.colcon_core.package_identification:_identify(px4_payload) by extensions ['python_setup_py']
[0.277s] Level 1:colcon.colcon_core.package_identification:_identify(px4_payload) by extension 'python_setup_py'
[0.277s] Level 1:colcon.colcon_core.package_identification:_identify(px4_payload/__pycache__) by extensions ['ignore', 'ignore_ament_install']
[0.278s] Level 1:colcon.colcon_core.package_identification:_identify(px4_payload/__pycache__) by extension 'ignore'
[0.278s] Level 1:colcon.colcon_core.package_identification:_identify(px4_payload/__pycache__) by extension 'ignore_ament_install'
[0.278s] Level 1:colcon.colcon_core.package_identification:_identify(px4_payload/__pycache__) by extensions ['colcon_pkg']
[0.278s] Level 1:colcon.colcon_core.package_identification:_identify(px4_payload/__pycache__) by extension 'colcon_pkg'
[0.278s] Level 1:colcon.colcon_core.package_identification:_identify(px4_payload/__pycache__) by extensions ['colcon_meta']
[0.278s] Level 1:colcon.colcon_core.package_identification:_identify(px4_payload/__pycache__) by extension 'colcon_meta'
[0.278s] Level 1:colcon.colcon_core.package_identification:_identify(px4_payload/__pycache__) by extensions ['ros']
[0.278s] Level 1:colcon.colcon_core.package_identification:_identify(px4_payload/__pycache__) by extension 'ros'
[0.278s] Level 1:colcon.colcon_core.package_identification:_identify(px4_payload/__pycache__) by extensions ['cmake', 'python']
[0.278s] Level 1:colcon.colcon_core.package_identification:_identify(px4_payload/__pycache__) by extension 'cmake'
[0.278s] Level 1:colcon.colcon_core.package_identification:_identify(px4_payload/__pycache__) by extension 'python'
[0.278s] Level 1:colcon.colcon_core.package_identification:_identify(px4_payload/__pycache__) by extensions ['python_setup_py']
[0.278s] Level 1:colcon.colcon_core.package_identification:_identify(px4_payload/__pycache__) by extension 'python_setup_py'
[0.278s] Level 1:colcon.colcon_core.package_identification:_identify(px4_payload/c_generated_code) by extensions ['ignore', 'ignore_ament_install']
[0.278s] Level 1:colcon.colcon_core.package_identification:_identify(px4_payload/c_generated_code) by extension 'ignore'
[0.278s] Level 1:colcon.colcon_core.package_identification:_identify(px4_payload/c_generated_code) by extension 'ignore_ament_install'
[0.278s] Level 1:colcon.colcon_core.package_identification:_identify(px4_payload/c_generated_code) by extensions ['colcon_pkg']
[0.278s] Level 1:colcon.colcon_core.package_identification:_identify(px4_payload/c_generated_code) by extension 'colcon_pkg'
[0.278s] Level 1:colcon.colcon_core.package_identification:_identify(px4_payload/c_generated_code) by extensions ['colcon_meta']
[0.278s] Level 1:colcon.colcon_core.package_identification:_identify(px4_payload/c_generated_code) by extension 'colcon_meta'
[0.278s] Level 1:colcon.colcon_core.package_identification:_identify(px4_payload/c_generated_code) by extensions ['ros']
[0.278s] Level 1:colcon.colcon_core.package_identification:_identify(px4_payload/c_generated_code) by extension 'ros'
[0.278s] Level 1:colcon.colcon_core.package_identification:_identify(px4_payload/c_generated_code) by extensions ['cmake', 'python']
[0.278s] Level 1:colcon.colcon_core.package_identification:_identify(px4_payload/c_generated_code) by extension 'cmake'
[0.278s] Level 1:colcon.colcon_core.package_identification:_identify(px4_payload/c_generated_code) by extension 'python'
[0.278s] Level 1:colcon.colcon_core.package_identification:_identify(px4_payload/c_generated_code) by extensions ['python_setup_py']
[0.278s] Level 1:colcon.colcon_core.package_identification:_identify(px4_payload/c_generated_code) by extension 'python_setup_py'
[0.278s] Level 1:colcon.colcon_core.package_identification:_identify(px4_payload/c_generated_code/px4_payload_model_constraints) by extensions ['ignore', 'ignore_ament_install']
[0.278s] Level 1:colcon.colcon_core.package_identification:_identify(px4_payload/c_generated_code/px4_payload_model_constraints) by extension 'ignore'
[0.278s] Level 1:colcon.colcon_core.package_identification:_identify(px4_payload/c_generated_code/px4_payload_model_constraints) by extension 'ignore_ament_install'
[0.278s] Level 1:colcon.colcon_core.package_identification:_identify(px4_payload/c_generated_code/px4_payload_model_constraints) by extensions ['colcon_pkg']
[0.278s] Level 1:colcon.colcon_core.package_identification:_identify(px4_payload/c_generated_code/px4_payload_model_constraints) by extension 'colcon_pkg'
[0.278s] Level 1:colcon.colcon_core.package_identification:_identify(px4_payload/c_generated_code/px4_payload_model_constraints) by extensions ['colcon_meta']
[0.278s] Level 1:colcon.colcon_core.package_identification:_identify(px4_payload/c_generated_code/px4_payload_model_constraints) by extension 'colcon_meta'
[0.278s] Level 1:colcon.colcon_core.package_identification:_identify(px4_payload/c_generated_code/px4_payload_model_constraints) by extensions ['ros']
[0.278s] Level 1:colcon.colcon_core.package_identification:_identify(px4_payload/c_generated_code/px4_payload_model_constraints) by extension 'ros'
[0.278s] Level 1:colcon.colcon_core.package_identification:_identify(px4_payload/c_generated_code/px4_payload_model_constraints) by extensions ['cmake', 'python']
[0.278s] Level 1:colcon.colcon_core.package_identification:_identify(px4_payload/c_generated_code/px4_payload_model_constraints) by extension 'cmake'
[0.278s] Level 1:colcon.colcon_core.package_identification:_identify(px4_payload/c_generated_code/px4_payload_model_constraints) by extension 'python'
[0.279s] Level 1:colcon.colcon_core.package_identification:_identify(px4_payload/c_generated_code/px4_payload_model_constraints) by extensions ['python_setup_py']
[0.279s] Level 1:colcon.colcon_core.package_identification:_identify(px4_payload/c_generated_code/px4_payload_model_constraints) by extension 'python_setup_py'
[0.279s] Level 1:colcon.colcon_core.package_identification:_identify(px4_payload/c_generated_code/px4_payload_model_model) by extensions ['ignore', 'ignore_ament_install']
[0.279s] Level 1:colcon.colcon_core.package_identification:_identify(px4_payload/c_generated_code/px4_payload_model_model) by extension 'ignore'
[0.279s] Level 1:colcon.colcon_core.package_identification:_identify(px4_payload/c_generated_code/px4_payload_model_model) by extension 'ignore_ament_install'
[0.279s] Level 1:colcon.colcon_core.package_identification:_identify(px4_payload/c_generated_code/px4_payload_model_model) by extensions ['colcon_pkg']
[0.279s] Level 1:colcon.colcon_core.package_identification:_identify(px4_payload/c_generated_code/px4_payload_model_model) by extension 'colcon_pkg'
[0.279s] Level 1:colcon.colcon_core.package_identification:_identify(px4_payload/c_generated_code/px4_payload_model_model) by extensions ['colcon_meta']
[0.279s] Level 1:colcon.colcon_core.package_identification:_identify(px4_payload/c_generated_code/px4_payload_model_model) by extension 'colcon_meta'
[0.279s] Level 1:colcon.colcon_core.package_identification:_identify(px4_payload/c_generated_code/px4_payload_model_model) by extensions ['ros']
[0.279s] Level 1:colcon.colcon_core.package_identification:_identify(px4_payload/c_generated_code/px4_payload_model_model) by extension 'ros'
[0.279s] Level 1:colcon.colcon_core.package_identification:_identify(px4_payload/c_generated_code/px4_payload_model_model) by extensions ['cmake', 'python']
[0.279s] Level 1:colcon.colcon_core.package_identification:_identify(px4_payload/c_generated_code/px4_payload_model_model) by extension 'cmake'
[0.279s] Level 1:colcon.colcon_core.package_identification:_identify(px4_payload/c_generated_code/px4_payload_model_model) by extension 'python'
[0.279s] Level 1:colcon.colcon_core.package_identification:_identify(px4_payload/c_generated_code/px4_payload_model_model) by extensions ['python_setup_py']
[0.279s] Level 1:colcon.colcon_core.package_identification:_identify(px4_payload/c_generated_code/px4_payload_model_model) by extension 'python_setup_py'
[0.279s] Level 1:colcon.colcon_core.package_identification:_identify(src) by extensions ['ignore', 'ignore_ament_install']
[0.279s] Level 1:colcon.colcon_core.package_identification:_identify(src) by extension 'ignore'
[0.279s] Level 1:colcon.colcon_core.package_identification:_identify(src) by extension 'ignore_ament_install'
[0.279s] Level 1:colcon.colcon_core.package_identification:_identify(src) by extensions ['colcon_pkg']
[0.279s] Level 1:colcon.colcon_core.package_identification:_identify(src) by extension 'colcon_pkg'
[0.279s] Level 1:colcon.colcon_core.package_identification:_identify(src) by extensions ['colcon_meta']
[0.279s] Level 1:colcon.colcon_core.package_identification:_identify(src) by extension 'colcon_meta'
[0.279s] Level 1:colcon.colcon_core.package_identification:_identify(src) by extensions ['ros']
[0.279s] Level 1:colcon.colcon_core.package_identification:_identify(src) by extension 'ros'
[0.279s] Level 1:colcon.colcon_core.package_identification:_identify(src) by extensions ['cmake', 'python']
[0.279s] Level 1:colcon.colcon_core.package_identification:_identify(src) by extension 'cmake'
[0.279s] Level 1:colcon.colcon_core.package_identification:_identify(src) by extension 'python'
[0.279s] Level 1:colcon.colcon_core.package_identification:_identify(src) by extensions ['python_setup_py']
[0.279s] Level 1:colcon.colcon_core.package_identification:_identify(src) by extension 'python_setup_py'
[0.279s] Level 1:colcon.colcon_core.package_identification:_identify(src/plan_env) by extensions ['ignore', 'ignore_ament_install']
[0.279s] Level 1:colcon.colcon_core.package_identification:_identify(src/plan_env) by extension 'ignore'
[0.279s] Level 1:colcon.colcon_core.package_identification:_identify(src/plan_env) by extension 'ignore_ament_install'
[0.279s] Level 1:colcon.colcon_core.package_identification:_identify(src/plan_env) by extensions ['colcon_pkg']
[0.279s] Level 1:colcon.colcon_core.package_identification:_identify(src/plan_env) by extension 'colcon_pkg'
[0.279s] Level 1:colcon.colcon_core.package_identification:_identify(src/plan_env) by extensions ['colcon_meta']
[0.279s] Level 1:colcon.colcon_core.package_identification:_identify(src/plan_env) by extension 'colcon_meta'
[0.279s] Level 1:colcon.colcon_core.package_identification:_identify(src/plan_env) by extensions ['ros']
[0.279s] Level 1:colcon.colcon_core.package_identification:_identify(src/plan_env) by extension 'ros'
[0.282s] DEBUG:colcon.colcon_core.package_identification:Package 'src/plan_env' with type 'ros.ament_cmake' and name 'plan_env'
[0.283s] Level 1:colcon.colcon_core.package_identification:_identify(src/px4_nmpc) by extensions ['ignore', 'ignore_ament_install']
[0.283s] Level 1:colcon.colcon_core.package_identification:_identify(src/px4_nmpc) by extension 'ignore'
[0.283s] Level 1:colcon.colcon_core.package_identification:_identify(src/px4_nmpc) by extension 'ignore_ament_install'
[0.283s] Level 1:colcon.colcon_core.package_identification:_identify(src/px4_nmpc) by extensions ['colcon_pkg']
[0.283s] Level 1:colcon.colcon_core.package_identification:_identify(src/px4_nmpc) by extension 'colcon_pkg'
[0.283s] Level 1:colcon.colcon_core.package_identification:_identify(src/px4_nmpc) by extensions ['colcon_meta']
[0.283s] Level 1:colcon.colcon_core.package_identification:_identify(src/px4_nmpc) by extension 'colcon_meta'
[0.283s] Level 1:colcon.colcon_core.package_identification:_identify(src/px4_nmpc) by extensions ['ros']
[0.283s] Level 1:colcon.colcon_core.package_identification:_identify(src/px4_nmpc) by extension 'ros'
[0.284s] DEBUG:colcon.colcon_core.package_identification:Package 'src/px4_nmpc' with type 'ros.ament_cmake' and name 'px4_nmpc'
[0.284s] Level 1:colcon.colcon_core.package_identification:_identify(src/px4_offboard_control) by extensions ['ignore', 'ignore_ament_install']
[0.284s] Level 1:colcon.colcon_core.package_identification:_identify(src/px4_offboard_control) by extension 'ignore'
[0.284s] Level 1:colcon.colcon_core.package_identification:_identify(src/px4_offboard_control) by extension 'ignore_ament_install'
[0.284s] Level 1:colcon.colcon_core.package_identification:_identify(src/px4_offboard_control) by extensions ['colcon_pkg']
[0.284s] Level 1:colcon.colcon_core.package_identification:_identify(src/px4_offboard_control) by extension 'colcon_pkg'
[0.284s] Level 1:colcon.colcon_core.package_identification:_identify(src/px4_offboard_control) by extensions ['colcon_meta']
[0.284s] Level 1:colcon.colcon_core.package_identification:_identify(src/px4_offboard_control) by extension 'colcon_meta'
[0.284s] Level 1:colcon.colcon_core.package_identification:_identify(src/px4_offboard_control) by extensions ['ros']
[0.284s] Level 1:colcon.colcon_core.package_identification:_identify(src/px4_offboard_control) by extension 'ros'
[0.284s] DEBUG:colcon.colcon_core.package_identification:Package 'src/px4_offboard_control' with type 'ros.ament_cmake' and name 'px4_offboard_control'
[0.285s] Level 1:colcon.colcon_core.package_identification:_identify(src/px4_payload_nmpc) by extensions ['ignore', 'ignore_ament_install']
[0.285s] Level 1:colcon.colcon_core.package_identification:_identify(src/px4_payload_nmpc) by extension 'ignore'
[0.285s] Level 1:colcon.colcon_core.package_identification:_identify(src/px4_payload_nmpc) by extension 'ignore_ament_install'
[0.285s] Level 1:colcon.colcon_core.package_identification:_identify(src/px4_payload_nmpc) by extensions ['colcon_pkg']
[0.285s] Level 1:colcon.colcon_core.package_identification:_identify(src/px4_payload_nmpc) by extension 'colcon_pkg'
[0.285s] Level 1:colcon.colcon_core.package_identification:_identify(src/px4_payload_nmpc) by extensions ['colcon_meta']
[0.285s] Level 1:colcon.colcon_core.package_identification:_identify(src/px4_payload_nmpc) by extension 'colcon_meta'
[0.285s] Level 1:colcon.colcon_core.package_identification:_identify(src/px4_payload_nmpc) by extensions ['ros']
[0.285s] Level 1:colcon.colcon_core.package_identification:_identify(src/px4_payload_nmpc) by extension 'ros'
[0.285s] DEBUG:colcon.colcon_core.package_identification:Package 'src/px4_payload_nmpc' with type 'ros.ament_cmake' and name 'px4_payload_nmpc'
[0.285s] Level 1:colcon.colcon_core.package_discovery:discover_packages(recursive) using defaults
[0.285s] Level 1:colcon.colcon_core.package_discovery:discover_packages(ignore) discover
[0.286s] Level 1:colcon.colcon_core.package_discovery:discover_packages(ignore) using defaults
[0.286s] Level 1:colcon.colcon_core.package_discovery:discover_packages(path) discover
[0.286s] Level 1:colcon.colcon_core.package_discovery:discover_packages(path) using defaults
[0.309s] INFO:colcon.colcon_core.package_selection:Skipping not selected package 'px4_offboard_control' in 'src/px4_offboard_control'
[0.310s] INFO:colcon.colcon_core.package_selection:Skipping not selected package 'px4_nmpc' in 'src/px4_nmpc'
[0.310s] INFO:colcon.colcon_core.package_selection:Skipping not selected package 'px4_payload_nmpc' in 'src/px4_payload_nmpc'
[0.310s] Level 1:colcon.colcon_core.package_discovery:discover_packages(prefix_path) check parameters
[0.310s] Level 1:colcon.colcon_core.package_discovery:discover_packages(prefix_path) discover
[0.312s] DEBUG:colcon.colcon_installed_package_information.package_discovery:Found 13 installed packages in /home/chen/ws_livox/install
[0.313s] DEBUG:colcon.colcon_installed_package_information.package_discovery:Found 305 installed packages in /opt/ros/humble
[0.314s] Level 1:colcon.colcon_core.package_discovery:discover_packages(prefix_path) using defaults
[0.340s] Level 5:colcon.colcon_core.verb:set package 'plan_env' build argument 'cmake_args' from command line to 'None'
[0.341s] Level 5:colcon.colcon_core.verb:set package 'plan_env' build argument 'cmake_target' from command line to 'None'
[0.341s] Level 5:colcon.colcon_core.verb:set package 'plan_env' build argument 'cmake_target_skip_unavailable' from command line to 'False'
[0.341s] Level 5:colcon.colcon_core.verb:set package 'plan_env' build argument 'cmake_clean_cache' from command line to 'False'
[0.341s] Level 5:colcon.colcon_core.verb:set package 'plan_env' build argument 'cmake_clean_first' from command line to 'False'
[0.341s] Level 5:colcon.colcon_core.verb:set package 'plan_env' build argument 'cmake_force_configure' from command line to 'False'
[0.341s] Level 5:colcon.colcon_core.verb:set package 'plan_env' build argument 'ament_cmake_args' from command line to 'None'
[0.341s] Level 5:colcon.colcon_core.verb:set package 'plan_env' build argument 'catkin_cmake_args' from command line to 'None'
[0.341s] Level 5:colcon.colcon_core.verb:set package 'plan_env' build argument 'catkin_skip_building_tests' from command line to 'False'
[0.341s] DEBUG:colcon.colcon_core.verb:Building package 'plan_env' with the following arguments: {'ament_cmake_args': None, 'build_base': '/home/chen/px4_ws/build/plan_env', 'catkin_cmake_args': None, 'catkin_skip_building_tests': False, 'cmake_args': None, 'cmake_clean_cache': False, 'cmake_clean_first': False, 'cmake_force_configure': False, 'cmake_target': None, 'cmake_target_skip_unavailable': False, 'install_base': '/home/chen/px4_ws/install/plan_env', 'merge_install': False, 'path': '/home/chen/px4_ws/src/plan_env', 'symlink_install': False, 'test_result_base': None}
[0.341s] INFO:colcon.colcon_core.executor:Executing jobs using 'parallel' executor
[0.342s] DEBUG:colcon.colcon_parallel_executor.executor.parallel:run_until_complete
[0.342s] INFO:colcon.colcon_ros.task.ament_cmake.build:Building ROS package in '/home/chen/px4_ws/src/plan_env' with build type 'ament_cmake'
[0.342s] INFO:colcon.colcon_cmake.task.cmake.build:Building CMake package in '/home/chen/px4_ws/src/plan_env'
[0.344s] INFO:colcon.colcon_core.plugin_system:Skipping extension 'colcon_core.shell.bat': Not used on non-Windows systems
[0.344s] INFO:colcon.colcon_core.shell:Skip shell extension 'powershell' for command environment: Not usable outside of PowerShell
[0.344s] DEBUG:colcon.colcon_core.shell:Skip shell extension 'dsv' for command environment
[0.352s] DEBUG:colcon.colcon_core.event_handler.log_command:Invoking command in '/home/chen/px4_ws/build/plan_env': CMAKE_PREFIX_PATH=${CMAKE_PREFIX_PATH}:/opt/ros/humble /usr/bin/cmake --build /home/chen/px4_ws/build/plan_env -- -j16 -l16
[0.688s] DEBUG:colcon.colcon_core.event_handler.log_command:Invoked command in '/home/chen/px4_ws/build/plan_env' returned '0': CMAKE_PREFIX_PATH=${CMAKE_PREFIX_PATH}:/opt/ros/humble /usr/bin/cmake --build /home/chen/px4_ws/build/plan_env -- -j16 -l16
[0.699s] DEBUG:colcon.colcon_core.event_handler.log_command:Invoking command in '/home/chen/px4_ws/build/plan_env': CMAKE_PREFIX_PATH=${CMAKE_PREFIX_PATH}:/opt/ros/humble /usr/bin/cmake --install /home/chen/px4_ws/build/plan_env
[0.750s] Level 1:colcon.colcon_core.environment:create_environment_scripts_only(plan_env)
[0.751s] DEBUG:colcon.colcon_core.event_handler.log_command:Invoked command in '/home/chen/px4_ws/build/plan_env' returned '0': CMAKE_PREFIX_PATH=${CMAKE_PREFIX_PATH}:/opt/ros/humble /usr/bin/cmake --install /home/chen/px4_ws/build/plan_env
[0.755s] Level 1:colcon.colcon_core.environment:checking '/home/chen/px4_ws/install/plan_env' for CMake module files
[0.756s] Level 1:colcon.colcon_core.environment:checking '/home/chen/px4_ws/install/plan_env' for CMake config files
[0.756s] Level 1:colcon.colcon_core.shell:create_environment_hook('plan_env', 'cmake_prefix_path')
[0.756s] INFO:colcon.colcon_core.shell:Creating environment hook '/home/chen/px4_ws/install/plan_env/share/plan_env/hook/cmake_prefix_path.ps1'
[0.757s] INFO:colcon.colcon_core.shell:Creating environment descriptor '/home/chen/px4_ws/install/plan_env/share/plan_env/hook/cmake_prefix_path.dsv'
[0.758s] INFO:colcon.colcon_core.shell:Creating environment hook '/home/chen/px4_ws/install/plan_env/share/plan_env/hook/cmake_prefix_path.sh'
[0.758s] Level 1:colcon.colcon_core.environment:checking '/home/chen/px4_ws/install/plan_env/lib'
[0.758s] Level 1:colcon.colcon_core.shell:create_environment_hook('plan_env', 'ld_library_path_lib')
[0.759s] INFO:colcon.colcon_core.shell:Creating environment hook '/home/chen/px4_ws/install/plan_env/share/plan_env/hook/ld_library_path_lib.ps1'
[0.759s] INFO:colcon.colcon_core.shell:Creating environment descriptor '/home/chen/px4_ws/install/plan_env/share/plan_env/hook/ld_library_path_lib.dsv'
[0.759s] INFO:colcon.colcon_core.shell:Creating environment hook '/home/chen/px4_ws/install/plan_env/share/plan_env/hook/ld_library_path_lib.sh'
[0.759s] Level 1:colcon.colcon_core.environment:checking '/home/chen/px4_ws/install/plan_env/bin'
[0.759s] Level 1:colcon.colcon_core.environment:checking '/home/chen/px4_ws/install/plan_env/lib/pkgconfig/plan_env.pc'
[0.759s] Level 1:colcon.colcon_core.environment:checking '/home/chen/px4_ws/install/plan_env/lib/python3.10/site-packages'
[0.760s] Level 1:colcon.colcon_core.environment:checking '/home/chen/px4_ws/install/plan_env/bin'
[0.760s] INFO:colcon.colcon_core.shell:Creating package script '/home/chen/px4_ws/install/plan_env/share/plan_env/package.ps1'
[0.760s] INFO:colcon.colcon_core.shell:Creating package descriptor '/home/chen/px4_ws/install/plan_env/share/plan_env/package.dsv'
[0.761s] INFO:colcon.colcon_core.shell:Creating package script '/home/chen/px4_ws/install/plan_env/share/plan_env/package.sh'
[0.761s] INFO:colcon.colcon_core.shell:Creating package script '/home/chen/px4_ws/install/plan_env/share/plan_env/package.bash'
[0.762s] INFO:colcon.colcon_core.shell:Creating package script '/home/chen/px4_ws/install/plan_env/share/plan_env/package.zsh'
[0.762s] Level 1:colcon.colcon_core.environment:create_file_with_runtime_dependencies(/home/chen/px4_ws/install/plan_env/share/colcon-core/packages/plan_env)
[0.763s] Level 1:colcon.colcon_core.environment:create_environment_scripts_only(plan_env)
[0.763s] Level 1:colcon.colcon_core.environment:checking '/home/chen/px4_ws/install/plan_env' for CMake module files
[0.763s] Level 1:colcon.colcon_core.environment:checking '/home/chen/px4_ws/install/plan_env' for CMake config files
[0.763s] Level 1:colcon.colcon_core.shell:create_environment_hook('plan_env', 'cmake_prefix_path')
[0.763s] INFO:colcon.colcon_core.shell:Creating environment hook '/home/chen/px4_ws/install/plan_env/share/plan_env/hook/cmake_prefix_path.ps1'
[0.764s] INFO:colcon.colcon_core.shell:Creating environment descriptor '/home/chen/px4_ws/install/plan_env/share/plan_env/hook/cmake_prefix_path.dsv'
[0.764s] INFO:colcon.colcon_core.shell:Creating environment hook '/home/chen/px4_ws/install/plan_env/share/plan_env/hook/cmake_prefix_path.sh'
[0.764s] Level 1:colcon.colcon_core.environment:checking '/home/chen/px4_ws/install/plan_env/lib'
[0.764s] Level 1:colcon.colcon_core.shell:create_environment_hook('plan_env', 'ld_library_path_lib')
[0.764s] INFO:colcon.colcon_core.shell:Creating environment hook '/home/chen/px4_ws/install/plan_env/share/plan_env/hook/ld_library_path_lib.ps1'
[0.764s] INFO:colcon.colcon_core.shell:Creating environment descriptor '/home/chen/px4_ws/install/plan_env/share/plan_env/hook/ld_library_path_lib.dsv'
[0.765s] INFO:colcon.colcon_core.shell:Creating environment hook '/home/chen/px4_ws/install/plan_env/share/plan_env/hook/ld_library_path_lib.sh'
[0.765s] Level 1:colcon.colcon_core.environment:checking '/home/chen/px4_ws/install/plan_env/bin'
[0.765s] Level 1:colcon.colcon_core.environment:checking '/home/chen/px4_ws/install/plan_env/lib/pkgconfig/plan_env.pc'
[0.765s] Level 1:colcon.colcon_core.environment:checking '/home/chen/px4_ws/install/plan_env/lib/python3.10/site-packages'
[0.765s] Level 1:colcon.colcon_core.environment:checking '/home/chen/px4_ws/install/plan_env/bin'
[0.765s] INFO:colcon.colcon_core.shell:Creating package script '/home/chen/px4_ws/install/plan_env/share/plan_env/package.ps1'
[0.766s] INFO:colcon.colcon_core.shell:Creating package descriptor '/home/chen/px4_ws/install/plan_env/share/plan_env/package.dsv'
[0.766s] INFO:colcon.colcon_core.shell:Creating package script '/home/chen/px4_ws/install/plan_env/share/plan_env/package.sh'
[0.766s] INFO:colcon.colcon_core.shell:Creating package script '/home/chen/px4_ws/install/plan_env/share/plan_env/package.bash'
[0.766s] INFO:colcon.colcon_core.shell:Creating package script '/home/chen/px4_ws/install/plan_env/share/plan_env/package.zsh'
[0.767s] Level 1:colcon.colcon_core.environment:create_file_with_runtime_dependencies(/home/chen/px4_ws/install/plan_env/share/colcon-core/packages/plan_env)
[0.767s] DEBUG:colcon.colcon_parallel_executor.executor.parallel:closing loop
[0.767s] DEBUG:colcon.colcon_parallel_executor.executor.parallel:loop closed
[0.767s] DEBUG:colcon.colcon_parallel_executor.executor.parallel:run_until_complete finished with '0'
[0.767s] DEBUG:colcon.colcon_core.event_reactor:joining thread
[0.775s] INFO:colcon.colcon_core.plugin_system:Skipping extension 'colcon_notification.desktop_notification.terminal_notifier': Not used on non-Darwin systems
[0.775s] INFO:colcon.colcon_core.plugin_system:Skipping extension 'colcon_notification.desktop_notification.win32': Not used on non-Windows systems
[0.775s] INFO:colcon.colcon_notification.desktop_notification:Sending desktop notification using 'notify2'
[0.788s] DEBUG:colcon.colcon_core.event_reactor:joined thread
[0.788s] INFO:colcon.colcon_core.shell:Creating prefix script '/home/chen/px4_ws/install/local_setup.ps1'
[0.789s] INFO:colcon.colcon_core.shell:Creating prefix util module '/home/chen/px4_ws/install/_local_setup_util_ps1.py'
[0.790s] INFO:colcon.colcon_core.shell:Creating prefix chain script '/home/chen/px4_ws/install/setup.ps1'
[0.791s] INFO:colcon.colcon_core.shell:Creating prefix script '/home/chen/px4_ws/install/local_setup.sh'
[0.791s] INFO:colcon.colcon_core.shell:Creating prefix util module '/home/chen/px4_ws/install/_local_setup_util_sh.py'
[0.792s] INFO:colcon.colcon_core.shell:Creating prefix chain script '/home/chen/px4_ws/install/setup.sh'
[0.793s] INFO:colcon.colcon_core.shell:Creating prefix script '/home/chen/px4_ws/install/local_setup.bash'
[0.794s] INFO:colcon.colcon_core.shell:Creating prefix chain script '/home/chen/px4_ws/install/setup.bash'
[0.796s] INFO:colcon.colcon_core.shell:Creating prefix script '/home/chen/px4_ws/install/local_setup.zsh'
[0.796s] INFO:colcon.colcon_core.shell:Creating prefix chain script '/home/chen/px4_ws/install/setup.zsh'
