[0.011s] Invoking command in '/home/chen/px4_ws/build/px4_payload_nmpc': CMAKE_PREFIX_PATH=${CMAKE_PREFIX_PATH}:/opt/ros/humble /usr/bin/cmake /home/chen/px4_ws/src/px4_payload_nmpc -DCMAKE_INSTALL_PREFIX=/home/chen/px4_ws/install/px4_payload_nmpc
[0.057s] -- The C compiler identification is GNU 11.4.0
[0.121s] -- The CXX compiler identification is GNU 11.4.0
[0.129s] -- Detecting C compiler ABI info
[0.192s] -- Detecting C compiler ABI info - done
[0.201s] -- Check for working C compiler: /usr/bin/cc - skipped
[0.201s] -- Detecting C compile features
[0.202s] -- Detecting C compile features - done
[0.205s] -- Detecting CXX compiler ABI info
[0.282s] -- Detecting CXX compiler ABI info - done
[0.291s] -- Check for working CXX compiler: /usr/bin/c++ - skipped
[0.292s] -- Detecting CXX compile features
[0.292s] -- Detecting CXX compile features - done
[0.296s] -- Found ament_cmake: 1.3.12 (/opt/ros/humble/share/ament_cmake/cmake)
[0.429s] -- Found Python3: /usr/bin/python3 (found version "3.10.12") found components: Interpreter 
[0.505s] -- Found rclcpp: 16.0.15 (/opt/ros/humble/share/rclcpp/cmake)
[0.546s] -- Found rosidl_generator_c: 3.1.7 (/opt/ros/humble/share/rosidl_generator_c/cmake)
[0.550s] -- Found rosidl_adapter: 3.1.7 (/opt/ros/humble/share/rosidl_adapter/cmake)
[0.557s] -- Found rosidl_generator_cpp: 3.1.7 (/opt/ros/humble/share/rosidl_generator_cpp/cmake)
[0.569s] -- Using all available rosidl_typesupport_c: rosidl_typesupport_fastrtps_c;rosidl_typesupport_introspection_c
[0.580s] -- Using all available rosidl_typesupport_cpp: rosidl_typesupport_fastrtps_cpp;rosidl_typesupport_introspection_cpp
[0.621s] -- Found rmw_implementation_cmake: 6.1.2 (/opt/ros/humble/share/rmw_implementation_cmake/cmake)
[0.624s] -- Found rmw_fastrtps_cpp: 6.2.8 (/opt/ros/humble/share/rmw_fastrtps_cpp/cmake)
[0.723s] -- Found OpenSSL: /usr/lib/x86_64-linux-gnu/libcrypto.so (found version "3.0.2")  
[0.750s] -- Found FastRTPS: /opt/ros/humble/include  
[0.785s] -- Using RMW implementation 'rmw_fastrtps_cpp' as default
[0.793s] -- Looking for pthread.h
[0.859s] -- Looking for pthread.h - found
[0.859s] -- Performing Test CMAKE_HAVE_LIBC_PTHREAD
[0.931s] -- Performing Test CMAKE_HAVE_LIBC_PTHREAD - Success
[0.932s] -- Found Threads: TRUE  
[0.981s] -- Found nav_msgs: 4.9.0 (/opt/ros/humble/share/nav_msgs/cmake)
[1.007s] -- Found mavros_msgs: 2.12.0 (/opt/ros/humble/share/mavros_msgs/cmake)
[1.061s] -- Found eigen3_cmake_module: 0.1.1 (/opt/ros/humble/share/eigen3_cmake_module/cmake)
[1.068s] [31mCMake Error at CMakeLists.txt:31 (find_package):
[1.068s]   By not providing "Findplan_env.cmake" in CMAKE_MODULE_PATH this project has
[1.068s]   asked CMake to find a package configuration file provided by "plan_env",
[1.068s]   but CMake did not find one.
[1.068s] 
[1.068s]   Could not find a package configuration file provided by "plan_env" with any
[1.068s]   of the following names:
[1.068s] 
[1.069s]     plan_envConfig.cmake
[1.069s]     plan_env-config.cmake
[1.069s] 
[1.069s]   Add the installation prefix of "plan_env" to CMAKE_PREFIX_PATH or set
[1.069s]   "plan_env_DIR" to a directory containing one of the above files.  If
[1.069s]   "plan_env" provides a separate development package or SDK, be sure it has
[1.069s]   been installed.
[1.069s] 
[1.069s] [0m
[1.069s] -- Configuring incomplete, errors occurred!
[1.069s] See also "/home/chen/px4_ws/build/px4_payload_nmpc/CMakeFiles/CMakeOutput.log".
[1.075s] Invoked command in '/home/chen/px4_ws/build/px4_payload_nmpc' returned '1': CMAKE_PREFIX_PATH=${CMAKE_PREFIX_PATH}:/opt/ros/humble /usr/bin/cmake /home/chen/px4_ws/src/px4_payload_nmpc -DCMAKE_INSTALL_PREFIX=/home/chen/px4_ws/install/px4_payload_nmpc
