[0.012s] Invoking command in '/home/chen/px4_ws/build/plan_env': CMAKE_PREFIX_PATH=${CMAKE_PREFIX_PATH}:/opt/ros/humble /usr/bin/cmake /home/chen/px4_ws/src/plan_env -DCMAKE_INSTALL_PREFIX=/home/chen/px4_ws/install/plan_env
[0.069s] -- The C compiler identification is GNU 11.4.0
[0.128s] -- The CXX compiler identification is GNU 11.4.0
[0.136s] -- Detecting C compiler ABI info
[0.201s] -- Detecting C compiler ABI info - done
[0.208s] -- Check for working C compiler: /usr/bin/cc - skipped
[0.208s] -- Detecting C compile features
[0.208s] -- Detecting C compile features - done
[0.211s] -- Detecting CXX compiler ABI info
[0.285s] -- Detecting CXX compiler ABI info - done
[0.295s] -- Check for working CXX compiler: /usr/bin/c++ - skipped
[0.295s] -- Detecting CXX compile features
[0.296s] -- Detecting CXX compile features - done
[0.299s] -- Found ament_cmake: 1.3.12 (/opt/ros/humble/share/ament_cmake/cmake)
[0.435s] -- Found Python3: /usr/bin/python3 (found version "3.10.12") found components: Interpreter 
[0.510s] -- Found rosidl_default_generators: 1.2.0 (/opt/ros/humble/share/rosidl_default_generators/cmake)
[0.514s] -- Using all available rosidl_typesupport_c: rosidl_typesupport_fastrtps_c;rosidl_typesupport_introspection_c
[0.522s] -- Found rosidl_adapter: 3.1.7 (/opt/ros/humble/share/rosidl_adapter/cmake)
[0.562s] -- Using all available rosidl_typesupport_cpp: rosidl_typesupport_fastrtps_cpp;rosidl_typesupport_introspection_cpp
[0.590s] -- Found rclcpp: 16.0.15 (/opt/ros/humble/share/rclcpp/cmake)
[0.628s] -- Found rmw_implementation_cmake: 6.1.2 (/opt/ros/humble/share/rmw_implementation_cmake/cmake)
[0.631s] -- Found rmw_fastrtps_cpp: 6.2.8 (/opt/ros/humble/share/rmw_fastrtps_cpp/cmake)
[0.730s] -- Found OpenSSL: /usr/lib/x86_64-linux-gnu/libcrypto.so (found version "3.0.2")  
[0.760s] -- Found FastRTPS: /opt/ros/humble/include  
[0.795s] -- Using RMW implementation 'rmw_fastrtps_cpp' as default
[0.801s] -- Looking for pthread.h
[0.867s] -- Looking for pthread.h - found
[0.867s] -- Performing Test CMAKE_HAVE_LIBC_PTHREAD
[0.940s] -- Performing Test CMAKE_HAVE_LIBC_PTHREAD - Success
[0.941s] -- Found Threads: TRUE  
[0.988s] -- Found sensor_msgs: 4.9.0 (/opt/ros/humble/share/sensor_msgs/cmake)
[1.014s] -- Found nav_msgs: 4.9.0 (/opt/ros/humble/share/nav_msgs/cmake)
[1.027s] -- Found visualization_msgs: 4.9.0 (/opt/ros/humble/share/visualization_msgs/cmake)
[1.044s] -- Found message_filters: 4.3.8 (/opt/ros/humble/share/message_filters/cmake)
[1.047s] -- Found cv_bridge: 3.2.1 (/opt/ros/humble/share/cv_bridge/cmake)
[1.057s] -- Found image_transport: 3.1.12 (/opt/ros/humble/share/image_transport/cmake)
[1.083s] -- Found pcl_conversions: 2.4.5 (/opt/ros/humble/share/pcl_conversions/cmake)
[1.112s] -- Checking for module 'eigen3'
[1.127s] --   Found eigen3, version 3.3.4
[1.158s] -- Found Eigen: /usr/include/eigen3 (Required is at least version "3.1") 
[1.158s] -- Eigen found (include: /usr/include/eigen3, version: 3.4.0)
[1.200s] -- Checking for module 'flann'
[1.215s] --   Found flann, version 1.9.1
[1.282s] -- Found FLANN: /usr/lib/x86_64-linux-gnu/libflann_cpp.so  
[1.282s] -- FLANN found (include: /usr/include, lib: /usr/lib/x86_64-linux-gnu/libflann_cpp.so)
[2.463s] -- Checking for module 'libusb-1.0'
[2.485s] --   Found libusb-1.0, version 1.0.25
[2.544s] -- Found libusb: /usr/lib/x86_64-linux-gnu/libusb-1.0.so  
[2.546s] -- OpenNI found (version: 1.5.4.0, include: /usr/include/ni, lib: /usr/lib/libOpenNI.so;libusb::libusb)
[2.635s] -- OpenNI2 found (version: 2.2.0.33, include: /usr/include/openni2, lib: /usr/lib/x86_64-linux-gnu/libOpenNI2.so;libusb::libusb)
[2.754s] -- Eigen found (include: /usr/include/eigen3, version: 3.4.0)
[2.761s] -- OpenNI found (version: 1.5.4.0, include: /usr/include/ni, lib: /usr/lib/libOpenNI.so;libusb::libusb)
[2.768s] -- OpenNI2 found (version: 2.2.0.33, include: /usr/include/openni2, lib: /usr/lib/x86_64-linux-gnu/libOpenNI2.so;libusb::libusb)
[2.896s] -- Found Qhull version 8.0.2
[3.023s] -- OpenNI found (version: 1.5.4.0, include: /usr/include/ni, lib: /usr/lib/libOpenNI.so;libusb::libusb)
[3.131s] -- Found PCL_COMMON: /usr/lib/x86_64-linux-gnu/libpcl_common.so  
[3.131s] -- Found PCL_KDTREE: /usr/lib/x86_64-linux-gnu/libpcl_kdtree.so  
[3.132s] -- Found PCL_OCTREE: /usr/lib/x86_64-linux-gnu/libpcl_octree.so  
[3.132s] -- Found PCL_SEARCH: /usr/lib/x86_64-linux-gnu/libpcl_search.so  
[3.133s] -- Found PCL_SAMPLE_CONSENSUS: /usr/lib/x86_64-linux-gnu/libpcl_sample_consensus.so  
[3.134s] -- Found PCL_FILTERS: /usr/lib/x86_64-linux-gnu/libpcl_filters.so  
[3.134s] -- Found PCL_2D: /usr/include/pcl-1.12  
[3.134s] -- Found PCL_GEOMETRY: /usr/include/pcl-1.12  
[3.135s] -- Found PCL_IO: /usr/lib/x86_64-linux-gnu/libpcl_io.so  
[3.135s] -- Found PCL_FEATURES: /usr/lib/x86_64-linux-gnu/libpcl_features.so  
[3.136s] -- Found PCL_ML: /usr/lib/x86_64-linux-gnu/libpcl_ml.so  
[3.137s] -- Found PCL_SEGMENTATION: /usr/lib/x86_64-linux-gnu/libpcl_segmentation.so  
[3.137s] -- Found PCL_VISUALIZATION: /usr/lib/x86_64-linux-gnu/libpcl_visualization.so  
[3.138s] -- Found PCL_SURFACE: /usr/lib/x86_64-linux-gnu/libpcl_surface.so  
[3.139s] -- Found PCL_REGISTRATION: /usr/lib/x86_64-linux-gnu/libpcl_registration.so  
[3.139s] -- Found PCL_KEYPOINTS: /usr/lib/x86_64-linux-gnu/libpcl_keypoints.so  
[3.140s] -- Found PCL_TRACKING: /usr/lib/x86_64-linux-gnu/libpcl_tracking.so  
[3.141s] -- Found PCL_RECOGNITION: /usr/lib/x86_64-linux-gnu/libpcl_recognition.so  
[3.141s] -- Found PCL_STEREO: /usr/lib/x86_64-linux-gnu/libpcl_stereo.so  
[3.142s] -- Found PCL_APPS: /usr/lib/x86_64-linux-gnu/libpcl_apps.so  
[3.142s] -- Found PCL_IN_HAND_SCANNER: /usr/include/pcl-1.12  
[3.143s] -- Found PCL_MODELER: /usr/include/pcl-1.12  
[3.143s] -- Found PCL_POINT_CLOUD_EDITOR: /usr/include/pcl-1.12  
[3.143s] -- Found PCL_OUTOFCORE: /usr/lib/x86_64-linux-gnu/libpcl_outofcore.so  
[3.144s] -- Found PCL_PEOPLE: /usr/lib/x86_64-linux-gnu/libpcl_people.so  
[3.155s] -- Found pcl_ros: 2.4.5 (/opt/ros/humble/share/pcl_ros/cmake)
[3.177s] -- Found eigen3_cmake_module: 0.1.1 (/opt/ros/humble/share/eigen3_cmake_module/cmake)
[3.178s] -- Found Eigen3: TRUE (found version "3.3.4") 
[3.178s] -- Ensuring Eigen3 include directory is part of orocos-kdl CMake target
[3.255s] -- Found OpenCV: /usr (found version "4.5.4") 
[3.255s] [33mCMake Warning (dev) at CMakeLists.txt:35 (find_package):
[3.255s]   Policy CMP0074 is not set: find_package uses <PackageName>_ROOT variables.
[3.255s]   Run "cmake --help-policy CMP0074" for policy details.  Use the cmake_policy
[3.255s]   command to set the policy and suppress this warning.
[3.255s] 
[3.255s]   CMake variable PCL_ROOT is set to:
[3.255s] 
[3.255s]     /usr
[3.255s] 
[3.256s]   For compatibility, CMake is ignoring the variable.
[3.256s] This warning is for project developers.  Use -Wno-dev to suppress it.
[3.256s] [0m
[3.488s] -- Found ament_cmake_ros: 0.10.0 (/opt/ros/humble/share/ament_cmake_ros/cmake)
[3.662s] -- Using all available rosidl_typesupport_c: rosidl_typesupport_fastrtps_c;rosidl_typesupport_introspection_c
[3.933s] -- Using all available rosidl_typesupport_cpp: rosidl_typesupport_fastrtps_cpp;rosidl_typesupport_introspection_cpp
[3.970s] -- Found PythonInterp: /usr/bin/python3 (found suitable version "3.10.12", minimum required is "3.6") 
[3.974s] -- Found python_cmake_module: 0.10.0 (/opt/ros/humble/share/python_cmake_module/cmake)
[4.002s] -- Found PythonLibs: /usr/lib/x86_64-linux-gnu/libpython3.10.so (found suitable version "3.10.12", minimum required is "3.5") 
[4.002s] -- Using PYTHON_EXECUTABLE: /usr/bin/python3
[4.002s] -- Using PYTHON_INCLUDE_DIRS: /usr/include/python3.10
[4.002s] -- Using PYTHON_LIBRARIES: /usr/lib/x86_64-linux-gnu/libpython3.10.so
[4.029s] -- Found PythonExtra: .so  
[4.095s] -- Found ament_lint_auto: 0.12.14 (/opt/ros/humble/share/ament_lint_auto/cmake)
[4.113s] -- Added test 'copyright' to check source files copyright and LICENSE
[4.114s] -- Added test 'cppcheck' to perform static code analysis on C / C++ code
[4.115s] -- Configured cppcheck include dirs: /home/chen/px4_ws/src/plan_env/include
[4.116s] -- Configured cppcheck exclude dirs and/or files: 
[4.116s] -- Added test 'cpplint' to check C / C++ code against the Google style
[4.117s] -- Configured cpplint exclude dirs and/or files: 
[4.117s] -- Added test 'flake8' to check Python code syntax and style conventions
[4.117s] -- Added test 'lint_cmake' to check CMake code style
[4.118s] -- Added test 'pep257' to check Python code against some of the docstring style conventions in PEP 257
[4.119s] -- Added test 'uncrustify' to check C / C++ code style
[4.119s] -- Configured uncrustify additional arguments: 
[4.119s] -- Added test 'xmllint' to check XML markup files
[4.121s] -- Configuring done
[4.202s] -- Generating done
[4.220s] -- Build files have been written to: /home/chen/px4_ws/build/plan_env
