[100%] Built target offboard_control
-- Install configuration: ""
-- Up-to-date: /home/chen/px4_ws/install/px4_offboard_control/lib/px4_offboard_control/offboard_control
-- Up-to-date: /home/chen/px4_ws/install/px4_offboard_control/share/px4_offboard_control//launch
-- Up-to-date: /home/chen/px4_ws/install/px4_offboard_control/share/px4_offboard_control//launch/offboard_control.launch.py
-- Up-to-date: /home/chen/px4_ws/install/px4_offboard_control/share/px4_offboard_control//config
-- Up-to-date: /home/chen/px4_ws/install/px4_offboard_control/share/px4_offboard_control//config/px4_pluginlists.yaml
-- Up-to-date: /home/chen/px4_ws/install/px4_offboard_control/share/ament_index/resource_index/package_run_dependencies/px4_offboard_control
-- Up-to-date: /home/chen/px4_ws/install/px4_offboard_control/share/ament_index/resource_index/parent_prefix_path/px4_offboard_control
-- Up-to-date: /home/chen/px4_ws/install/px4_offboard_control/share/px4_offboard_control/environment/ament_prefix_path.sh
-- Up-to-date: /home/chen/px4_ws/install/px4_offboard_control/share/px4_offboard_control/environment/ament_prefix_path.dsv
-- Up-to-date: /home/chen/px4_ws/install/px4_offboard_control/share/px4_offboard_control/environment/path.sh
-- Up-to-date: /home/chen/px4_ws/install/px4_offboard_control/share/px4_offboard_control/environment/path.dsv
-- Up-to-date: /home/chen/px4_ws/install/px4_offboard_control/share/px4_offboard_control/local_setup.bash
-- Up-to-date: /home/chen/px4_ws/install/px4_offboard_control/share/px4_offboard_control/local_setup.sh
-- Up-to-date: /home/chen/px4_ws/install/px4_offboard_control/share/px4_offboard_control/local_setup.zsh
-- Up-to-date: /home/chen/px4_ws/install/px4_offboard_control/share/px4_offboard_control/local_setup.dsv
-- Installing: /home/chen/px4_ws/install/px4_offboard_control/share/px4_offboard_control/package.dsv
-- Up-to-date: /home/chen/px4_ws/install/px4_offboard_control/share/ament_index/resource_index/packages/px4_offboard_control
-- Up-to-date: /home/chen/px4_ws/install/px4_offboard_control/share/px4_offboard_control/cmake/px4_offboard_controlConfig.cmake
-- Up-to-date: /home/chen/px4_ws/install/px4_offboard_control/share/px4_offboard_control/cmake/px4_offboard_controlConfig-version.cmake
-- Up-to-date: /home/chen/px4_ws/install/px4_offboard_control/share/px4_offboard_control/package.xml
