[0.013s] Invoking command in '/home/chen/px4_ws/build/px4_payload_nmpc': AMENT_PREFIX_PATH=/home/chen/px4_ws/install/plan_env:${AMENT_PREFIX_PATH} CMAKE_PREFIX_PATH=/home/chen/px4_ws/install/plan_env:/home/chen/ws_livox/install/vrpn_relative_pose:/home/chen/ws_livox/install/vrpn_listener:/home/chen/ws_livox/install/vins_fusion_ros2:/home/chen/ws_livox/install/tf:/home/chen/ws_livox/install/realsense2_description:/home/chen/ws_livox/install/realsense2_camera:/home/chen/ws_livox/install/realsense2_camera_msgs:/home/chen/ws_livox/install/pose_send:/home/chen/ws_livox/install/point_cloud_filter:/home/chen/ws_livox/install/orbslam3:/home/chen/ws_livox/install/offboard_test:/home/chen/ws_livox/install/fast_lio:/home/chen/ws_livox/install/livox_ros_driver2:/home/chen/ws_livox/install/cluster_detection:/opt/ros/humble LD_LIBRARY_PATH=/home/chen/px4_ws/install/plan_env/lib:${LD_LIBRARY_PATH} PYTHONPATH=/home/chen/px4_ws/install/plan_env/local/lib/python3.10/dist-packages:${PYTHONPATH} /usr/bin/cmake --build /home/chen/px4_ws/build/px4_payload_nmpc -- -j16 -l16
[0.104s] [ 33%] Built target payload_odom_from_vrpn
[0.107s] [ 66%] Built target esdf_map_reader_payload
[0.149s] [ 83%] [32mBuilding CXX object CMakeFiles/nmpc_controller.dir/src/nmpc_controller.cpp.o[0m
[2.592s] [01m[K/home/chen/px4_ws/src/px4_payload_nmpc/src/nmpc_controller.cpp:[m[K In member function ‘[01m[Kbool NMPCController::solveNMPC()[m[K’:
[2.592s] [01m[K/home/chen/px4_ws/src/px4_payload_nmpc/src/nmpc_controller.cpp:548:24:[m[K [01;35m[Kwarning: [m[Kvariable ‘[01m[Kp[m[K’ set but not used [[01;35m[K]8;;https://gcc.gnu.org/onlinedocs/gcc/Warning-Options.html#index-Wunused-but-set-variable-Wunused-but-set-variable]8;;[m[K]
[2.592s]   548 |                 double [01;35m[Kp[m[K[14];
[2.592s]       |                        [01;35m[K^[m[K
[13.685s] [100%] [32m[1mLinking CXX executable nmpc_controller[0m
[15.257s] [100%] Built target nmpc_controller
[15.273s] Invoked command in '/home/chen/px4_ws/build/px4_payload_nmpc' returned '0': AMENT_PREFIX_PATH=/home/chen/px4_ws/install/plan_env:${AMENT_PREFIX_PATH} CMAKE_PREFIX_PATH=/home/chen/px4_ws/install/plan_env:/home/chen/ws_livox/install/vrpn_relative_pose:/home/chen/ws_livox/install/vrpn_listener:/home/chen/ws_livox/install/vins_fusion_ros2:/home/chen/ws_livox/install/tf:/home/chen/ws_livox/install/realsense2_description:/home/chen/ws_livox/install/realsense2_camera:/home/chen/ws_livox/install/realsense2_camera_msgs:/home/chen/ws_livox/install/pose_send:/home/chen/ws_livox/install/point_cloud_filter:/home/chen/ws_livox/install/orbslam3:/home/chen/ws_livox/install/offboard_test:/home/chen/ws_livox/install/fast_lio:/home/chen/ws_livox/install/livox_ros_driver2:/home/chen/ws_livox/install/cluster_detection:/opt/ros/humble LD_LIBRARY_PATH=/home/chen/px4_ws/install/plan_env/lib:${LD_LIBRARY_PATH} PYTHONPATH=/home/chen/px4_ws/install/plan_env/local/lib/python3.10/dist-packages:${PYTHONPATH} /usr/bin/cmake --build /home/chen/px4_ws/build/px4_payload_nmpc -- -j16 -l16
[15.291s] Invoking command in '/home/chen/px4_ws/build/px4_payload_nmpc': AMENT_PREFIX_PATH=/home/chen/px4_ws/install/plan_env:${AMENT_PREFIX_PATH} CMAKE_PREFIX_PATH=/home/chen/px4_ws/install/plan_env:/home/chen/ws_livox/install/vrpn_relative_pose:/home/chen/ws_livox/install/vrpn_listener:/home/chen/ws_livox/install/vins_fusion_ros2:/home/chen/ws_livox/install/tf:/home/chen/ws_livox/install/realsense2_description:/home/chen/ws_livox/install/realsense2_camera:/home/chen/ws_livox/install/realsense2_camera_msgs:/home/chen/ws_livox/install/pose_send:/home/chen/ws_livox/install/point_cloud_filter:/home/chen/ws_livox/install/orbslam3:/home/chen/ws_livox/install/offboard_test:/home/chen/ws_livox/install/fast_lio:/home/chen/ws_livox/install/livox_ros_driver2:/home/chen/ws_livox/install/cluster_detection:/opt/ros/humble LD_LIBRARY_PATH=/home/chen/px4_ws/install/plan_env/lib:${LD_LIBRARY_PATH} PYTHONPATH=/home/chen/px4_ws/install/plan_env/local/lib/python3.10/dist-packages:${PYTHONPATH} /usr/bin/cmake --install /home/chen/px4_ws/build/px4_payload_nmpc
[15.302s] -- Install configuration: ""
[15.303s] -- Up-to-date: /home/chen/px4_ws/install/px4_payload_nmpc/lib/libesdf_map_reader_payload.so
[15.304s] -- Up-to-date: /home/chen/px4_ws/install/px4_payload_nmpc/lib/px4_payload_nmpc/payload_odom_from_vrpn
[15.305s] -- Installing: /home/chen/px4_ws/install/px4_payload_nmpc/lib/px4_payload_nmpc/nmpc_controller
[15.314s] -- Set runtime path of "/home/chen/px4_ws/install/px4_payload_nmpc/lib/px4_payload_nmpc/nmpc_controller" to ""
[15.314s] -- Up-to-date: /home/chen/px4_ws/install/px4_payload_nmpc/include
[15.315s] -- Up-to-date: /home/chen/px4_ws/install/px4_payload_nmpc/include/px4_payload_nmpc
[15.315s] -- Up-to-date: /home/chen/px4_ws/install/px4_payload_nmpc/include/px4_payload_nmpc/esdf_map_reader.h
[15.315s] -- Installing: /home/chen/px4_ws/install/px4_payload_nmpc/lib/libacados_ocp_solver_px4_payload_model.so
[15.315s] -- Up-to-date: /home/chen/px4_ws/install/px4_payload_nmpc/share/px4_payload_nmpc/launch
[15.315s] -- Installing: /home/chen/px4_ws/install/px4_payload_nmpc/share/px4_payload_nmpc/launch/nmpc_controller.launch.py
[15.315s] -- Up-to-date: /home/chen/px4_ws/install/px4_payload_nmpc/share/ament_index/resource_index/package_run_dependencies/px4_payload_nmpc
[15.315s] -- Up-to-date: /home/chen/px4_ws/install/px4_payload_nmpc/share/ament_index/resource_index/parent_prefix_path/px4_payload_nmpc
[15.315s] -- Up-to-date: /home/chen/px4_ws/install/px4_payload_nmpc/share/px4_payload_nmpc/environment/ament_prefix_path.sh
[15.315s] -- Up-to-date: /home/chen/px4_ws/install/px4_payload_nmpc/share/px4_payload_nmpc/environment/ament_prefix_path.dsv
[15.316s] -- Up-to-date: /home/chen/px4_ws/install/px4_payload_nmpc/share/px4_payload_nmpc/environment/path.sh
[15.316s] -- Up-to-date: /home/chen/px4_ws/install/px4_payload_nmpc/share/px4_payload_nmpc/environment/path.dsv
[15.316s] -- Up-to-date: /home/chen/px4_ws/install/px4_payload_nmpc/share/px4_payload_nmpc/local_setup.bash
[15.317s] -- Up-to-date: /home/chen/px4_ws/install/px4_payload_nmpc/share/px4_payload_nmpc/local_setup.sh
[15.318s] -- Up-to-date: /home/chen/px4_ws/install/px4_payload_nmpc/share/px4_payload_nmpc/local_setup.zsh
[15.318s] -- Up-to-date: /home/chen/px4_ws/install/px4_payload_nmpc/share/px4_payload_nmpc/local_setup.dsv
[15.318s] -- Up-to-date: /home/chen/px4_ws/install/px4_payload_nmpc/share/px4_payload_nmpc/package.dsv
[15.319s] -- Up-to-date: /home/chen/px4_ws/install/px4_payload_nmpc/share/ament_index/resource_index/packages/px4_payload_nmpc
[15.319s] -- Up-to-date: /home/chen/px4_ws/install/px4_payload_nmpc/share/px4_payload_nmpc/cmake/px4_payload_nmpcConfig.cmake
[15.319s] -- Up-to-date: /home/chen/px4_ws/install/px4_payload_nmpc/share/px4_payload_nmpc/cmake/px4_payload_nmpcConfig-version.cmake
[15.319s] -- Up-to-date: /home/chen/px4_ws/install/px4_payload_nmpc/share/px4_payload_nmpc/package.xml
[15.320s] Invoked command in '/home/chen/px4_ws/build/px4_payload_nmpc' returned '0': AMENT_PREFIX_PATH=/home/chen/px4_ws/install/plan_env:${AMENT_PREFIX_PATH} CMAKE_PREFIX_PATH=/home/chen/px4_ws/install/plan_env:/home/chen/ws_livox/install/vrpn_relative_pose:/home/chen/ws_livox/install/vrpn_listener:/home/chen/ws_livox/install/vins_fusion_ros2:/home/chen/ws_livox/install/tf:/home/chen/ws_livox/install/realsense2_description:/home/chen/ws_livox/install/realsense2_camera:/home/chen/ws_livox/install/realsense2_camera_msgs:/home/chen/ws_livox/install/pose_send:/home/chen/ws_livox/install/point_cloud_filter:/home/chen/ws_livox/install/orbslam3:/home/chen/ws_livox/install/offboard_test:/home/chen/ws_livox/install/fast_lio:/home/chen/ws_livox/install/livox_ros_driver2:/home/chen/ws_livox/install/cluster_detection:/opt/ros/humble LD_LIBRARY_PATH=/home/chen/px4_ws/install/plan_env/lib:${LD_LIBRARY_PATH} PYTHONPATH=/home/chen/px4_ws/install/plan_env/local/lib/python3.10/dist-packages:${PYTHONPATH} /usr/bin/cmake --install /home/chen/px4_ws/build/px4_payload_nmpc
