[0.016s] Invoking command in '/home/chen/px4_ws/build/px4_payload_nmpc': CMAKE_PREFIX_PATH=/home/chen/px4_ws/install/plan_env:/home/chen/px4_ws/install/px4_payload_nmpc:/home/chen/px4_ws/install/px4_offboard_control:/home/chen/px4_ws/install/px4_nmpc:/home/chen/ws_livox/install/vrpn_relative_pose:/home/chen/ws_livox/install/vrpn_listener:/home/chen/ws_livox/install/vins_fusion_ros2:/home/chen/ws_livox/install/tf:/home/chen/ws_livox/install/realsense2_description:/home/chen/ws_livox/install/realsense2_camera:/home/chen/ws_livox/install/realsense2_camera_msgs:/home/chen/ws_livox/install/pose_send:/home/chen/ws_livox/install/point_cloud_filter:/home/chen/ws_livox/install/orbslam3:/home/chen/ws_livox/install/offboard_test:/home/chen/ws_livox/install/fast_lio:/home/chen/ws_livox/install/livox_ros_driver2:/home/chen/ws_livox/install/cluster_detection:/opt/ros/humble LD_LIBRARY_PATH=/home/chen/px4_ws/install/plan_env/lib:/home/chen/px4_ws/install/px4_payload_nmpc/lib:/home/chen/px4_ws/install/px4_nmpc/lib:/home/chen/ws_livox/install/realsense2_camera/lib:/home/chen/ws_livox/install/realsense2_camera_msgs/lib:/home/chen/ws_livox/install/fast_lio/lib:/home/chen/ws_livox/install/livox_ros_driver2/lib:/usr/lib/x86_64-linux-gnu/gazebo-11/plugins:/opt/ros/humble/opt/rviz_ogre_vendor/lib:/opt/ros/humble/lib/x86_64-linux-gnu:/opt/ros/humble/lib:/home/chen/acados/lib /usr/bin/cmake --build /home/chen/px4_ws/build/px4_payload_nmpc -- -j16 -l16
[0.076s] [ 33%] Built target payload_odom_from_vrpn
[0.081s] [ 66%] Built target esdf_map_reader_payload
[0.095s] [35m[1mConsolidate compiler generated dependencies of target nmpc_controller[0m
[0.115s] [ 83%] [32mBuilding CXX object CMakeFiles/nmpc_controller.dir/src/nmpc_controller.cpp.o[0m
[2.911s] [01m[K/home/chen/px4_ws/src/px4_payload_nmpc/src/nmpc_controller.cpp:[m[K In member function ‘[01m[Kbool NMPCController::solveNMPC()[m[K’:
[2.911s] [01m[K/home/chen/px4_ws/src/px4_payload_nmpc/src/nmpc_controller.cpp:548:24:[m[K [01;35m[Kwarning: [m[Kvariable ‘[01m[Kp[m[K’ set but not used [[01;35m[K]8;;https://gcc.gnu.org/onlinedocs/gcc/Warning-Options.html#index-Wunused-but-set-variable-Wunused-but-set-variable]8;;[m[K]
[2.911s]   548 |                 double [01;35m[Kp[m[K[14];
[2.911s]       |                        [01;35m[K^[m[K
[2.912s] [01m[K/home/chen/px4_ws/src/px4_payload_nmpc/src/nmpc_controller.cpp:652:28:[m[K [01;35m[Kwarning: [m[Kvariable ‘[01m[Kp[m[K’ set but not used [[01;35m[K]8;;https://gcc.gnu.org/onlinedocs/gcc/Warning-Options.html#index-Wunused-but-set-variable-Wunused-but-set-variable]8;;[m[K]
[2.913s]   652 |                     double [01;35m[Kp[m[K[14];
[2.913s]       |                            [01;35m[K^[m[K
[14.611s] [100%] [32m[1mLinking CXX executable nmpc_controller[0m
[16.442s] [100%] Built target nmpc_controller
[16.453s] Invoked command in '/home/chen/px4_ws/build/px4_payload_nmpc' returned '0': CMAKE_PREFIX_PATH=/home/chen/px4_ws/install/plan_env:/home/chen/px4_ws/install/px4_payload_nmpc:/home/chen/px4_ws/install/px4_offboard_control:/home/chen/px4_ws/install/px4_nmpc:/home/chen/ws_livox/install/vrpn_relative_pose:/home/chen/ws_livox/install/vrpn_listener:/home/chen/ws_livox/install/vins_fusion_ros2:/home/chen/ws_livox/install/tf:/home/chen/ws_livox/install/realsense2_description:/home/chen/ws_livox/install/realsense2_camera:/home/chen/ws_livox/install/realsense2_camera_msgs:/home/chen/ws_livox/install/pose_send:/home/chen/ws_livox/install/point_cloud_filter:/home/chen/ws_livox/install/orbslam3:/home/chen/ws_livox/install/offboard_test:/home/chen/ws_livox/install/fast_lio:/home/chen/ws_livox/install/livox_ros_driver2:/home/chen/ws_livox/install/cluster_detection:/opt/ros/humble LD_LIBRARY_PATH=/home/chen/px4_ws/install/plan_env/lib:/home/chen/px4_ws/install/px4_payload_nmpc/lib:/home/chen/px4_ws/install/px4_nmpc/lib:/home/chen/ws_livox/install/realsense2_camera/lib:/home/chen/ws_livox/install/realsense2_camera_msgs/lib:/home/chen/ws_livox/install/fast_lio/lib:/home/chen/ws_livox/install/livox_ros_driver2/lib:/usr/lib/x86_64-linux-gnu/gazebo-11/plugins:/opt/ros/humble/opt/rviz_ogre_vendor/lib:/opt/ros/humble/lib/x86_64-linux-gnu:/opt/ros/humble/lib:/home/chen/acados/lib /usr/bin/cmake --build /home/chen/px4_ws/build/px4_payload_nmpc -- -j16 -l16
[16.454s] Invoking command in '/home/chen/px4_ws/build/px4_payload_nmpc': CMAKE_PREFIX_PATH=/home/chen/px4_ws/install/plan_env:/home/chen/px4_ws/install/px4_payload_nmpc:/home/chen/px4_ws/install/px4_offboard_control:/home/chen/px4_ws/install/px4_nmpc:/home/chen/ws_livox/install/vrpn_relative_pose:/home/chen/ws_livox/install/vrpn_listener:/home/chen/ws_livox/install/vins_fusion_ros2:/home/chen/ws_livox/install/tf:/home/chen/ws_livox/install/realsense2_description:/home/chen/ws_livox/install/realsense2_camera:/home/chen/ws_livox/install/realsense2_camera_msgs:/home/chen/ws_livox/install/pose_send:/home/chen/ws_livox/install/point_cloud_filter:/home/chen/ws_livox/install/orbslam3:/home/chen/ws_livox/install/offboard_test:/home/chen/ws_livox/install/fast_lio:/home/chen/ws_livox/install/livox_ros_driver2:/home/chen/ws_livox/install/cluster_detection:/opt/ros/humble LD_LIBRARY_PATH=/home/chen/px4_ws/install/plan_env/lib:/home/chen/px4_ws/install/px4_payload_nmpc/lib:/home/chen/px4_ws/install/px4_nmpc/lib:/home/chen/ws_livox/install/realsense2_camera/lib:/home/chen/ws_livox/install/realsense2_camera_msgs/lib:/home/chen/ws_livox/install/fast_lio/lib:/home/chen/ws_livox/install/livox_ros_driver2/lib:/usr/lib/x86_64-linux-gnu/gazebo-11/plugins:/opt/ros/humble/opt/rviz_ogre_vendor/lib:/opt/ros/humble/lib/x86_64-linux-gnu:/opt/ros/humble/lib:/home/chen/acados/lib /usr/bin/cmake --install /home/chen/px4_ws/build/px4_payload_nmpc
[16.461s] -- Install configuration: ""
[16.461s] -- Up-to-date: /home/chen/px4_ws/install/px4_payload_nmpc/lib/libesdf_map_reader_payload.so
[16.462s] -- Up-to-date: /home/chen/px4_ws/install/px4_payload_nmpc/lib/px4_payload_nmpc/payload_odom_from_vrpn
[16.462s] -- Installing: /home/chen/px4_ws/install/px4_payload_nmpc/lib/px4_payload_nmpc/nmpc_controller
[16.476s] -- Set runtime path of "/home/chen/px4_ws/install/px4_payload_nmpc/lib/px4_payload_nmpc/nmpc_controller" to ""
[16.476s] -- Up-to-date: /home/chen/px4_ws/install/px4_payload_nmpc/include
[16.476s] -- Up-to-date: /home/chen/px4_ws/install/px4_payload_nmpc/include/px4_payload_nmpc
[16.476s] -- Up-to-date: /home/chen/px4_ws/install/px4_payload_nmpc/include/px4_payload_nmpc/esdf_map_reader.h
[16.476s] -- Up-to-date: /home/chen/px4_ws/install/px4_payload_nmpc/lib/libacados_ocp_solver_px4_payload_model.so
[16.476s] -- Up-to-date: /home/chen/px4_ws/install/px4_payload_nmpc/share/px4_payload_nmpc/launch
[16.476s] -- Up-to-date: /home/chen/px4_ws/install/px4_payload_nmpc/share/px4_payload_nmpc/launch/nmpc_controller.launch.py
[16.476s] -- Up-to-date: /home/chen/px4_ws/install/px4_payload_nmpc/share/ament_index/resource_index/package_run_dependencies/px4_payload_nmpc
[16.476s] -- Up-to-date: /home/chen/px4_ws/install/px4_payload_nmpc/share/ament_index/resource_index/parent_prefix_path/px4_payload_nmpc
[16.476s] -- Up-to-date: /home/chen/px4_ws/install/px4_payload_nmpc/share/px4_payload_nmpc/environment/ament_prefix_path.sh
[16.477s] -- Up-to-date: /home/chen/px4_ws/install/px4_payload_nmpc/share/px4_payload_nmpc/environment/ament_prefix_path.dsv
[16.477s] -- Up-to-date: /home/chen/px4_ws/install/px4_payload_nmpc/share/px4_payload_nmpc/environment/path.sh
[16.477s] -- Up-to-date: /home/chen/px4_ws/install/px4_payload_nmpc/share/px4_payload_nmpc/environment/path.dsv
[16.477s] -- Up-to-date: /home/chen/px4_ws/install/px4_payload_nmpc/share/px4_payload_nmpc/local_setup.bash
[16.477s] -- Up-to-date: /home/chen/px4_ws/install/px4_payload_nmpc/share/px4_payload_nmpc/local_setup.sh
[16.477s] -- Up-to-date: /home/chen/px4_ws/install/px4_payload_nmpc/share/px4_payload_nmpc/local_setup.zsh
[16.477s] -- Up-to-date: /home/chen/px4_ws/install/px4_payload_nmpc/share/px4_payload_nmpc/local_setup.dsv
[16.477s] -- Installing: /home/chen/px4_ws/install/px4_payload_nmpc/share/px4_payload_nmpc/package.dsv
[16.477s] -- Up-to-date: /home/chen/px4_ws/install/px4_payload_nmpc/share/ament_index/resource_index/packages/px4_payload_nmpc
[16.477s] -- Up-to-date: /home/chen/px4_ws/install/px4_payload_nmpc/share/px4_payload_nmpc/cmake/px4_payload_nmpcConfig.cmake
[16.477s] -- Up-to-date: /home/chen/px4_ws/install/px4_payload_nmpc/share/px4_payload_nmpc/cmake/px4_payload_nmpcConfig-version.cmake
[16.477s] -- Up-to-date: /home/chen/px4_ws/install/px4_payload_nmpc/share/px4_payload_nmpc/package.xml
[16.479s] Invoked command in '/home/chen/px4_ws/build/px4_payload_nmpc' returned '0': CMAKE_PREFIX_PATH=/home/chen/px4_ws/install/plan_env:/home/chen/px4_ws/install/px4_payload_nmpc:/home/chen/px4_ws/install/px4_offboard_control:/home/chen/px4_ws/install/px4_nmpc:/home/chen/ws_livox/install/vrpn_relative_pose:/home/chen/ws_livox/install/vrpn_listener:/home/chen/ws_livox/install/vins_fusion_ros2:/home/chen/ws_livox/install/tf:/home/chen/ws_livox/install/realsense2_description:/home/chen/ws_livox/install/realsense2_camera:/home/chen/ws_livox/install/realsense2_camera_msgs:/home/chen/ws_livox/install/pose_send:/home/chen/ws_livox/install/point_cloud_filter:/home/chen/ws_livox/install/orbslam3:/home/chen/ws_livox/install/offboard_test:/home/chen/ws_livox/install/fast_lio:/home/chen/ws_livox/install/livox_ros_driver2:/home/chen/ws_livox/install/cluster_detection:/opt/ros/humble LD_LIBRARY_PATH=/home/chen/px4_ws/install/plan_env/lib:/home/chen/px4_ws/install/px4_payload_nmpc/lib:/home/chen/px4_ws/install/px4_nmpc/lib:/home/chen/ws_livox/install/realsense2_camera/lib:/home/chen/ws_livox/install/realsense2_camera_msgs/lib:/home/chen/ws_livox/install/fast_lio/lib:/home/chen/ws_livox/install/livox_ros_driver2/lib:/usr/lib/x86_64-linux-gnu/gazebo-11/plugins:/opt/ros/humble/opt/rviz_ogre_vendor/lib:/opt/ros/humble/lib/x86_64-linux-gnu:/opt/ros/humble/lib:/home/chen/acados/lib /usr/bin/cmake --install /home/chen/px4_ws/build/px4_payload_nmpc
