[0.008s] Invoking command in '/home/chen/px4_ws/build/px4_nmpc': AMENT_PREFIX_PATH=/home/chen/px4_ws/install/plan_env:${AMENT_PREFIX_PATH} CMAKE_PREFIX_PATH=/home/chen/px4_ws/install/plan_env:/home/chen/ws_livox/install/vrpn_relative_pose:/home/chen/ws_livox/install/vrpn_listener:/home/chen/ws_livox/install/vins_fusion_ros2:/home/chen/ws_livox/install/tf:/home/chen/ws_livox/install/realsense2_description:/home/chen/ws_livox/install/realsense2_camera:/home/chen/ws_livox/install/realsense2_camera_msgs:/home/chen/ws_livox/install/pose_send:/home/chen/ws_livox/install/point_cloud_filter:/home/chen/ws_livox/install/orbslam3:/home/chen/ws_livox/install/offboard_test:/home/chen/ws_livox/install/fast_lio:/home/chen/ws_livox/install/livox_ros_driver2:/home/chen/ws_livox/install/cluster_detection:/opt/ros/humble LD_LIBRARY_PATH=/home/chen/px4_ws/install/plan_env/lib:${LD_LIBRARY_PATH} PYTHONPATH=/home/chen/px4_ws/install/plan_env/local/lib/python3.10/dist-packages:${PYTHONPATH} /usr/bin/cmake --build /home/chen/px4_ws/build/px4_nmpc -- -j16 -l16
[0.072s] [ 50%] Built target esdf_map_reader
[0.097s] [100%] Built target nmpc_controller
[0.106s] Invoked command in '/home/chen/px4_ws/build/px4_nmpc' returned '0': AMENT_PREFIX_PATH=/home/chen/px4_ws/install/plan_env:${AMENT_PREFIX_PATH} CMAKE_PREFIX_PATH=/home/chen/px4_ws/install/plan_env:/home/chen/ws_livox/install/vrpn_relative_pose:/home/chen/ws_livox/install/vrpn_listener:/home/chen/ws_livox/install/vins_fusion_ros2:/home/chen/ws_livox/install/tf:/home/chen/ws_livox/install/realsense2_description:/home/chen/ws_livox/install/realsense2_camera:/home/chen/ws_livox/install/realsense2_camera_msgs:/home/chen/ws_livox/install/pose_send:/home/chen/ws_livox/install/point_cloud_filter:/home/chen/ws_livox/install/orbslam3:/home/chen/ws_livox/install/offboard_test:/home/chen/ws_livox/install/fast_lio:/home/chen/ws_livox/install/livox_ros_driver2:/home/chen/ws_livox/install/cluster_detection:/opt/ros/humble LD_LIBRARY_PATH=/home/chen/px4_ws/install/plan_env/lib:${LD_LIBRARY_PATH} PYTHONPATH=/home/chen/px4_ws/install/plan_env/local/lib/python3.10/dist-packages:${PYTHONPATH} /usr/bin/cmake --build /home/chen/px4_ws/build/px4_nmpc -- -j16 -l16
[0.107s] Invoking command in '/home/chen/px4_ws/build/px4_nmpc': AMENT_PREFIX_PATH=/home/chen/px4_ws/install/plan_env:${AMENT_PREFIX_PATH} CMAKE_PREFIX_PATH=/home/chen/px4_ws/install/plan_env:/home/chen/ws_livox/install/vrpn_relative_pose:/home/chen/ws_livox/install/vrpn_listener:/home/chen/ws_livox/install/vins_fusion_ros2:/home/chen/ws_livox/install/tf:/home/chen/ws_livox/install/realsense2_description:/home/chen/ws_livox/install/realsense2_camera:/home/chen/ws_livox/install/realsense2_camera_msgs:/home/chen/ws_livox/install/pose_send:/home/chen/ws_livox/install/point_cloud_filter:/home/chen/ws_livox/install/orbslam3:/home/chen/ws_livox/install/offboard_test:/home/chen/ws_livox/install/fast_lio:/home/chen/ws_livox/install/livox_ros_driver2:/home/chen/ws_livox/install/cluster_detection:/opt/ros/humble LD_LIBRARY_PATH=/home/chen/px4_ws/install/plan_env/lib:${LD_LIBRARY_PATH} PYTHONPATH=/home/chen/px4_ws/install/plan_env/local/lib/python3.10/dist-packages:${PYTHONPATH} /usr/bin/cmake --install /home/chen/px4_ws/build/px4_nmpc
[0.112s] -- Install configuration: ""
[0.113s] -- Up-to-date: /home/chen/px4_ws/install/px4_nmpc/lib/libesdf_map_reader.so
[0.113s] -- Up-to-date: /home/chen/px4_ws/install/px4_nmpc/lib/px4_nmpc/nmpc_controller
[0.113s] -- Up-to-date: /home/chen/px4_ws/install/px4_nmpc/include
[0.113s] -- Up-to-date: /home/chen/px4_ws/install/px4_nmpc/include/px4_nmpc
[0.113s] -- Up-to-date: /home/chen/px4_ws/install/px4_nmpc/include/px4_nmpc/esdf_map_reader.h
[0.114s] -- Up-to-date: /home/chen/px4_ws/install/px4_nmpc/lib/libacados_ocp_solver_px4_model.so
[0.114s] -- Up-to-date: /home/chen/px4_ws/install/px4_nmpc/share/px4_nmpc/launch
[0.114s] -- Up-to-date: /home/chen/px4_ws/install/px4_nmpc/share/px4_nmpc/launch/nmpc_controller.launch.py
[0.114s] -- Up-to-date: /home/chen/px4_ws/install/px4_nmpc/share/px4_nmpc/launch/__pycache__
[0.115s] -- Up-to-date: /home/chen/px4_ws/install/px4_nmpc/share/px4_nmpc/launch/__pycache__/nmpc_controller.launch.cpython-310.pyc
[0.115s] -- Up-to-date: /home/chen/px4_ws/install/px4_nmpc/share/ament_index/resource_index/package_run_dependencies/px4_nmpc
[0.115s] -- Up-to-date: /home/chen/px4_ws/install/px4_nmpc/share/ament_index/resource_index/parent_prefix_path/px4_nmpc
[0.115s] -- Up-to-date: /home/chen/px4_ws/install/px4_nmpc/share/px4_nmpc/environment/ament_prefix_path.sh
[0.115s] -- Up-to-date: /home/chen/px4_ws/install/px4_nmpc/share/px4_nmpc/environment/ament_prefix_path.dsv
[0.116s] -- Up-to-date: /home/chen/px4_ws/install/px4_nmpc/share/px4_nmpc/environment/path.sh
[0.116s] -- Up-to-date: /home/chen/px4_ws/install/px4_nmpc/share/px4_nmpc/environment/path.dsv
[0.116s] -- Up-to-date: /home/chen/px4_ws/install/px4_nmpc/share/px4_nmpc/local_setup.bash
[0.116s] -- Up-to-date: /home/chen/px4_ws/install/px4_nmpc/share/px4_nmpc/local_setup.sh
[0.116s] -- Up-to-date: /home/chen/px4_ws/install/px4_nmpc/share/px4_nmpc/local_setup.zsh
[0.116s] -- Up-to-date: /home/chen/px4_ws/install/px4_nmpc/share/px4_nmpc/local_setup.dsv
[0.116s] -- Installing: /home/chen/px4_ws/install/px4_nmpc/share/px4_nmpc/package.dsv
[0.116s] -- Up-to-date: /home/chen/px4_ws/install/px4_nmpc/share/ament_index/resource_index/packages/px4_nmpc
[0.116s] -- Up-to-date: /home/chen/px4_ws/install/px4_nmpc/share/px4_nmpc/cmake/px4_nmpcConfig.cmake
[0.116s] -- Up-to-date: /home/chen/px4_ws/install/px4_nmpc/share/px4_nmpc/cmake/px4_nmpcConfig-version.cmake
[0.116s] -- Up-to-date: /home/chen/px4_ws/install/px4_nmpc/share/px4_nmpc/package.xml
[0.125s] Invoked command in '/home/chen/px4_ws/build/px4_nmpc' returned '0': AMENT_PREFIX_PATH=/home/chen/px4_ws/install/plan_env:${AMENT_PREFIX_PATH} CMAKE_PREFIX_PATH=/home/chen/px4_ws/install/plan_env:/home/chen/ws_livox/install/vrpn_relative_pose:/home/chen/ws_livox/install/vrpn_listener:/home/chen/ws_livox/install/vins_fusion_ros2:/home/chen/ws_livox/install/tf:/home/chen/ws_livox/install/realsense2_description:/home/chen/ws_livox/install/realsense2_camera:/home/chen/ws_livox/install/realsense2_camera_msgs:/home/chen/ws_livox/install/pose_send:/home/chen/ws_livox/install/point_cloud_filter:/home/chen/ws_livox/install/orbslam3:/home/chen/ws_livox/install/offboard_test:/home/chen/ws_livox/install/fast_lio:/home/chen/ws_livox/install/livox_ros_driver2:/home/chen/ws_livox/install/cluster_detection:/opt/ros/humble LD_LIBRARY_PATH=/home/chen/px4_ws/install/plan_env/lib:${LD_LIBRARY_PATH} PYTHONPATH=/home/chen/px4_ws/install/plan_env/local/lib/python3.10/dist-packages:${PYTHONPATH} /usr/bin/cmake --install /home/chen/px4_ws/build/px4_nmpc
