[0.013s] Invoking command in '/home/chen/px4_ws/build/plan_env': CMAKE_PREFIX_PATH=${CMAKE_PREFIX_PATH}:/opt/ros/humble /usr/bin/cmake --build /home/chen/px4_ws/build/plan_env -- -j16 -l16
[0.059s] [  2%] Built target plan_env__cpp
[0.073s] [ 11%] Built target plan_env__rosidl_generator_c
[0.090s] [ 11%] Built target ament_cmake_python_copy_plan_env
[0.111s] [ 19%] Built target plan_env__rosidl_typesupport_cpp
[0.111s] [ 27%] Built target plan_env__rosidl_typesupport_fastrtps_cpp
[0.115s] [ 36%] Built target plan_env__rosidl_typesupport_introspection_cpp
[0.118s] [ 44%] Built target plan_env__rosidl_typesupport_introspection_c
[0.121s] [ 52%] Built target plan_env__rosidl_typesupport_c
[0.128s] [ 61%] Built target plan_env__rosidl_typesupport_fastrtps_c
[0.148s] [ 61%] Built target plan_env
[0.167s] [ 63%] Built target plan_env__py
[0.188s] [ 69%] Built target plan_env__rosidl_generator_py
[0.190s] [ 77%] Built target plan_env_lib
[0.209s] [ 83%] Built target plan_env__rosidl_typesupport_introspection_c__pyext
[0.212s] [ 94%] Built target plan_env__rosidl_typesupport_c__pyext
[0.212s] [ 94%] Built target plan_env__rosidl_typesupport_fastrtps_c__pyext
[0.217s] [100%] Built target grid_map_node
[0.271s] running egg_info
[0.271s] writing plan_env.egg-info/PKG-INFO
[0.271s] writing dependency_links to plan_env.egg-info/dependency_links.txt
[0.271s] writing top-level names to plan_env.egg-info/top_level.txt
[0.273s] reading manifest file 'plan_env.egg-info/SOURCES.txt'
[0.274s] writing manifest file 'plan_env.egg-info/SOURCES.txt'
[0.294s] [100%] Built target ament_cmake_python_build_plan_env_egg
[0.303s] Invoked command in '/home/chen/px4_ws/build/plan_env' returned '0': CMAKE_PREFIX_PATH=${CMAKE_PREFIX_PATH}:/opt/ros/humble /usr/bin/cmake --build /home/chen/px4_ws/build/plan_env -- -j16 -l16
[0.304s] Invoking command in '/home/chen/px4_ws/build/plan_env': CMAKE_PREFIX_PATH=${CMAKE_PREFIX_PATH}:/opt/ros/humble /usr/bin/cmake --install /home/chen/px4_ws/build/plan_env
[0.312s] -- Install configuration: "Release"
[0.312s] -- Up-to-date: /home/chen/px4_ws/install/plan_env/share/ament_index/resource_index/rosidl_interfaces/plan_env
[0.313s] -- Up-to-date: /home/chen/px4_ws/install/plan_env/include/plan_env/plan_env
[0.313s] -- Up-to-date: /home/chen/px4_ws/install/plan_env/include/plan_env/plan_env/msg
[0.313s] -- Up-to-date: /home/chen/px4_ws/install/plan_env/include/plan_env/plan_env/msg/rosidl_generator_c__visibility_control.h
[0.313s] -- Up-to-date: /home/chen/px4_ws/install/plan_env/include/plan_env/plan_env/msg/detail
[0.313s] -- Up-to-date: /home/chen/px4_ws/install/plan_env/include/plan_env/plan_env/msg/detail/esdf_map__struct.h
[0.313s] -- Up-to-date: /home/chen/px4_ws/install/plan_env/include/plan_env/plan_env/msg/detail/esdf_map__functions.c
[0.313s] -- Up-to-date: /home/chen/px4_ws/install/plan_env/include/plan_env/plan_env/msg/detail/esdf_map__functions.h
[0.313s] -- Up-to-date: /home/chen/px4_ws/install/plan_env/include/plan_env/plan_env/msg/detail/esdf_map__type_support.h
[0.314s] -- Up-to-date: /home/chen/px4_ws/install/plan_env/include/plan_env/plan_env/msg/esdf_map.h
[0.314s] -- Up-to-date: /home/chen/px4_ws/install/plan_env/share/plan_env/environment/library_path.sh
[0.314s] -- Up-to-date: /home/chen/px4_ws/install/plan_env/share/plan_env/environment/library_path.dsv
[0.314s] -- Up-to-date: /home/chen/px4_ws/install/plan_env/lib/libplan_env__rosidl_generator_c.so
[0.314s] -- Up-to-date: /home/chen/px4_ws/install/plan_env/include/plan_env/plan_env
[0.314s] -- Up-to-date: /home/chen/px4_ws/install/plan_env/include/plan_env/plan_env/msg
[0.314s] -- Up-to-date: /home/chen/px4_ws/install/plan_env/include/plan_env/plan_env/msg/detail
[0.314s] -- Up-to-date: /home/chen/px4_ws/install/plan_env/include/plan_env/plan_env/msg/detail/esdf_map__rosidl_typesupport_fastrtps_c.h
[0.314s] -- Up-to-date: /home/chen/px4_ws/install/plan_env/include/plan_env/plan_env/msg/rosidl_typesupport_fastrtps_c__visibility_control.h
[0.315s] -- Up-to-date: /home/chen/px4_ws/install/plan_env/lib/libplan_env__rosidl_typesupport_fastrtps_c.so
[0.315s] -- Up-to-date: /home/chen/px4_ws/install/plan_env/include/plan_env/plan_env
[0.315s] -- Up-to-date: /home/chen/px4_ws/install/plan_env/include/plan_env/plan_env/msg
[0.315s] -- Up-to-date: /home/chen/px4_ws/install/plan_env/include/plan_env/plan_env/msg/detail
[0.315s] -- Up-to-date: /home/chen/px4_ws/install/plan_env/include/plan_env/plan_env/msg/detail/esdf_map__type_support.c
[0.315s] -- Up-to-date: /home/chen/px4_ws/install/plan_env/include/plan_env/plan_env/msg/detail/esdf_map__rosidl_typesupport_introspection_c.h
[0.315s] -- Up-to-date: /home/chen/px4_ws/install/plan_env/include/plan_env/plan_env/msg/rosidl_typesupport_introspection_c__visibility_control.h
[0.315s] -- Up-to-date: /home/chen/px4_ws/install/plan_env/lib/libplan_env__rosidl_typesupport_introspection_c.so
[0.315s] -- Up-to-date: /home/chen/px4_ws/install/plan_env/lib/libplan_env__rosidl_typesupport_c.so
[0.315s] -- Up-to-date: /home/chen/px4_ws/install/plan_env/include/plan_env/plan_env
[0.315s] -- Up-to-date: /home/chen/px4_ws/install/plan_env/include/plan_env/plan_env/msg
[0.315s] -- Up-to-date: /home/chen/px4_ws/install/plan_env/include/plan_env/plan_env/msg/esdf_map.hpp
[0.315s] -- Up-to-date: /home/chen/px4_ws/install/plan_env/include/plan_env/plan_env/msg/detail
[0.315s] -- Up-to-date: /home/chen/px4_ws/install/plan_env/include/plan_env/plan_env/msg/detail/esdf_map__type_support.hpp
[0.315s] -- Up-to-date: /home/chen/px4_ws/install/plan_env/include/plan_env/plan_env/msg/detail/esdf_map__builder.hpp
[0.315s] -- Up-to-date: /home/chen/px4_ws/install/plan_env/include/plan_env/plan_env/msg/detail/esdf_map__traits.hpp
[0.315s] -- Up-to-date: /home/chen/px4_ws/install/plan_env/include/plan_env/plan_env/msg/detail/esdf_map__struct.hpp
[0.315s] -- Up-to-date: /home/chen/px4_ws/install/plan_env/include/plan_env/plan_env/msg/rosidl_generator_cpp__visibility_control.hpp
[0.315s] -- Up-to-date: /home/chen/px4_ws/install/plan_env/include/plan_env/plan_env
[0.315s] -- Up-to-date: /home/chen/px4_ws/install/plan_env/include/plan_env/plan_env/msg
[0.315s] -- Up-to-date: /home/chen/px4_ws/install/plan_env/include/plan_env/plan_env/msg/rosidl_typesupport_fastrtps_cpp__visibility_control.h
[0.316s] -- Up-to-date: /home/chen/px4_ws/install/plan_env/include/plan_env/plan_env/msg/detail
[0.316s] -- Up-to-date: /home/chen/px4_ws/install/plan_env/include/plan_env/plan_env/msg/detail/esdf_map__rosidl_typesupport_fastrtps_cpp.hpp
[0.316s] -- Up-to-date: /home/chen/px4_ws/install/plan_env/include/plan_env/plan_env/msg/detail/dds_fastrtps
[0.316s] -- Up-to-date: /home/chen/px4_ws/install/plan_env/lib/libplan_env__rosidl_typesupport_fastrtps_cpp.so
[0.316s] -- Up-to-date: /home/chen/px4_ws/install/plan_env/include/plan_env/plan_env
[0.316s] -- Up-to-date: /home/chen/px4_ws/install/plan_env/include/plan_env/plan_env/msg
[0.316s] -- Up-to-date: /home/chen/px4_ws/install/plan_env/include/plan_env/plan_env/msg/detail
[0.316s] -- Up-to-date: /home/chen/px4_ws/install/plan_env/include/plan_env/plan_env/msg/detail/esdf_map__rosidl_typesupport_introspection_cpp.hpp
[0.316s] -- Up-to-date: /home/chen/px4_ws/install/plan_env/include/plan_env/plan_env/msg/detail/esdf_map__type_support.cpp
[0.316s] -- Up-to-date: /home/chen/px4_ws/install/plan_env/lib/libplan_env__rosidl_typesupport_introspection_cpp.so
[0.316s] -- Up-to-date: /home/chen/px4_ws/install/plan_env/lib/libplan_env__rosidl_typesupport_cpp.so
[0.316s] -- Up-to-date: /home/chen/px4_ws/install/plan_env/share/plan_env/environment/pythonpath.sh
[0.316s] -- Up-to-date: /home/chen/px4_ws/install/plan_env/share/plan_env/environment/pythonpath.dsv
[0.316s] -- Up-to-date: /home/chen/px4_ws/install/plan_env/local/lib/python3.10/dist-packages/plan_env-1.0.0-py3.10.egg-info
[0.316s] -- Installing: /home/chen/px4_ws/install/plan_env/local/lib/python3.10/dist-packages/plan_env-1.0.0-py3.10.egg-info/top_level.txt
[0.316s] -- Installing: /home/chen/px4_ws/install/plan_env/local/lib/python3.10/dist-packages/plan_env-1.0.0-py3.10.egg-info/PKG-INFO
[0.316s] -- Installing: /home/chen/px4_ws/install/plan_env/local/lib/python3.10/dist-packages/plan_env-1.0.0-py3.10.egg-info/dependency_links.txt
[0.316s] -- Installing: /home/chen/px4_ws/install/plan_env/local/lib/python3.10/dist-packages/plan_env-1.0.0-py3.10.egg-info/SOURCES.txt
[0.316s] -- Up-to-date: /home/chen/px4_ws/install/plan_env/local/lib/python3.10/dist-packages/plan_env
[0.317s] -- Up-to-date: /home/chen/px4_ws/install/plan_env/local/lib/python3.10/dist-packages/plan_env/_plan_env_s.ep.rosidl_typesupport_c.c
[0.317s] -- Up-to-date: /home/chen/px4_ws/install/plan_env/local/lib/python3.10/dist-packages/plan_env/libplan_env__rosidl_generator_py.so
[0.317s] -- Up-to-date: /home/chen/px4_ws/install/plan_env/local/lib/python3.10/dist-packages/plan_env/_plan_env_s.ep.rosidl_typesupport_fastrtps_c.c
[0.317s] -- Up-to-date: /home/chen/px4_ws/install/plan_env/local/lib/python3.10/dist-packages/plan_env/__init__.py
[0.317s] -- Up-to-date: /home/chen/px4_ws/install/plan_env/local/lib/python3.10/dist-packages/plan_env/_plan_env_s.ep.rosidl_typesupport_introspection_c.c
[0.317s] -- Up-to-date: /home/chen/px4_ws/install/plan_env/local/lib/python3.10/dist-packages/plan_env/plan_env_s__rosidl_typesupport_c.cpython-310-x86_64-linux-gnu.so
[0.317s] -- Up-to-date: /home/chen/px4_ws/install/plan_env/local/lib/python3.10/dist-packages/plan_env/msg
[0.317s] -- Up-to-date: /home/chen/px4_ws/install/plan_env/local/lib/python3.10/dist-packages/plan_env/msg/_esdf_map.py
[0.317s] -- Up-to-date: /home/chen/px4_ws/install/plan_env/local/lib/python3.10/dist-packages/plan_env/msg/__init__.py
[0.317s] -- Up-to-date: /home/chen/px4_ws/install/plan_env/local/lib/python3.10/dist-packages/plan_env/msg/_esdf_map_s.c
[0.317s] -- Up-to-date: /home/chen/px4_ws/install/plan_env/local/lib/python3.10/dist-packages/plan_env/plan_env_s__rosidl_typesupport_fastrtps_c.cpython-310-x86_64-linux-gnu.so
[0.317s] -- Up-to-date: /home/chen/px4_ws/install/plan_env/local/lib/python3.10/dist-packages/plan_env/plan_env_s__rosidl_typesupport_introspection_c.cpython-310-x86_64-linux-gnu.so
[0.340s] Listing '/home/chen/px4_ws/install/plan_env/local/lib/python3.10/dist-packages/plan_env'...
[0.340s] Listing '/home/chen/px4_ws/install/plan_env/local/lib/python3.10/dist-packages/plan_env/msg'...
[0.343s] -- Up-to-date: /home/chen/px4_ws/install/plan_env/local/lib/python3.10/dist-packages/plan_env/plan_env_s__rosidl_typesupport_fastrtps_c.cpython-310-x86_64-linux-gnu.so
[0.343s] -- Up-to-date: /home/chen/px4_ws/install/plan_env/local/lib/python3.10/dist-packages/plan_env/plan_env_s__rosidl_typesupport_introspection_c.cpython-310-x86_64-linux-gnu.so
[0.343s] -- Up-to-date: /home/chen/px4_ws/install/plan_env/local/lib/python3.10/dist-packages/plan_env/plan_env_s__rosidl_typesupport_c.cpython-310-x86_64-linux-gnu.so
[0.343s] -- Up-to-date: /home/chen/px4_ws/install/plan_env/lib/libplan_env__rosidl_generator_py.so
[0.343s] -- Up-to-date: /home/chen/px4_ws/install/plan_env/share/plan_env/msg/ESDFMap.idl
[0.344s] -- Up-to-date: /home/chen/px4_ws/install/plan_env/share/plan_env/msg/ESDFMap.msg
[0.344s] -- Up-to-date: /home/chen/px4_ws/install/plan_env/lib/libplan_env_lib.so
[0.344s] -- Up-to-date: /home/chen/px4_ws/install/plan_env/lib/plan_env/grid_map_node
[0.344s] -- Up-to-date: /home/chen/px4_ws/install/plan_env/include
[0.344s] -- Up-to-date: /home/chen/px4_ws/install/plan_env/include/plan_env
[0.344s] -- Up-to-date: /home/chen/px4_ws/install/plan_env/include/plan_env/raycast.h
[0.344s] -- Up-to-date: /home/chen/px4_ws/install/plan_env/include/plan_env/grid_map.h
[0.344s] -- Up-to-date: /home/chen/px4_ws/install/plan_env/share/plan_env/launch
[0.344s] -- Up-to-date: /home/chen/px4_ws/install/plan_env/share/plan_env/launch/grid_map.launch.py
[0.344s] -- Up-to-date: /home/chen/px4_ws/install/plan_env/share/plan_env/launch/setup_tf.launch.py
[0.345s] -- Up-to-date: /home/chen/px4_ws/install/plan_env/lib/plan_env/pointcloud_transformer.py
[0.345s] -- Up-to-date: /home/chen/px4_ws/install/plan_env/lib/plan_env/odom_to_tf.py
[0.345s] -- Up-to-date: /home/chen/px4_ws/install/plan_env/share/ament_index/resource_index/package_run_dependencies/plan_env
[0.345s] -- Up-to-date: /home/chen/px4_ws/install/plan_env/share/ament_index/resource_index/parent_prefix_path/plan_env
[0.345s] -- Up-to-date: /home/chen/px4_ws/install/plan_env/share/plan_env/environment/ament_prefix_path.sh
[0.345s] -- Up-to-date: /home/chen/px4_ws/install/plan_env/share/plan_env/environment/ament_prefix_path.dsv
[0.345s] -- Up-to-date: /home/chen/px4_ws/install/plan_env/share/plan_env/environment/path.sh
[0.346s] -- Up-to-date: /home/chen/px4_ws/install/plan_env/share/plan_env/environment/path.dsv
[0.346s] -- Up-to-date: /home/chen/px4_ws/install/plan_env/share/plan_env/local_setup.bash
[0.346s] -- Up-to-date: /home/chen/px4_ws/install/plan_env/share/plan_env/local_setup.sh
[0.346s] -- Up-to-date: /home/chen/px4_ws/install/plan_env/share/plan_env/local_setup.zsh
[0.346s] -- Up-to-date: /home/chen/px4_ws/install/plan_env/share/plan_env/local_setup.dsv
[0.346s] -- Installing: /home/chen/px4_ws/install/plan_env/share/plan_env/package.dsv
[0.346s] -- Up-to-date: /home/chen/px4_ws/install/plan_env/share/ament_index/resource_index/packages/plan_env
[0.346s] -- Up-to-date: /home/chen/px4_ws/install/plan_env/share/plan_env/cmake/export_plan_env__rosidl_generator_cExport.cmake
[0.346s] -- Up-to-date: /home/chen/px4_ws/install/plan_env/share/plan_env/cmake/export_plan_env__rosidl_generator_cExport-release.cmake
[0.346s] -- Up-to-date: /home/chen/px4_ws/install/plan_env/share/plan_env/cmake/export_plan_env__rosidl_typesupport_fastrtps_cExport.cmake
[0.346s] -- Up-to-date: /home/chen/px4_ws/install/plan_env/share/plan_env/cmake/export_plan_env__rosidl_typesupport_fastrtps_cExport-release.cmake
[0.347s] -- Up-to-date: /home/chen/px4_ws/install/plan_env/share/plan_env/cmake/plan_env__rosidl_typesupport_introspection_cExport.cmake
[0.347s] -- Up-to-date: /home/chen/px4_ws/install/plan_env/share/plan_env/cmake/plan_env__rosidl_typesupport_introspection_cExport-release.cmake
[0.347s] -- Up-to-date: /home/chen/px4_ws/install/plan_env/share/plan_env/cmake/plan_env__rosidl_typesupport_cExport.cmake
[0.347s] -- Up-to-date: /home/chen/px4_ws/install/plan_env/share/plan_env/cmake/plan_env__rosidl_typesupport_cExport-release.cmake
[0.347s] -- Up-to-date: /home/chen/px4_ws/install/plan_env/share/plan_env/cmake/export_plan_env__rosidl_generator_cppExport.cmake
[0.347s] -- Up-to-date: /home/chen/px4_ws/install/plan_env/share/plan_env/cmake/export_plan_env__rosidl_typesupport_fastrtps_cppExport.cmake
[0.347s] -- Up-to-date: /home/chen/px4_ws/install/plan_env/share/plan_env/cmake/export_plan_env__rosidl_typesupport_fastrtps_cppExport-release.cmake
[0.348s] -- Up-to-date: /home/chen/px4_ws/install/plan_env/share/plan_env/cmake/plan_env__rosidl_typesupport_introspection_cppExport.cmake
[0.348s] -- Up-to-date: /home/chen/px4_ws/install/plan_env/share/plan_env/cmake/plan_env__rosidl_typesupport_introspection_cppExport-release.cmake
[0.348s] -- Up-to-date: /home/chen/px4_ws/install/plan_env/share/plan_env/cmake/plan_env__rosidl_typesupport_cppExport.cmake
[0.348s] -- Up-to-date: /home/chen/px4_ws/install/plan_env/share/plan_env/cmake/plan_env__rosidl_typesupport_cppExport-release.cmake
[0.348s] -- Up-to-date: /home/chen/px4_ws/install/plan_env/share/plan_env/cmake/export_plan_env__rosidl_generator_pyExport.cmake
[0.349s] -- Up-to-date: /home/chen/px4_ws/install/plan_env/share/plan_env/cmake/export_plan_env__rosidl_generator_pyExport-release.cmake
[0.349s] -- Up-to-date: /home/chen/px4_ws/install/plan_env/share/plan_env/cmake/export_plan_envExport.cmake
[0.349s] -- Up-to-date: /home/chen/px4_ws/install/plan_env/share/plan_env/cmake/export_plan_envExport-release.cmake
[0.349s] -- Up-to-date: /home/chen/px4_ws/install/plan_env/share/plan_env/cmake/rosidl_cmake-extras.cmake
[0.349s] -- Up-to-date: /home/chen/px4_ws/install/plan_env/share/plan_env/cmake/ament_cmake_export_dependencies-extras.cmake
[0.349s] -- Up-to-date: /home/chen/px4_ws/install/plan_env/share/plan_env/cmake/ament_cmake_export_include_directories-extras.cmake
[0.349s] -- Up-to-date: /home/chen/px4_ws/install/plan_env/share/plan_env/cmake/ament_cmake_export_libraries-extras.cmake
[0.349s] -- Up-to-date: /home/chen/px4_ws/install/plan_env/share/plan_env/cmake/ament_cmake_export_targets-extras.cmake
[0.350s] -- Up-to-date: /home/chen/px4_ws/install/plan_env/share/plan_env/cmake/rosidl_cmake_export_typesupport_targets-extras.cmake
[0.350s] -- Up-to-date: /home/chen/px4_ws/install/plan_env/share/plan_env/cmake/rosidl_cmake_export_typesupport_libraries-extras.cmake
[0.350s] -- Up-to-date: /home/chen/px4_ws/install/plan_env/share/plan_env/cmake/plan_envConfig.cmake
[0.350s] -- Up-to-date: /home/chen/px4_ws/install/plan_env/share/plan_env/cmake/plan_envConfig-version.cmake
[0.350s] -- Up-to-date: /home/chen/px4_ws/install/plan_env/share/plan_env/package.xml
[0.350s] Invoked command in '/home/chen/px4_ws/build/plan_env' returned '0': CMAKE_PREFIX_PATH=${CMAKE_PREFIX_PATH}:/opt/ros/humble /usr/bin/cmake --install /home/chen/px4_ws/build/plan_env
