[0.085s] DEBUG:colcon:Command line arguments: ['/usr/bin/colcon', 'build', '--packages-select', 'px4_payload_nmpc']
[0.086s] DEBUG:colcon:Parsed command line arguments: Namespace(log_base=None, log_level=None, verb_name='build', build_base='build', install_base='install', merge_install=False, symlink_install=False, test_result_base=None, continue_on_error=False, executor='parallel', parallel_workers=16, event_handlers=None, ignore_user_meta=False, metas=['./colcon.meta'], base_paths=['.'], packages_ignore=None, packages_ignore_regex=None, paths=None, packages_up_to=None, packages_up_to_regex=None, packages_above=None, packages_above_and_dependencies=None, packages_above_depth=None, packages_select_by_dep=None, packages_skip_by_dep=None, packages_skip_up_to=None, packages_select_build_failed=False, packages_skip_build_finished=False, packages_select_test_failures=False, packages_skip_test_passed=False, packages_select=['px4_payload_nmpc'], packages_skip=None, packages_select_regex=None, packages_skip_regex=None, packages_start=None, packages_end=None, allow_overriding=[], cmake_args=None, cmake_target=None, cmake_target_skip_unavailable=False, cmake_clean_cache=False, cmake_clean_first=False, cmake_force_configure=False, ament_cmake_args=None, catkin_cmake_args=None, catkin_skip_building_tests=False, mixin_files=None, mixin=None, verb_parser=<colcon_mixin.mixin.mixin_argument.MixinArgumentDecorator object at 0x75a56535ebf0>, verb_extension=<colcon_core.verb.build.BuildVerb object at 0x75a56535e6b0>, main=<bound method BuildVerb.main of <colcon_core.verb.build.BuildVerb object at 0x75a56535e6b0>>, mixin_verb=('build',))
[0.245s] Level 1:colcon.colcon_core.package_discovery:discover_packages(colcon_meta) check parameters
[0.245s] Level 1:colcon.colcon_core.package_discovery:discover_packages(recursive) check parameters
[0.246s] Level 1:colcon.colcon_core.package_discovery:discover_packages(ignore) check parameters
[0.246s] Level 1:colcon.colcon_core.package_discovery:discover_packages(path) check parameters
[0.246s] Level 1:colcon.colcon_core.package_discovery:discover_packages(colcon_meta) discover
[0.246s] Level 1:colcon.colcon_core.package_discovery:discover_packages(recursive) discover
[0.246s] INFO:colcon.colcon_core.package_discovery:Crawling recursively for packages in '/home/chen/px4_ws'
[0.246s] Level 1:colcon.colcon_core.package_identification:_identify(.) by extensions ['ignore', 'ignore_ament_install']
[0.246s] Level 1:colcon.colcon_core.package_identification:_identify(.) by extension 'ignore'
[0.246s] Level 1:colcon.colcon_core.package_identification:_identify(.) by extension 'ignore_ament_install'
[0.246s] Level 1:colcon.colcon_core.package_identification:_identify(.) by extensions ['colcon_pkg']
[0.246s] Level 1:colcon.colcon_core.package_identification:_identify(.) by extension 'colcon_pkg'
[0.246s] Level 1:colcon.colcon_core.package_identification:_identify(.) by extensions ['colcon_meta']
[0.246s] Level 1:colcon.colcon_core.package_identification:_identify(.) by extension 'colcon_meta'
[0.246s] Level 1:colcon.colcon_core.package_identification:_identify(.) by extensions ['ros']
[0.246s] Level 1:colcon.colcon_core.package_identification:_identify(.) by extension 'ros'
[0.260s] Level 1:colcon.colcon_core.package_identification:_identify(.) by extensions ['cmake', 'python']
[0.260s] Level 1:colcon.colcon_core.package_identification:_identify(.) by extension 'cmake'
[0.260s] Level 1:colcon.colcon_core.package_identification:_identify(.) by extension 'python'
[0.260s] Level 1:colcon.colcon_core.package_identification:_identify(.) by extensions ['python_setup_py']
[0.260s] Level 1:colcon.colcon_core.package_identification:_identify(.) by extension 'python_setup_py'
[0.261s] Level 1:colcon.colcon_core.package_identification:_identify(__pycache__) by extensions ['ignore', 'ignore_ament_install']
[0.261s] Level 1:colcon.colcon_core.package_identification:_identify(__pycache__) by extension 'ignore'
[0.261s] Level 1:colcon.colcon_core.package_identification:_identify(__pycache__) by extension 'ignore_ament_install'
[0.261s] Level 1:colcon.colcon_core.package_identification:_identify(__pycache__) by extensions ['colcon_pkg']
[0.261s] Level 1:colcon.colcon_core.package_identification:_identify(__pycache__) by extension 'colcon_pkg'
[0.261s] Level 1:colcon.colcon_core.package_identification:_identify(__pycache__) by extensions ['colcon_meta']
[0.261s] Level 1:colcon.colcon_core.package_identification:_identify(__pycache__) by extension 'colcon_meta'
[0.261s] Level 1:colcon.colcon_core.package_identification:_identify(__pycache__) by extensions ['ros']
[0.261s] Level 1:colcon.colcon_core.package_identification:_identify(__pycache__) by extension 'ros'
[0.261s] Level 1:colcon.colcon_core.package_identification:_identify(__pycache__) by extensions ['cmake', 'python']
[0.261s] Level 1:colcon.colcon_core.package_identification:_identify(__pycache__) by extension 'cmake'
[0.261s] Level 1:colcon.colcon_core.package_identification:_identify(__pycache__) by extension 'python'
[0.261s] Level 1:colcon.colcon_core.package_identification:_identify(__pycache__) by extensions ['python_setup_py']
[0.261s] Level 1:colcon.colcon_core.package_identification:_identify(__pycache__) by extension 'python_setup_py'
[0.261s] Level 1:colcon.colcon_core.package_identification:_identify(build) by extensions ['ignore', 'ignore_ament_install']
[0.262s] Level 1:colcon.colcon_core.package_identification:_identify(build) by extension 'ignore'
[0.262s] Level 1:colcon.colcon_core.package_identification:_identify(build) ignored
[0.262s] Level 1:colcon.colcon_core.package_identification:_identify(install) by extensions ['ignore', 'ignore_ament_install']
[0.262s] Level 1:colcon.colcon_core.package_identification:_identify(install) by extension 'ignore'
[0.262s] Level 1:colcon.colcon_core.package_identification:_identify(install) ignored
[0.262s] Level 1:colcon.colcon_core.package_identification:_identify(log) by extensions ['ignore', 'ignore_ament_install']
[0.262s] Level 1:colcon.colcon_core.package_identification:_identify(log) by extension 'ignore'
[0.262s] Level 1:colcon.colcon_core.package_identification:_identify(log) ignored
[0.262s] Level 1:colcon.colcon_core.package_identification:_identify(multi_payload) by extensions ['ignore', 'ignore_ament_install']
[0.262s] Level 1:colcon.colcon_core.package_identification:_identify(multi_payload) by extension 'ignore'
[0.262s] Level 1:colcon.colcon_core.package_identification:_identify(multi_payload) by extension 'ignore_ament_install'
[0.262s] Level 1:colcon.colcon_core.package_identification:_identify(multi_payload) by extensions ['colcon_pkg']
[0.262s] Level 1:colcon.colcon_core.package_identification:_identify(multi_payload) by extension 'colcon_pkg'
[0.263s] Level 1:colcon.colcon_core.package_identification:_identify(multi_payload) by extensions ['colcon_meta']
[0.263s] Level 1:colcon.colcon_core.package_identification:_identify(multi_payload) by extension 'colcon_meta'
[0.263s] Level 1:colcon.colcon_core.package_identification:_identify(multi_payload) by extensions ['ros']
[0.263s] Level 1:colcon.colcon_core.package_identification:_identify(multi_payload) by extension 'ros'
[0.263s] Level 1:colcon.colcon_core.package_identification:_identify(multi_payload) by extensions ['cmake', 'python']
[0.263s] Level 1:colcon.colcon_core.package_identification:_identify(multi_payload) by extension 'cmake'
[0.263s] Level 1:colcon.colcon_core.package_identification:_identify(multi_payload) by extension 'python'
[0.263s] Level 1:colcon.colcon_core.package_identification:_identify(multi_payload) by extensions ['python_setup_py']
[0.263s] Level 1:colcon.colcon_core.package_identification:_identify(multi_payload) by extension 'python_setup_py'
[0.263s] Level 1:colcon.colcon_core.package_identification:_identify(multi_payload/__pycache__) by extensions ['ignore', 'ignore_ament_install']
[0.263s] Level 1:colcon.colcon_core.package_identification:_identify(multi_payload/__pycache__) by extension 'ignore'
[0.263s] Level 1:colcon.colcon_core.package_identification:_identify(multi_payload/__pycache__) by extension 'ignore_ament_install'
[0.263s] Level 1:colcon.colcon_core.package_identification:_identify(multi_payload/__pycache__) by extensions ['colcon_pkg']
[0.263s] Level 1:colcon.colcon_core.package_identification:_identify(multi_payload/__pycache__) by extension 'colcon_pkg'
[0.263s] Level 1:colcon.colcon_core.package_identification:_identify(multi_payload/__pycache__) by extensions ['colcon_meta']
[0.263s] Level 1:colcon.colcon_core.package_identification:_identify(multi_payload/__pycache__) by extension 'colcon_meta'
[0.263s] Level 1:colcon.colcon_core.package_identification:_identify(multi_payload/__pycache__) by extensions ['ros']
[0.264s] Level 1:colcon.colcon_core.package_identification:_identify(multi_payload/__pycache__) by extension 'ros'
[0.264s] Level 1:colcon.colcon_core.package_identification:_identify(multi_payload/__pycache__) by extensions ['cmake', 'python']
[0.264s] Level 1:colcon.colcon_core.package_identification:_identify(multi_payload/__pycache__) by extension 'cmake'
[0.264s] Level 1:colcon.colcon_core.package_identification:_identify(multi_payload/__pycache__) by extension 'python'
[0.264s] Level 1:colcon.colcon_core.package_identification:_identify(multi_payload/__pycache__) by extensions ['python_setup_py']
[0.264s] Level 1:colcon.colcon_core.package_identification:_identify(multi_payload/__pycache__) by extension 'python_setup_py'
[0.264s] Level 1:colcon.colcon_core.package_identification:_identify(multi_payload/c_generated_code) by extensions ['ignore', 'ignore_ament_install']
[0.264s] Level 1:colcon.colcon_core.package_identification:_identify(multi_payload/c_generated_code) by extension 'ignore'
[0.264s] Level 1:colcon.colcon_core.package_identification:_identify(multi_payload/c_generated_code) by extension 'ignore_ament_install'
[0.264s] Level 1:colcon.colcon_core.package_identification:_identify(multi_payload/c_generated_code) by extensions ['colcon_pkg']
[0.264s] Level 1:colcon.colcon_core.package_identification:_identify(multi_payload/c_generated_code) by extension 'colcon_pkg'
[0.264s] Level 1:colcon.colcon_core.package_identification:_identify(multi_payload/c_generated_code) by extensions ['colcon_meta']
[0.264s] Level 1:colcon.colcon_core.package_identification:_identify(multi_payload/c_generated_code) by extension 'colcon_meta'
[0.264s] Level 1:colcon.colcon_core.package_identification:_identify(multi_payload/c_generated_code) by extensions ['ros']
[0.264s] Level 1:colcon.colcon_core.package_identification:_identify(multi_payload/c_generated_code) by extension 'ros'
[0.265s] Level 1:colcon.colcon_core.package_identification:_identify(multi_payload/c_generated_code) by extensions ['cmake', 'python']
[0.265s] Level 1:colcon.colcon_core.package_identification:_identify(multi_payload/c_generated_code) by extension 'cmake'
[0.265s] Level 1:colcon.colcon_core.package_identification:_identify(multi_payload/c_generated_code) by extension 'python'
[0.265s] Level 1:colcon.colcon_core.package_identification:_identify(multi_payload/c_generated_code) by extensions ['python_setup_py']
[0.265s] Level 1:colcon.colcon_core.package_identification:_identify(multi_payload/c_generated_code) by extension 'python_setup_py'
[0.265s] Level 1:colcon.colcon_core.package_identification:_identify(multi_payload/c_generated_code/multi_payload_model) by extensions ['ignore', 'ignore_ament_install']
[0.265s] Level 1:colcon.colcon_core.package_identification:_identify(multi_payload/c_generated_code/multi_payload_model) by extension 'ignore'
[0.265s] Level 1:colcon.colcon_core.package_identification:_identify(multi_payload/c_generated_code/multi_payload_model) by extension 'ignore_ament_install'
[0.265s] Level 1:colcon.colcon_core.package_identification:_identify(multi_payload/c_generated_code/multi_payload_model) by extensions ['colcon_pkg']
[0.265s] Level 1:colcon.colcon_core.package_identification:_identify(multi_payload/c_generated_code/multi_payload_model) by extension 'colcon_pkg'
[0.265s] Level 1:colcon.colcon_core.package_identification:_identify(multi_payload/c_generated_code/multi_payload_model) by extensions ['colcon_meta']
[0.265s] Level 1:colcon.colcon_core.package_identification:_identify(multi_payload/c_generated_code/multi_payload_model) by extension 'colcon_meta'
[0.265s] Level 1:colcon.colcon_core.package_identification:_identify(multi_payload/c_generated_code/multi_payload_model) by extensions ['ros']
[0.265s] Level 1:colcon.colcon_core.package_identification:_identify(multi_payload/c_generated_code/multi_payload_model) by extension 'ros'
[0.265s] Level 1:colcon.colcon_core.package_identification:_identify(multi_payload/c_generated_code/multi_payload_model) by extensions ['cmake', 'python']
[0.265s] Level 1:colcon.colcon_core.package_identification:_identify(multi_payload/c_generated_code/multi_payload_model) by extension 'cmake'
[0.266s] Level 1:colcon.colcon_core.package_identification:_identify(multi_payload/c_generated_code/multi_payload_model) by extension 'python'
[0.266s] Level 1:colcon.colcon_core.package_identification:_identify(multi_payload/c_generated_code/multi_payload_model) by extensions ['python_setup_py']
[0.266s] Level 1:colcon.colcon_core.package_identification:_identify(multi_payload/c_generated_code/multi_payload_model) by extension 'python_setup_py'
[0.266s] Level 1:colcon.colcon_core.package_identification:_identify(multi_payload/c_generated_code/multi_payload_model_model) by extensions ['ignore', 'ignore_ament_install']
[0.266s] Level 1:colcon.colcon_core.package_identification:_identify(multi_payload/c_generated_code/multi_payload_model_model) by extension 'ignore'
[0.266s] Level 1:colcon.colcon_core.package_identification:_identify(multi_payload/c_generated_code/multi_payload_model_model) by extension 'ignore_ament_install'
[0.266s] Level 1:colcon.colcon_core.package_identification:_identify(multi_payload/c_generated_code/multi_payload_model_model) by extensions ['colcon_pkg']
[0.266s] Level 1:colcon.colcon_core.package_identification:_identify(multi_payload/c_generated_code/multi_payload_model_model) by extension 'colcon_pkg'
[0.266s] Level 1:colcon.colcon_core.package_identification:_identify(multi_payload/c_generated_code/multi_payload_model_model) by extensions ['colcon_meta']
[0.266s] Level 1:colcon.colcon_core.package_identification:_identify(multi_payload/c_generated_code/multi_payload_model_model) by extension 'colcon_meta'
[0.266s] Level 1:colcon.colcon_core.package_identification:_identify(multi_payload/c_generated_code/multi_payload_model_model) by extensions ['ros']
[0.266s] Level 1:colcon.colcon_core.package_identification:_identify(multi_payload/c_generated_code/multi_payload_model_model) by extension 'ros'
[0.266s] Level 1:colcon.colcon_core.package_identification:_identify(multi_payload/c_generated_code/multi_payload_model_model) by extensions ['cmake', 'python']
[0.266s] Level 1:colcon.colcon_core.package_identification:_identify(multi_payload/c_generated_code/multi_payload_model_model) by extension 'cmake'
[0.266s] Level 1:colcon.colcon_core.package_identification:_identify(multi_payload/c_generated_code/multi_payload_model_model) by extension 'python'
[0.266s] Level 1:colcon.colcon_core.package_identification:_identify(multi_payload/c_generated_code/multi_payload_model_model) by extensions ['python_setup_py']
[0.266s] Level 1:colcon.colcon_core.package_identification:_identify(multi_payload/c_generated_code/multi_payload_model_model) by extension 'python_setup_py'
[0.267s] Level 1:colcon.colcon_core.package_identification:_identify(multi_payload/c_generated_code/multi_uav_cable_payload_model) by extensions ['ignore', 'ignore_ament_install']
[0.267s] Level 1:colcon.colcon_core.package_identification:_identify(multi_payload/c_generated_code/multi_uav_cable_payload_model) by extension 'ignore'
[0.267s] Level 1:colcon.colcon_core.package_identification:_identify(multi_payload/c_generated_code/multi_uav_cable_payload_model) by extension 'ignore_ament_install'
[0.267s] Level 1:colcon.colcon_core.package_identification:_identify(multi_payload/c_generated_code/multi_uav_cable_payload_model) by extensions ['colcon_pkg']
[0.267s] Level 1:colcon.colcon_core.package_identification:_identify(multi_payload/c_generated_code/multi_uav_cable_payload_model) by extension 'colcon_pkg'
[0.267s] Level 1:colcon.colcon_core.package_identification:_identify(multi_payload/c_generated_code/multi_uav_cable_payload_model) by extensions ['colcon_meta']
[0.267s] Level 1:colcon.colcon_core.package_identification:_identify(multi_payload/c_generated_code/multi_uav_cable_payload_model) by extension 'colcon_meta'
[0.267s] Level 1:colcon.colcon_core.package_identification:_identify(multi_payload/c_generated_code/multi_uav_cable_payload_model) by extensions ['ros']
[0.267s] Level 1:colcon.colcon_core.package_identification:_identify(multi_payload/c_generated_code/multi_uav_cable_payload_model) by extension 'ros'
[0.267s] Level 1:colcon.colcon_core.package_identification:_identify(multi_payload/c_generated_code/multi_uav_cable_payload_model) by extensions ['cmake', 'python']
[0.267s] Level 1:colcon.colcon_core.package_identification:_identify(multi_payload/c_generated_code/multi_uav_cable_payload_model) by extension 'cmake'
[0.267s] Level 1:colcon.colcon_core.package_identification:_identify(multi_payload/c_generated_code/multi_uav_cable_payload_model) by extension 'python'
[0.267s] Level 1:colcon.colcon_core.package_identification:_identify(multi_payload/c_generated_code/multi_uav_cable_payload_model) by extensions ['python_setup_py']
[0.267s] Level 1:colcon.colcon_core.package_identification:_identify(multi_payload/c_generated_code/multi_uav_cable_payload_model) by extension 'python_setup_py'
[0.267s] Level 1:colcon.colcon_core.package_identification:_identify(multi_payload/c_generated_code/multi_uav_payload_model) by extensions ['ignore', 'ignore_ament_install']
[0.267s] Level 1:colcon.colcon_core.package_identification:_identify(multi_payload/c_generated_code/multi_uav_payload_model) by extension 'ignore'
[0.267s] Level 1:colcon.colcon_core.package_identification:_identify(multi_payload/c_generated_code/multi_uav_payload_model) by extension 'ignore_ament_install'
[0.267s] Level 1:colcon.colcon_core.package_identification:_identify(multi_payload/c_generated_code/multi_uav_payload_model) by extensions ['colcon_pkg']
[0.267s] Level 1:colcon.colcon_core.package_identification:_identify(multi_payload/c_generated_code/multi_uav_payload_model) by extension 'colcon_pkg'
[0.267s] Level 1:colcon.colcon_core.package_identification:_identify(multi_payload/c_generated_code/multi_uav_payload_model) by extensions ['colcon_meta']
[0.267s] Level 1:colcon.colcon_core.package_identification:_identify(multi_payload/c_generated_code/multi_uav_payload_model) by extension 'colcon_meta'
[0.267s] Level 1:colcon.colcon_core.package_identification:_identify(multi_payload/c_generated_code/multi_uav_payload_model) by extensions ['ros']
[0.267s] Level 1:colcon.colcon_core.package_identification:_identify(multi_payload/c_generated_code/multi_uav_payload_model) by extension 'ros'
[0.268s] Level 1:colcon.colcon_core.package_identification:_identify(multi_payload/c_generated_code/multi_uav_payload_model) by extensions ['cmake', 'python']
[0.268s] Level 1:colcon.colcon_core.package_identification:_identify(multi_payload/c_generated_code/multi_uav_payload_model) by extension 'cmake'
[0.268s] Level 1:colcon.colcon_core.package_identification:_identify(multi_payload/c_generated_code/multi_uav_payload_model) by extension 'python'
[0.268s] Level 1:colcon.colcon_core.package_identification:_identify(multi_payload/c_generated_code/multi_uav_payload_model) by extensions ['python_setup_py']
[0.268s] Level 1:colcon.colcon_core.package_identification:_identify(multi_payload/c_generated_code/multi_uav_payload_model) by extension 'python_setup_py'
[0.268s] Level 1:colcon.colcon_core.package_identification:_identify(px4) by extensions ['ignore', 'ignore_ament_install']
[0.268s] Level 1:colcon.colcon_core.package_identification:_identify(px4) by extension 'ignore'
[0.268s] Level 1:colcon.colcon_core.package_identification:_identify(px4) by extension 'ignore_ament_install'
[0.268s] Level 1:colcon.colcon_core.package_identification:_identify(px4) by extensions ['colcon_pkg']
[0.268s] Level 1:colcon.colcon_core.package_identification:_identify(px4) by extension 'colcon_pkg'
[0.268s] Level 1:colcon.colcon_core.package_identification:_identify(px4) by extensions ['colcon_meta']
[0.268s] Level 1:colcon.colcon_core.package_identification:_identify(px4) by extension 'colcon_meta'
[0.268s] Level 1:colcon.colcon_core.package_identification:_identify(px4) by extensions ['ros']
[0.268s] Level 1:colcon.colcon_core.package_identification:_identify(px4) by extension 'ros'
[0.268s] Level 1:colcon.colcon_core.package_identification:_identify(px4) by extensions ['cmake', 'python']
[0.268s] Level 1:colcon.colcon_core.package_identification:_identify(px4) by extension 'cmake'
[0.268s] Level 1:colcon.colcon_core.package_identification:_identify(px4) by extension 'python'
[0.268s] Level 1:colcon.colcon_core.package_identification:_identify(px4) by extensions ['python_setup_py']
[0.268s] Level 1:colcon.colcon_core.package_identification:_identify(px4) by extension 'python_setup_py'
[0.268s] Level 1:colcon.colcon_core.package_identification:_identify(px4/__pycache__) by extensions ['ignore', 'ignore_ament_install']
[0.268s] Level 1:colcon.colcon_core.package_identification:_identify(px4/__pycache__) by extension 'ignore'
[0.268s] Level 1:colcon.colcon_core.package_identification:_identify(px4/__pycache__) by extension 'ignore_ament_install'
[0.268s] Level 1:colcon.colcon_core.package_identification:_identify(px4/__pycache__) by extensions ['colcon_pkg']
[0.268s] Level 1:colcon.colcon_core.package_identification:_identify(px4/__pycache__) by extension 'colcon_pkg'
[0.268s] Level 1:colcon.colcon_core.package_identification:_identify(px4/__pycache__) by extensions ['colcon_meta']
[0.268s] Level 1:colcon.colcon_core.package_identification:_identify(px4/__pycache__) by extension 'colcon_meta'
[0.268s] Level 1:colcon.colcon_core.package_identification:_identify(px4/__pycache__) by extensions ['ros']
[0.268s] Level 1:colcon.colcon_core.package_identification:_identify(px4/__pycache__) by extension 'ros'
[0.268s] Level 1:colcon.colcon_core.package_identification:_identify(px4/__pycache__) by extensions ['cmake', 'python']
[0.268s] Level 1:colcon.colcon_core.package_identification:_identify(px4/__pycache__) by extension 'cmake'
[0.268s] Level 1:colcon.colcon_core.package_identification:_identify(px4/__pycache__) by extension 'python'
[0.268s] Level 1:colcon.colcon_core.package_identification:_identify(px4/__pycache__) by extensions ['python_setup_py']
[0.268s] Level 1:colcon.colcon_core.package_identification:_identify(px4/__pycache__) by extension 'python_setup_py'
[0.268s] Level 1:colcon.colcon_core.package_identification:_identify(px4/build) by extensions ['ignore', 'ignore_ament_install']
[0.268s] Level 1:colcon.colcon_core.package_identification:_identify(px4/build) by extension 'ignore'
[0.268s] Level 1:colcon.colcon_core.package_identification:_identify(px4/build) ignored
[0.269s] Level 1:colcon.colcon_core.package_identification:_identify(px4/c_generated_code) by extensions ['ignore', 'ignore_ament_install']
[0.269s] Level 1:colcon.colcon_core.package_identification:_identify(px4/c_generated_code) by extension 'ignore'
[0.269s] Level 1:colcon.colcon_core.package_identification:_identify(px4/c_generated_code) by extension 'ignore_ament_install'
[0.269s] Level 1:colcon.colcon_core.package_identification:_identify(px4/c_generated_code) by extensions ['colcon_pkg']
[0.269s] Level 1:colcon.colcon_core.package_identification:_identify(px4/c_generated_code) by extension 'colcon_pkg'
[0.269s] Level 1:colcon.colcon_core.package_identification:_identify(px4/c_generated_code) by extensions ['colcon_meta']
[0.269s] Level 1:colcon.colcon_core.package_identification:_identify(px4/c_generated_code) by extension 'colcon_meta'
[0.269s] Level 1:colcon.colcon_core.package_identification:_identify(px4/c_generated_code) by extensions ['ros']
[0.269s] Level 1:colcon.colcon_core.package_identification:_identify(px4/c_generated_code) by extension 'ros'
[0.269s] Level 1:colcon.colcon_core.package_identification:_identify(px4/c_generated_code) by extensions ['cmake', 'python']
[0.269s] Level 1:colcon.colcon_core.package_identification:_identify(px4/c_generated_code) by extension 'cmake'
[0.269s] Level 1:colcon.colcon_core.package_identification:_identify(px4/c_generated_code) by extension 'python'
[0.269s] Level 1:colcon.colcon_core.package_identification:_identify(px4/c_generated_code) by extensions ['python_setup_py']
[0.269s] Level 1:colcon.colcon_core.package_identification:_identify(px4/c_generated_code) by extension 'python_setup_py'
[0.269s] Level 1:colcon.colcon_core.package_identification:_identify(px4/c_generated_code/px4_model_constraints) by extensions ['ignore', 'ignore_ament_install']
[0.269s] Level 1:colcon.colcon_core.package_identification:_identify(px4/c_generated_code/px4_model_constraints) by extension 'ignore'
[0.269s] Level 1:colcon.colcon_core.package_identification:_identify(px4/c_generated_code/px4_model_constraints) by extension 'ignore_ament_install'
[0.269s] Level 1:colcon.colcon_core.package_identification:_identify(px4/c_generated_code/px4_model_constraints) by extensions ['colcon_pkg']
[0.269s] Level 1:colcon.colcon_core.package_identification:_identify(px4/c_generated_code/px4_model_constraints) by extension 'colcon_pkg'
[0.269s] Level 1:colcon.colcon_core.package_identification:_identify(px4/c_generated_code/px4_model_constraints) by extensions ['colcon_meta']
[0.269s] Level 1:colcon.colcon_core.package_identification:_identify(px4/c_generated_code/px4_model_constraints) by extension 'colcon_meta'
[0.269s] Level 1:colcon.colcon_core.package_identification:_identify(px4/c_generated_code/px4_model_constraints) by extensions ['ros']
[0.269s] Level 1:colcon.colcon_core.package_identification:_identify(px4/c_generated_code/px4_model_constraints) by extension 'ros'
[0.269s] Level 1:colcon.colcon_core.package_identification:_identify(px4/c_generated_code/px4_model_constraints) by extensions ['cmake', 'python']
[0.269s] Level 1:colcon.colcon_core.package_identification:_identify(px4/c_generated_code/px4_model_constraints) by extension 'cmake'
[0.269s] Level 1:colcon.colcon_core.package_identification:_identify(px4/c_generated_code/px4_model_constraints) by extension 'python'
[0.269s] Level 1:colcon.colcon_core.package_identification:_identify(px4/c_generated_code/px4_model_constraints) by extensions ['python_setup_py']
[0.269s] Level 1:colcon.colcon_core.package_identification:_identify(px4/c_generated_code/px4_model_constraints) by extension 'python_setup_py'
[0.269s] Level 1:colcon.colcon_core.package_identification:_identify(px4/c_generated_code/px4_model_model) by extensions ['ignore', 'ignore_ament_install']
[0.269s] Level 1:colcon.colcon_core.package_identification:_identify(px4/c_generated_code/px4_model_model) by extension 'ignore'
[0.269s] Level 1:colcon.colcon_core.package_identification:_identify(px4/c_generated_code/px4_model_model) by extension 'ignore_ament_install'
[0.269s] Level 1:colcon.colcon_core.package_identification:_identify(px4/c_generated_code/px4_model_model) by extensions ['colcon_pkg']
[0.269s] Level 1:colcon.colcon_core.package_identification:_identify(px4/c_generated_code/px4_model_model) by extension 'colcon_pkg'
[0.269s] Level 1:colcon.colcon_core.package_identification:_identify(px4/c_generated_code/px4_model_model) by extensions ['colcon_meta']
[0.269s] Level 1:colcon.colcon_core.package_identification:_identify(px4/c_generated_code/px4_model_model) by extension 'colcon_meta'
[0.269s] Level 1:colcon.colcon_core.package_identification:_identify(px4/c_generated_code/px4_model_model) by extensions ['ros']
[0.269s] Level 1:colcon.colcon_core.package_identification:_identify(px4/c_generated_code/px4_model_model) by extension 'ros'
[0.269s] Level 1:colcon.colcon_core.package_identification:_identify(px4/c_generated_code/px4_model_model) by extensions ['cmake', 'python']
[0.269s] Level 1:colcon.colcon_core.package_identification:_identify(px4/c_generated_code/px4_model_model) by extension 'cmake'
[0.270s] Level 1:colcon.colcon_core.package_identification:_identify(px4/c_generated_code/px4_model_model) by extension 'python'
[0.270s] Level 1:colcon.colcon_core.package_identification:_identify(px4/c_generated_code/px4_model_model) by extensions ['python_setup_py']
[0.270s] Level 1:colcon.colcon_core.package_identification:_identify(px4/c_generated_code/px4_model_model) by extension 'python_setup_py'
[0.270s] Level 1:colcon.colcon_core.package_identification:_identify(px4/install) by extensions ['ignore', 'ignore_ament_install']
[0.270s] Level 1:colcon.colcon_core.package_identification:_identify(px4/install) by extension 'ignore'
[0.270s] Level 1:colcon.colcon_core.package_identification:_identify(px4/install) ignored
[0.270s] Level 1:colcon.colcon_core.package_identification:_identify(px4/log) by extensions ['ignore', 'ignore_ament_install']
[0.270s] Level 1:colcon.colcon_core.package_identification:_identify(px4/log) by extension 'ignore'
[0.270s] Level 1:colcon.colcon_core.package_identification:_identify(px4/log) ignored
[0.270s] Level 1:colcon.colcon_core.package_identification:_identify(px4_payload) by extensions ['ignore', 'ignore_ament_install']
[0.270s] Level 1:colcon.colcon_core.package_identification:_identify(px4_payload) by extension 'ignore'
[0.270s] Level 1:colcon.colcon_core.package_identification:_identify(px4_payload) by extension 'ignore_ament_install'
[0.270s] Level 1:colcon.colcon_core.package_identification:_identify(px4_payload) by extensions ['colcon_pkg']
[0.270s] Level 1:colcon.colcon_core.package_identification:_identify(px4_payload) by extension 'colcon_pkg'
[0.270s] Level 1:colcon.colcon_core.package_identification:_identify(px4_payload) by extensions ['colcon_meta']
[0.270s] Level 1:colcon.colcon_core.package_identification:_identify(px4_payload) by extension 'colcon_meta'
[0.270s] Level 1:colcon.colcon_core.package_identification:_identify(px4_payload) by extensions ['ros']
[0.270s] Level 1:colcon.colcon_core.package_identification:_identify(px4_payload) by extension 'ros'
[0.270s] Level 1:colcon.colcon_core.package_identification:_identify(px4_payload) by extensions ['cmake', 'python']
[0.270s] Level 1:colcon.colcon_core.package_identification:_identify(px4_payload) by extension 'cmake'
[0.270s] Level 1:colcon.colcon_core.package_identification:_identify(px4_payload) by extension 'python'
[0.270s] Level 1:colcon.colcon_core.package_identification:_identify(px4_payload) by extensions ['python_setup_py']
[0.270s] Level 1:colcon.colcon_core.package_identification:_identify(px4_payload) by extension 'python_setup_py'
[0.270s] Level 1:colcon.colcon_core.package_identification:_identify(px4_payload/__pycache__) by extensions ['ignore', 'ignore_ament_install']
[0.270s] Level 1:colcon.colcon_core.package_identification:_identify(px4_payload/__pycache__) by extension 'ignore'
[0.270s] Level 1:colcon.colcon_core.package_identification:_identify(px4_payload/__pycache__) by extension 'ignore_ament_install'
[0.270s] Level 1:colcon.colcon_core.package_identification:_identify(px4_payload/__pycache__) by extensions ['colcon_pkg']
[0.270s] Level 1:colcon.colcon_core.package_identification:_identify(px4_payload/__pycache__) by extension 'colcon_pkg'
[0.270s] Level 1:colcon.colcon_core.package_identification:_identify(px4_payload/__pycache__) by extensions ['colcon_meta']
[0.270s] Level 1:colcon.colcon_core.package_identification:_identify(px4_payload/__pycache__) by extension 'colcon_meta'
[0.270s] Level 1:colcon.colcon_core.package_identification:_identify(px4_payload/__pycache__) by extensions ['ros']
[0.270s] Level 1:colcon.colcon_core.package_identification:_identify(px4_payload/__pycache__) by extension 'ros'
[0.270s] Level 1:colcon.colcon_core.package_identification:_identify(px4_payload/__pycache__) by extensions ['cmake', 'python']
[0.270s] Level 1:colcon.colcon_core.package_identification:_identify(px4_payload/__pycache__) by extension 'cmake'
[0.270s] Level 1:colcon.colcon_core.package_identification:_identify(px4_payload/__pycache__) by extension 'python'
[0.270s] Level 1:colcon.colcon_core.package_identification:_identify(px4_payload/__pycache__) by extensions ['python_setup_py']
[0.270s] Level 1:colcon.colcon_core.package_identification:_identify(px4_payload/__pycache__) by extension 'python_setup_py'
[0.271s] Level 1:colcon.colcon_core.package_identification:_identify(px4_payload/c_generated_code) by extensions ['ignore', 'ignore_ament_install']
[0.271s] Level 1:colcon.colcon_core.package_identification:_identify(px4_payload/c_generated_code) by extension 'ignore'
[0.271s] Level 1:colcon.colcon_core.package_identification:_identify(px4_payload/c_generated_code) by extension 'ignore_ament_install'
[0.271s] Level 1:colcon.colcon_core.package_identification:_identify(px4_payload/c_generated_code) by extensions ['colcon_pkg']
[0.271s] Level 1:colcon.colcon_core.package_identification:_identify(px4_payload/c_generated_code) by extension 'colcon_pkg'
[0.271s] Level 1:colcon.colcon_core.package_identification:_identify(px4_payload/c_generated_code) by extensions ['colcon_meta']
[0.271s] Level 1:colcon.colcon_core.package_identification:_identify(px4_payload/c_generated_code) by extension 'colcon_meta'
[0.271s] Level 1:colcon.colcon_core.package_identification:_identify(px4_payload/c_generated_code) by extensions ['ros']
[0.271s] Level 1:colcon.colcon_core.package_identification:_identify(px4_payload/c_generated_code) by extension 'ros'
[0.271s] Level 1:colcon.colcon_core.package_identification:_identify(px4_payload/c_generated_code) by extensions ['cmake', 'python']
[0.271s] Level 1:colcon.colcon_core.package_identification:_identify(px4_payload/c_generated_code) by extension 'cmake'
[0.271s] Level 1:colcon.colcon_core.package_identification:_identify(px4_payload/c_generated_code) by extension 'python'
[0.271s] Level 1:colcon.colcon_core.package_identification:_identify(px4_payload/c_generated_code) by extensions ['python_setup_py']
[0.271s] Level 1:colcon.colcon_core.package_identification:_identify(px4_payload/c_generated_code) by extension 'python_setup_py'
[0.271s] Level 1:colcon.colcon_core.package_identification:_identify(px4_payload/c_generated_code/px4_payload_model_constraints) by extensions ['ignore', 'ignore_ament_install']
[0.271s] Level 1:colcon.colcon_core.package_identification:_identify(px4_payload/c_generated_code/px4_payload_model_constraints) by extension 'ignore'
[0.271s] Level 1:colcon.colcon_core.package_identification:_identify(px4_payload/c_generated_code/px4_payload_model_constraints) by extension 'ignore_ament_install'
[0.271s] Level 1:colcon.colcon_core.package_identification:_identify(px4_payload/c_generated_code/px4_payload_model_constraints) by extensions ['colcon_pkg']
[0.271s] Level 1:colcon.colcon_core.package_identification:_identify(px4_payload/c_generated_code/px4_payload_model_constraints) by extension 'colcon_pkg'
[0.271s] Level 1:colcon.colcon_core.package_identification:_identify(px4_payload/c_generated_code/px4_payload_model_constraints) by extensions ['colcon_meta']
[0.271s] Level 1:colcon.colcon_core.package_identification:_identify(px4_payload/c_generated_code/px4_payload_model_constraints) by extension 'colcon_meta'
[0.271s] Level 1:colcon.colcon_core.package_identification:_identify(px4_payload/c_generated_code/px4_payload_model_constraints) by extensions ['ros']
[0.271s] Level 1:colcon.colcon_core.package_identification:_identify(px4_payload/c_generated_code/px4_payload_model_constraints) by extension 'ros'
[0.271s] Level 1:colcon.colcon_core.package_identification:_identify(px4_payload/c_generated_code/px4_payload_model_constraints) by extensions ['cmake', 'python']
[0.271s] Level 1:colcon.colcon_core.package_identification:_identify(px4_payload/c_generated_code/px4_payload_model_constraints) by extension 'cmake'
[0.271s] Level 1:colcon.colcon_core.package_identification:_identify(px4_payload/c_generated_code/px4_payload_model_constraints) by extension 'python'
[0.271s] Level 1:colcon.colcon_core.package_identification:_identify(px4_payload/c_generated_code/px4_payload_model_constraints) by extensions ['python_setup_py']
[0.271s] Level 1:colcon.colcon_core.package_identification:_identify(px4_payload/c_generated_code/px4_payload_model_constraints) by extension 'python_setup_py'
[0.271s] Level 1:colcon.colcon_core.package_identification:_identify(px4_payload/c_generated_code/px4_payload_model_model) by extensions ['ignore', 'ignore_ament_install']
[0.271s] Level 1:colcon.colcon_core.package_identification:_identify(px4_payload/c_generated_code/px4_payload_model_model) by extension 'ignore'
[0.271s] Level 1:colcon.colcon_core.package_identification:_identify(px4_payload/c_generated_code/px4_payload_model_model) by extension 'ignore_ament_install'
[0.271s] Level 1:colcon.colcon_core.package_identification:_identify(px4_payload/c_generated_code/px4_payload_model_model) by extensions ['colcon_pkg']
[0.271s] Level 1:colcon.colcon_core.package_identification:_identify(px4_payload/c_generated_code/px4_payload_model_model) by extension 'colcon_pkg'
[0.271s] Level 1:colcon.colcon_core.package_identification:_identify(px4_payload/c_generated_code/px4_payload_model_model) by extensions ['colcon_meta']
[0.271s] Level 1:colcon.colcon_core.package_identification:_identify(px4_payload/c_generated_code/px4_payload_model_model) by extension 'colcon_meta'
[0.271s] Level 1:colcon.colcon_core.package_identification:_identify(px4_payload/c_generated_code/px4_payload_model_model) by extensions ['ros']
[0.271s] Level 1:colcon.colcon_core.package_identification:_identify(px4_payload/c_generated_code/px4_payload_model_model) by extension 'ros'
[0.272s] Level 1:colcon.colcon_core.package_identification:_identify(px4_payload/c_generated_code/px4_payload_model_model) by extensions ['cmake', 'python']
[0.272s] Level 1:colcon.colcon_core.package_identification:_identify(px4_payload/c_generated_code/px4_payload_model_model) by extension 'cmake'
[0.272s] Level 1:colcon.colcon_core.package_identification:_identify(px4_payload/c_generated_code/px4_payload_model_model) by extension 'python'
[0.272s] Level 1:colcon.colcon_core.package_identification:_identify(px4_payload/c_generated_code/px4_payload_model_model) by extensions ['python_setup_py']
[0.272s] Level 1:colcon.colcon_core.package_identification:_identify(px4_payload/c_generated_code/px4_payload_model_model) by extension 'python_setup_py'
[0.272s] Level 1:colcon.colcon_core.package_identification:_identify(src) by extensions ['ignore', 'ignore_ament_install']
[0.272s] Level 1:colcon.colcon_core.package_identification:_identify(src) by extension 'ignore'
[0.272s] Level 1:colcon.colcon_core.package_identification:_identify(src) by extension 'ignore_ament_install'
[0.272s] Level 1:colcon.colcon_core.package_identification:_identify(src) by extensions ['colcon_pkg']
[0.272s] Level 1:colcon.colcon_core.package_identification:_identify(src) by extension 'colcon_pkg'
[0.272s] Level 1:colcon.colcon_core.package_identification:_identify(src) by extensions ['colcon_meta']
[0.272s] Level 1:colcon.colcon_core.package_identification:_identify(src) by extension 'colcon_meta'
[0.272s] Level 1:colcon.colcon_core.package_identification:_identify(src) by extensions ['ros']
[0.272s] Level 1:colcon.colcon_core.package_identification:_identify(src) by extension 'ros'
[0.272s] Level 1:colcon.colcon_core.package_identification:_identify(src) by extensions ['cmake', 'python']
[0.272s] Level 1:colcon.colcon_core.package_identification:_identify(src) by extension 'cmake'
[0.272s] Level 1:colcon.colcon_core.package_identification:_identify(src) by extension 'python'
[0.272s] Level 1:colcon.colcon_core.package_identification:_identify(src) by extensions ['python_setup_py']
[0.272s] Level 1:colcon.colcon_core.package_identification:_identify(src) by extension 'python_setup_py'
[0.272s] Level 1:colcon.colcon_core.package_identification:_identify(src/plan_env) by extensions ['ignore', 'ignore_ament_install']
[0.272s] Level 1:colcon.colcon_core.package_identification:_identify(src/plan_env) by extension 'ignore'
[0.272s] Level 1:colcon.colcon_core.package_identification:_identify(src/plan_env) by extension 'ignore_ament_install'
[0.272s] Level 1:colcon.colcon_core.package_identification:_identify(src/plan_env) by extensions ['colcon_pkg']
[0.272s] Level 1:colcon.colcon_core.package_identification:_identify(src/plan_env) by extension 'colcon_pkg'
[0.272s] Level 1:colcon.colcon_core.package_identification:_identify(src/plan_env) by extensions ['colcon_meta']
[0.272s] Level 1:colcon.colcon_core.package_identification:_identify(src/plan_env) by extension 'colcon_meta'
[0.272s] Level 1:colcon.colcon_core.package_identification:_identify(src/plan_env) by extensions ['ros']
[0.272s] Level 1:colcon.colcon_core.package_identification:_identify(src/plan_env) by extension 'ros'
[0.275s] DEBUG:colcon.colcon_core.package_identification:Package 'src/plan_env' with type 'ros.ament_cmake' and name 'plan_env'
[0.275s] Level 1:colcon.colcon_core.package_identification:_identify(src/px4_nmpc) by extensions ['ignore', 'ignore_ament_install']
[0.275s] Level 1:colcon.colcon_core.package_identification:_identify(src/px4_nmpc) by extension 'ignore'
[0.275s] Level 1:colcon.colcon_core.package_identification:_identify(src/px4_nmpc) by extension 'ignore_ament_install'
[0.275s] Level 1:colcon.colcon_core.package_identification:_identify(src/px4_nmpc) by extensions ['colcon_pkg']
[0.275s] Level 1:colcon.colcon_core.package_identification:_identify(src/px4_nmpc) by extension 'colcon_pkg'
[0.275s] Level 1:colcon.colcon_core.package_identification:_identify(src/px4_nmpc) by extensions ['colcon_meta']
[0.275s] Level 1:colcon.colcon_core.package_identification:_identify(src/px4_nmpc) by extension 'colcon_meta'
[0.275s] Level 1:colcon.colcon_core.package_identification:_identify(src/px4_nmpc) by extensions ['ros']
[0.275s] Level 1:colcon.colcon_core.package_identification:_identify(src/px4_nmpc) by extension 'ros'
[0.276s] DEBUG:colcon.colcon_core.package_identification:Package 'src/px4_nmpc' with type 'ros.ament_cmake' and name 'px4_nmpc'
[0.276s] Level 1:colcon.colcon_core.package_identification:_identify(src/px4_offboard_control) by extensions ['ignore', 'ignore_ament_install']
[0.276s] Level 1:colcon.colcon_core.package_identification:_identify(src/px4_offboard_control) by extension 'ignore'
[0.276s] Level 1:colcon.colcon_core.package_identification:_identify(src/px4_offboard_control) by extension 'ignore_ament_install'
[0.276s] Level 1:colcon.colcon_core.package_identification:_identify(src/px4_offboard_control) by extensions ['colcon_pkg']
[0.276s] Level 1:colcon.colcon_core.package_identification:_identify(src/px4_offboard_control) by extension 'colcon_pkg'
[0.276s] Level 1:colcon.colcon_core.package_identification:_identify(src/px4_offboard_control) by extensions ['colcon_meta']
[0.276s] Level 1:colcon.colcon_core.package_identification:_identify(src/px4_offboard_control) by extension 'colcon_meta'
[0.276s] Level 1:colcon.colcon_core.package_identification:_identify(src/px4_offboard_control) by extensions ['ros']
[0.276s] Level 1:colcon.colcon_core.package_identification:_identify(src/px4_offboard_control) by extension 'ros'
[0.277s] DEBUG:colcon.colcon_core.package_identification:Package 'src/px4_offboard_control' with type 'ros.ament_cmake' and name 'px4_offboard_control'
[0.277s] Level 1:colcon.colcon_core.package_identification:_identify(src/px4_payload_nmpc) by extensions ['ignore', 'ignore_ament_install']
[0.277s] Level 1:colcon.colcon_core.package_identification:_identify(src/px4_payload_nmpc) by extension 'ignore'
[0.277s] Level 1:colcon.colcon_core.package_identification:_identify(src/px4_payload_nmpc) by extension 'ignore_ament_install'
[0.277s] Level 1:colcon.colcon_core.package_identification:_identify(src/px4_payload_nmpc) by extensions ['colcon_pkg']
[0.277s] Level 1:colcon.colcon_core.package_identification:_identify(src/px4_payload_nmpc) by extension 'colcon_pkg'
[0.277s] Level 1:colcon.colcon_core.package_identification:_identify(src/px4_payload_nmpc) by extensions ['colcon_meta']
[0.277s] Level 1:colcon.colcon_core.package_identification:_identify(src/px4_payload_nmpc) by extension 'colcon_meta'
[0.277s] Level 1:colcon.colcon_core.package_identification:_identify(src/px4_payload_nmpc) by extensions ['ros']
[0.277s] Level 1:colcon.colcon_core.package_identification:_identify(src/px4_payload_nmpc) by extension 'ros'
[0.278s] DEBUG:colcon.colcon_core.package_identification:Package 'src/px4_payload_nmpc' with type 'ros.ament_cmake' and name 'px4_payload_nmpc'
[0.278s] Level 1:colcon.colcon_core.package_discovery:discover_packages(recursive) using defaults
[0.278s] Level 1:colcon.colcon_core.package_discovery:discover_packages(ignore) discover
[0.278s] Level 1:colcon.colcon_core.package_discovery:discover_packages(ignore) using defaults
[0.278s] Level 1:colcon.colcon_core.package_discovery:discover_packages(path) discover
[0.278s] Level 1:colcon.colcon_core.package_discovery:discover_packages(path) using defaults
[0.300s] INFO:colcon.colcon_core.package_selection:Skipping not selected package 'plan_env' in 'src/plan_env'
[0.300s] INFO:colcon.colcon_core.package_selection:Skipping not selected package 'px4_offboard_control' in 'src/px4_offboard_control'
[0.301s] INFO:colcon.colcon_core.package_selection:Skipping not selected package 'px4_nmpc' in 'src/px4_nmpc'
[0.301s] Level 1:colcon.colcon_core.package_discovery:discover_packages(prefix_path) check parameters
[0.301s] Level 1:colcon.colcon_core.package_discovery:discover_packages(prefix_path) discover
[0.303s] DEBUG:colcon.colcon_installed_package_information.package_discovery:Found 14 installed packages in /home/chen/ws_livox/install
[0.304s] DEBUG:colcon.colcon_installed_package_information.package_discovery:Found 305 installed packages in /opt/ros/humble
[0.305s] Level 1:colcon.colcon_core.package_discovery:discover_packages(prefix_path) using defaults
[0.330s] Level 5:colcon.colcon_core.verb:set package 'px4_payload_nmpc' build argument 'cmake_args' from command line to 'None'
[0.330s] Level 5:colcon.colcon_core.verb:set package 'px4_payload_nmpc' build argument 'cmake_target' from command line to 'None'
[0.330s] Level 5:colcon.colcon_core.verb:set package 'px4_payload_nmpc' build argument 'cmake_target_skip_unavailable' from command line to 'False'
[0.330s] Level 5:colcon.colcon_core.verb:set package 'px4_payload_nmpc' build argument 'cmake_clean_cache' from command line to 'False'
[0.330s] Level 5:colcon.colcon_core.verb:set package 'px4_payload_nmpc' build argument 'cmake_clean_first' from command line to 'False'
[0.330s] Level 5:colcon.colcon_core.verb:set package 'px4_payload_nmpc' build argument 'cmake_force_configure' from command line to 'False'
[0.330s] Level 5:colcon.colcon_core.verb:set package 'px4_payload_nmpc' build argument 'ament_cmake_args' from command line to 'None'
[0.330s] Level 5:colcon.colcon_core.verb:set package 'px4_payload_nmpc' build argument 'catkin_cmake_args' from command line to 'None'
[0.330s] Level 5:colcon.colcon_core.verb:set package 'px4_payload_nmpc' build argument 'catkin_skip_building_tests' from command line to 'False'
[0.330s] DEBUG:colcon.colcon_core.verb:Building package 'px4_payload_nmpc' with the following arguments: {'ament_cmake_args': None, 'build_base': '/home/chen/px4_ws/build/px4_payload_nmpc', 'catkin_cmake_args': None, 'catkin_skip_building_tests': False, 'cmake_args': None, 'cmake_clean_cache': False, 'cmake_clean_first': False, 'cmake_force_configure': False, 'cmake_target': None, 'cmake_target_skip_unavailable': False, 'install_base': '/home/chen/px4_ws/install/px4_payload_nmpc', 'merge_install': False, 'path': '/home/chen/px4_ws/src/px4_payload_nmpc', 'symlink_install': False, 'test_result_base': None}
[0.330s] INFO:colcon.colcon_core.executor:Executing jobs using 'parallel' executor
[0.331s] DEBUG:colcon.colcon_parallel_executor.executor.parallel:run_until_complete
[0.331s] INFO:colcon.colcon_ros.task.ament_cmake.build:Building ROS package in '/home/chen/px4_ws/src/px4_payload_nmpc' with build type 'ament_cmake'
[0.331s] INFO:colcon.colcon_cmake.task.cmake.build:Building CMake package in '/home/chen/px4_ws/src/px4_payload_nmpc'
[0.333s] INFO:colcon.colcon_core.plugin_system:Skipping extension 'colcon_core.shell.bat': Not used on non-Windows systems
[0.333s] INFO:colcon.colcon_core.shell:Skip shell extension 'powershell' for command environment: Not usable outside of PowerShell
[0.333s] DEBUG:colcon.colcon_core.shell:Skip shell extension 'dsv' for command environment
[0.345s] DEBUG:colcon.colcon_core.event_handler.log_command:Invoking command in '/home/chen/px4_ws/build/px4_payload_nmpc': AMENT_PREFIX_PATH=/home/chen/px4_ws/install/plan_env:${AMENT_PREFIX_PATH} CMAKE_PREFIX_PATH=/home/chen/px4_ws/install/plan_env:/home/chen/ws_livox/install/vrpn_relative_pose:/home/chen/ws_livox/install/vrpn_listener:/home/chen/ws_livox/install/vins_fusion_ros2:/home/chen/ws_livox/install/tf:/home/chen/ws_livox/install/realsense2_description:/home/chen/ws_livox/install/realsense2_camera:/home/chen/ws_livox/install/realsense2_camera_msgs:/home/chen/ws_livox/install/pose_send:/home/chen/ws_livox/install/point_cloud_filter:/home/chen/ws_livox/install/orbslam3:/home/chen/ws_livox/install/offboard_test:/home/chen/ws_livox/install/fast_lio:/home/chen/ws_livox/install/livox_ros_driver2:/home/chen/ws_livox/install/cluster_detection:/opt/ros/humble LD_LIBRARY_PATH=/home/chen/px4_ws/install/plan_env/lib:${LD_LIBRARY_PATH} PYTHONPATH=/home/chen/px4_ws/install/plan_env/local/lib/python3.10/dist-packages:${PYTHONPATH} /usr/bin/cmake --build /home/chen/px4_ws/build/px4_payload_nmpc -- -j16 -l16
[15.605s] DEBUG:colcon.colcon_core.event_handler.log_command:Invoked command in '/home/chen/px4_ws/build/px4_payload_nmpc' returned '0': AMENT_PREFIX_PATH=/home/chen/px4_ws/install/plan_env:${AMENT_PREFIX_PATH} CMAKE_PREFIX_PATH=/home/chen/px4_ws/install/plan_env:/home/chen/ws_livox/install/vrpn_relative_pose:/home/chen/ws_livox/install/vrpn_listener:/home/chen/ws_livox/install/vins_fusion_ros2:/home/chen/ws_livox/install/tf:/home/chen/ws_livox/install/realsense2_description:/home/chen/ws_livox/install/realsense2_camera:/home/chen/ws_livox/install/realsense2_camera_msgs:/home/chen/ws_livox/install/pose_send:/home/chen/ws_livox/install/point_cloud_filter:/home/chen/ws_livox/install/orbslam3:/home/chen/ws_livox/install/offboard_test:/home/chen/ws_livox/install/fast_lio:/home/chen/ws_livox/install/livox_ros_driver2:/home/chen/ws_livox/install/cluster_detection:/opt/ros/humble LD_LIBRARY_PATH=/home/chen/px4_ws/install/plan_env/lib:${LD_LIBRARY_PATH} PYTHONPATH=/home/chen/px4_ws/install/plan_env/local/lib/python3.10/dist-packages:${PYTHONPATH} /usr/bin/cmake --build /home/chen/px4_ws/build/px4_payload_nmpc -- -j16 -l16
[15.623s] DEBUG:colcon.colcon_core.event_handler.log_command:Invoking command in '/home/chen/px4_ws/build/px4_payload_nmpc': AMENT_PREFIX_PATH=/home/chen/px4_ws/install/plan_env:${AMENT_PREFIX_PATH} CMAKE_PREFIX_PATH=/home/chen/px4_ws/install/plan_env:/home/chen/ws_livox/install/vrpn_relative_pose:/home/chen/ws_livox/install/vrpn_listener:/home/chen/ws_livox/install/vins_fusion_ros2:/home/chen/ws_livox/install/tf:/home/chen/ws_livox/install/realsense2_description:/home/chen/ws_livox/install/realsense2_camera:/home/chen/ws_livox/install/realsense2_camera_msgs:/home/chen/ws_livox/install/pose_send:/home/chen/ws_livox/install/point_cloud_filter:/home/chen/ws_livox/install/orbslam3:/home/chen/ws_livox/install/offboard_test:/home/chen/ws_livox/install/fast_lio:/home/chen/ws_livox/install/livox_ros_driver2:/home/chen/ws_livox/install/cluster_detection:/opt/ros/humble LD_LIBRARY_PATH=/home/chen/px4_ws/install/plan_env/lib:${LD_LIBRARY_PATH} PYTHONPATH=/home/chen/px4_ws/install/plan_env/local/lib/python3.10/dist-packages:${PYTHONPATH} /usr/bin/cmake --install /home/chen/px4_ws/build/px4_payload_nmpc
[15.649s] Level 1:colcon.colcon_core.environment:create_environment_scripts_only(px4_payload_nmpc)
[15.651s] DEBUG:colcon.colcon_core.event_handler.log_command:Invoked command in '/home/chen/px4_ws/build/px4_payload_nmpc' returned '0': AMENT_PREFIX_PATH=/home/chen/px4_ws/install/plan_env:${AMENT_PREFIX_PATH} CMAKE_PREFIX_PATH=/home/chen/px4_ws/install/plan_env:/home/chen/ws_livox/install/vrpn_relative_pose:/home/chen/ws_livox/install/vrpn_listener:/home/chen/ws_livox/install/vins_fusion_ros2:/home/chen/ws_livox/install/tf:/home/chen/ws_livox/install/realsense2_description:/home/chen/ws_livox/install/realsense2_camera:/home/chen/ws_livox/install/realsense2_camera_msgs:/home/chen/ws_livox/install/pose_send:/home/chen/ws_livox/install/point_cloud_filter:/home/chen/ws_livox/install/orbslam3:/home/chen/ws_livox/install/offboard_test:/home/chen/ws_livox/install/fast_lio:/home/chen/ws_livox/install/livox_ros_driver2:/home/chen/ws_livox/install/cluster_detection:/opt/ros/humble LD_LIBRARY_PATH=/home/chen/px4_ws/install/plan_env/lib:${LD_LIBRARY_PATH} PYTHONPATH=/home/chen/px4_ws/install/plan_env/local/lib/python3.10/dist-packages:${PYTHONPATH} /usr/bin/cmake --install /home/chen/px4_ws/build/px4_payload_nmpc
[15.653s] Level 1:colcon.colcon_core.environment:checking '/home/chen/px4_ws/install/px4_payload_nmpc' for CMake module files
[15.653s] Level 1:colcon.colcon_core.environment:checking '/home/chen/px4_ws/install/px4_payload_nmpc' for CMake config files
[15.653s] Level 1:colcon.colcon_core.shell:create_environment_hook('px4_payload_nmpc', 'cmake_prefix_path')
[15.653s] INFO:colcon.colcon_core.shell:Creating environment hook '/home/chen/px4_ws/install/px4_payload_nmpc/share/px4_payload_nmpc/hook/cmake_prefix_path.ps1'
[15.654s] INFO:colcon.colcon_core.shell:Creating environment descriptor '/home/chen/px4_ws/install/px4_payload_nmpc/share/px4_payload_nmpc/hook/cmake_prefix_path.dsv'
[15.654s] INFO:colcon.colcon_core.shell:Creating environment hook '/home/chen/px4_ws/install/px4_payload_nmpc/share/px4_payload_nmpc/hook/cmake_prefix_path.sh'
[15.655s] Level 1:colcon.colcon_core.environment:checking '/home/chen/px4_ws/install/px4_payload_nmpc/lib'
[15.655s] Level 1:colcon.colcon_core.shell:create_environment_hook('px4_payload_nmpc', 'ld_library_path_lib')
[15.655s] INFO:colcon.colcon_core.shell:Creating environment hook '/home/chen/px4_ws/install/px4_payload_nmpc/share/px4_payload_nmpc/hook/ld_library_path_lib.ps1'
[15.655s] INFO:colcon.colcon_core.shell:Creating environment descriptor '/home/chen/px4_ws/install/px4_payload_nmpc/share/px4_payload_nmpc/hook/ld_library_path_lib.dsv'
[15.656s] INFO:colcon.colcon_core.shell:Creating environment hook '/home/chen/px4_ws/install/px4_payload_nmpc/share/px4_payload_nmpc/hook/ld_library_path_lib.sh'
[15.656s] Level 1:colcon.colcon_core.environment:checking '/home/chen/px4_ws/install/px4_payload_nmpc/bin'
[15.656s] Level 1:colcon.colcon_core.shell:create_environment_hook('px4_payload_nmpc', 'path')
[15.656s] INFO:colcon.colcon_core.shell:Creating environment hook '/home/chen/px4_ws/install/px4_payload_nmpc/share/px4_payload_nmpc/hook/path.ps1'
[15.656s] INFO:colcon.colcon_core.shell:Creating environment descriptor '/home/chen/px4_ws/install/px4_payload_nmpc/share/px4_payload_nmpc/hook/path.dsv'
[15.656s] INFO:colcon.colcon_core.shell:Creating environment hook '/home/chen/px4_ws/install/px4_payload_nmpc/share/px4_payload_nmpc/hook/path.sh'
[15.657s] Level 1:colcon.colcon_core.environment:checking '/home/chen/px4_ws/install/px4_payload_nmpc/lib/pkgconfig/px4_payload_nmpc.pc'
[15.657s] Level 1:colcon.colcon_core.environment:checking '/home/chen/px4_ws/install/px4_payload_nmpc/lib/python3.10/site-packages'
[15.657s] Level 1:colcon.colcon_core.environment:checking '/home/chen/px4_ws/install/px4_payload_nmpc/bin'
[15.657s] Level 1:colcon.colcon_core.shell:create_environment_hook('px4_payload_nmpc', 'pythonscriptspath')
[15.657s] INFO:colcon.colcon_core.shell:Creating environment hook '/home/chen/px4_ws/install/px4_payload_nmpc/share/px4_payload_nmpc/hook/pythonscriptspath.ps1'
[15.657s] INFO:colcon.colcon_core.shell:Creating environment descriptor '/home/chen/px4_ws/install/px4_payload_nmpc/share/px4_payload_nmpc/hook/pythonscriptspath.dsv'
[15.657s] INFO:colcon.colcon_core.shell:Creating environment hook '/home/chen/px4_ws/install/px4_payload_nmpc/share/px4_payload_nmpc/hook/pythonscriptspath.sh'
[15.658s] INFO:colcon.colcon_core.shell:Creating package script '/home/chen/px4_ws/install/px4_payload_nmpc/share/px4_payload_nmpc/package.ps1'
[15.658s] INFO:colcon.colcon_core.shell:Creating package descriptor '/home/chen/px4_ws/install/px4_payload_nmpc/share/px4_payload_nmpc/package.dsv'
[15.659s] INFO:colcon.colcon_core.shell:Creating package script '/home/chen/px4_ws/install/px4_payload_nmpc/share/px4_payload_nmpc/package.sh'
[15.659s] INFO:colcon.colcon_core.shell:Creating package script '/home/chen/px4_ws/install/px4_payload_nmpc/share/px4_payload_nmpc/package.bash'
[15.660s] INFO:colcon.colcon_core.shell:Creating package script '/home/chen/px4_ws/install/px4_payload_nmpc/share/px4_payload_nmpc/package.zsh'
[15.660s] Level 1:colcon.colcon_core.environment:create_file_with_runtime_dependencies(/home/chen/px4_ws/install/px4_payload_nmpc/share/colcon-core/packages/px4_payload_nmpc)
[15.661s] Level 1:colcon.colcon_core.environment:create_environment_scripts_only(px4_payload_nmpc)
[15.661s] Level 1:colcon.colcon_core.environment:checking '/home/chen/px4_ws/install/px4_payload_nmpc' for CMake module files
[15.661s] Level 1:colcon.colcon_core.environment:checking '/home/chen/px4_ws/install/px4_payload_nmpc' for CMake config files
[15.661s] Level 1:colcon.colcon_core.shell:create_environment_hook('px4_payload_nmpc', 'cmake_prefix_path')
[15.661s] INFO:colcon.colcon_core.shell:Creating environment hook '/home/chen/px4_ws/install/px4_payload_nmpc/share/px4_payload_nmpc/hook/cmake_prefix_path.ps1'
[15.661s] INFO:colcon.colcon_core.shell:Creating environment descriptor '/home/chen/px4_ws/install/px4_payload_nmpc/share/px4_payload_nmpc/hook/cmake_prefix_path.dsv'
[15.662s] INFO:colcon.colcon_core.shell:Creating environment hook '/home/chen/px4_ws/install/px4_payload_nmpc/share/px4_payload_nmpc/hook/cmake_prefix_path.sh'
[15.662s] Level 1:colcon.colcon_core.environment:checking '/home/chen/px4_ws/install/px4_payload_nmpc/lib'
[15.662s] Level 1:colcon.colcon_core.shell:create_environment_hook('px4_payload_nmpc', 'ld_library_path_lib')
[15.662s] INFO:colcon.colcon_core.shell:Creating environment hook '/home/chen/px4_ws/install/px4_payload_nmpc/share/px4_payload_nmpc/hook/ld_library_path_lib.ps1'
[15.662s] INFO:colcon.colcon_core.shell:Creating environment descriptor '/home/chen/px4_ws/install/px4_payload_nmpc/share/px4_payload_nmpc/hook/ld_library_path_lib.dsv'
[15.662s] INFO:colcon.colcon_core.shell:Creating environment hook '/home/chen/px4_ws/install/px4_payload_nmpc/share/px4_payload_nmpc/hook/ld_library_path_lib.sh'
[15.663s] Level 1:colcon.colcon_core.environment:checking '/home/chen/px4_ws/install/px4_payload_nmpc/bin'
[15.663s] Level 1:colcon.colcon_core.shell:create_environment_hook('px4_payload_nmpc', 'path')
[15.663s] INFO:colcon.colcon_core.shell:Creating environment hook '/home/chen/px4_ws/install/px4_payload_nmpc/share/px4_payload_nmpc/hook/path.ps1'
[15.663s] INFO:colcon.colcon_core.shell:Creating environment descriptor '/home/chen/px4_ws/install/px4_payload_nmpc/share/px4_payload_nmpc/hook/path.dsv'
[15.663s] INFO:colcon.colcon_core.shell:Creating environment hook '/home/chen/px4_ws/install/px4_payload_nmpc/share/px4_payload_nmpc/hook/path.sh'
[15.663s] Level 1:colcon.colcon_core.environment:checking '/home/chen/px4_ws/install/px4_payload_nmpc/lib/pkgconfig/px4_payload_nmpc.pc'
[15.664s] Level 1:colcon.colcon_core.environment:checking '/home/chen/px4_ws/install/px4_payload_nmpc/lib/python3.10/site-packages'
[15.664s] Level 1:colcon.colcon_core.environment:checking '/home/chen/px4_ws/install/px4_payload_nmpc/bin'
[15.664s] Level 1:colcon.colcon_core.shell:create_environment_hook('px4_payload_nmpc', 'pythonscriptspath')
[15.664s] INFO:colcon.colcon_core.shell:Creating environment hook '/home/chen/px4_ws/install/px4_payload_nmpc/share/px4_payload_nmpc/hook/pythonscriptspath.ps1'
[15.664s] INFO:colcon.colcon_core.shell:Creating environment descriptor '/home/chen/px4_ws/install/px4_payload_nmpc/share/px4_payload_nmpc/hook/pythonscriptspath.dsv'
[15.664s] INFO:colcon.colcon_core.shell:Creating environment hook '/home/chen/px4_ws/install/px4_payload_nmpc/share/px4_payload_nmpc/hook/pythonscriptspath.sh'
[15.665s] INFO:colcon.colcon_core.shell:Creating package script '/home/chen/px4_ws/install/px4_payload_nmpc/share/px4_payload_nmpc/package.ps1'
[15.665s] INFO:colcon.colcon_core.shell:Creating package descriptor '/home/chen/px4_ws/install/px4_payload_nmpc/share/px4_payload_nmpc/package.dsv'
[15.665s] INFO:colcon.colcon_core.shell:Creating package script '/home/chen/px4_ws/install/px4_payload_nmpc/share/px4_payload_nmpc/package.sh'
[15.666s] INFO:colcon.colcon_core.shell:Creating package script '/home/chen/px4_ws/install/px4_payload_nmpc/share/px4_payload_nmpc/package.bash'
[15.666s] INFO:colcon.colcon_core.shell:Creating package script '/home/chen/px4_ws/install/px4_payload_nmpc/share/px4_payload_nmpc/package.zsh'
[15.666s] Level 1:colcon.colcon_core.environment:create_file_with_runtime_dependencies(/home/chen/px4_ws/install/px4_payload_nmpc/share/colcon-core/packages/px4_payload_nmpc)
[15.666s] DEBUG:colcon.colcon_parallel_executor.executor.parallel:closing loop
[15.666s] DEBUG:colcon.colcon_parallel_executor.executor.parallel:loop closed
[15.666s] DEBUG:colcon.colcon_parallel_executor.executor.parallel:run_until_complete finished with '0'
[15.666s] DEBUG:colcon.colcon_core.event_reactor:joining thread
[15.673s] INFO:colcon.colcon_core.plugin_system:Skipping extension 'colcon_notification.desktop_notification.terminal_notifier': Not used on non-Darwin systems
[15.673s] INFO:colcon.colcon_core.plugin_system:Skipping extension 'colcon_notification.desktop_notification.win32': Not used on non-Windows systems
[15.673s] INFO:colcon.colcon_notification.desktop_notification:Sending desktop notification using 'notify2'
[15.685s] DEBUG:colcon.colcon_core.event_reactor:joined thread
[15.685s] INFO:colcon.colcon_core.shell:Creating prefix script '/home/chen/px4_ws/install/local_setup.ps1'
[15.686s] INFO:colcon.colcon_core.shell:Creating prefix util module '/home/chen/px4_ws/install/_local_setup_util_ps1.py'
[15.688s] INFO:colcon.colcon_core.shell:Creating prefix chain script '/home/chen/px4_ws/install/setup.ps1'
[15.689s] INFO:colcon.colcon_core.shell:Creating prefix script '/home/chen/px4_ws/install/local_setup.sh'
[15.689s] INFO:colcon.colcon_core.shell:Creating prefix util module '/home/chen/px4_ws/install/_local_setup_util_sh.py'
[15.690s] INFO:colcon.colcon_core.shell:Creating prefix chain script '/home/chen/px4_ws/install/setup.sh'
[15.691s] INFO:colcon.colcon_core.shell:Creating prefix script '/home/chen/px4_ws/install/local_setup.bash'
[15.691s] INFO:colcon.colcon_core.shell:Creating prefix chain script '/home/chen/px4_ws/install/setup.bash'
[15.692s] INFO:colcon.colcon_core.shell:Creating prefix script '/home/chen/px4_ws/install/local_setup.zsh'
[15.693s] INFO:colcon.colcon_core.shell:Creating prefix chain script '/home/chen/px4_ws/install/setup.zsh'
