[0.011s] Invoking command in '/home/chen/px4_ws/build/px4_payload_estimator': CMAKE_PREFIX_PATH=${CMAKE_PREFIX_PATH}:/opt/ros/humble /usr/bin/cmake --build /home/chen/px4_ws/build/px4_payload_estimator -- -j16 -l16
[0.058s] [35m[1mConsolidate compiler generated dependencies of target payload_observer[0m
[0.076s] [100%] Built target payload_observer
[0.096s] Invoked command in '/home/chen/px4_ws/build/px4_payload_estimator' returned '0': CMAKE_PREFIX_PATH=${CMAKE_PREFIX_PATH}:/opt/ros/humble /usr/bin/cmake --build /home/chen/px4_ws/build/px4_payload_estimator -- -j16 -l16
[0.097s] Invoking command in '/home/chen/px4_ws/build/px4_payload_estimator': CMAKE_PREFIX_PATH=${CMAKE_PREFIX_PATH}:/opt/ros/humble /usr/bin/cmake --install /home/chen/px4_ws/build/px4_payload_estimator
[0.102s] -- Install configuration: ""
[0.103s] -- Up-to-date: /home/chen/px4_ws/install/px4_payload_estimator/lib/px4_payload_estimator/payload_observer
[0.104s] -- Up-to-date: /home/chen/px4_ws/install/px4_payload_estimator/share/px4_payload_estimator/launch
[0.104s] -- Up-to-date: /home/chen/px4_ws/install/px4_payload_estimator/share/px4_payload_estimator/launch/payload_observer.launch.py
[0.104s] -- Up-to-date: /home/chen/px4_ws/install/px4_payload_estimator/share/ament_index/resource_index/package_run_dependencies/px4_payload_estimator
[0.104s] -- Up-to-date: /home/chen/px4_ws/install/px4_payload_estimator/share/ament_index/resource_index/parent_prefix_path/px4_payload_estimator
[0.104s] -- Up-to-date: /home/chen/px4_ws/install/px4_payload_estimator/share/px4_payload_estimator/environment/ament_prefix_path.sh
[0.104s] -- Up-to-date: /home/chen/px4_ws/install/px4_payload_estimator/share/px4_payload_estimator/environment/ament_prefix_path.dsv
[0.104s] -- Up-to-date: /home/chen/px4_ws/install/px4_payload_estimator/share/px4_payload_estimator/environment/path.sh
[0.105s] -- Up-to-date: /home/chen/px4_ws/install/px4_payload_estimator/share/px4_payload_estimator/environment/path.dsv
[0.105s] -- Up-to-date: /home/chen/px4_ws/install/px4_payload_estimator/share/px4_payload_estimator/local_setup.bash
[0.105s] -- Up-to-date: /home/chen/px4_ws/install/px4_payload_estimator/share/px4_payload_estimator/local_setup.sh
[0.105s] -- Up-to-date: /home/chen/px4_ws/install/px4_payload_estimator/share/px4_payload_estimator/local_setup.zsh
[0.106s] -- Up-to-date: /home/chen/px4_ws/install/px4_payload_estimator/share/px4_payload_estimator/local_setup.dsv
[0.106s] -- Installing: /home/chen/px4_ws/install/px4_payload_estimator/share/px4_payload_estimator/package.dsv
[0.106s] -- Up-to-date: /home/chen/px4_ws/install/px4_payload_estimator/share/ament_index/resource_index/packages/px4_payload_estimator
[0.106s] -- Up-to-date: /home/chen/px4_ws/install/px4_payload_estimator/share/px4_payload_estimator/cmake/px4_payload_estimatorConfig.cmake
[0.106s] -- Up-to-date: /home/chen/px4_ws/install/px4_payload_estimator/share/px4_payload_estimator/cmake/px4_payload_estimatorConfig-version.cmake
[0.106s] -- Up-to-date: /home/chen/px4_ws/install/px4_payload_estimator/share/px4_payload_estimator/package.xml
[0.123s] Invoked command in '/home/chen/px4_ws/build/px4_payload_estimator' returned '0': CMAKE_PREFIX_PATH=${CMAKE_PREFIX_PATH}:/opt/ros/humble /usr/bin/cmake --install /home/chen/px4_ws/build/px4_payload_estimator
