[  8%] Built target plan_env__rosidl_generator_c
[ 11%] Built target plan_env__cpp
[ 11%] Built target ament_cmake_python_copy_plan_env
[ 19%] Built target plan_env__rosidl_typesupport_cpp
[ 27%] Built target plan_env__rosidl_typesupport_introspection_c
[ 36%] Built target plan_env__rosidl_typesupport_fastrtps_c
[ 44%] Built target plan_env__rosidl_typesupport_introspection_cpp
[ 52%] Built target plan_env__rosidl_typesupport_c
[ 61%] Built target plan_env__rosidl_typesupport_fastrtps_cpp
[ 61%] Built target plan_env
[ 63%] Built target plan_env__py
[ 66%] [32mBuilding CXX object CMakeFiles/plan_env_lib.dir/src/grid_map.cpp.o[0m
[ 72%] Built target plan_env__rosidl_generator_py
[ 77%] Built target plan_env__rosidl_typesupport_introspection_c__pyext
[ 83%] Built target plan_env__rosidl_typesupport_c__pyext
[ 88%] Built target plan_env__rosidl_typesupport_fastrtps_c__pyext
running egg_info
writing plan_env.egg-info/PKG-INFO
writing dependency_links to plan_env.egg-info/dependency_links.txt
writing top-level names to plan_env.egg-info/top_level.txt
reading manifest file 'plan_env.egg-info/SOURCES.txt'
writing manifest file 'plan_env.egg-info/SOURCES.txt'
[ 88%] Built target ament_cmake_python_build_plan_env_egg
