[0.019s] Invoking command in '/home/chen/px4_ws/build/px4_payload_nmpc': AMENT_PREFIX_PATH=/home/chen/px4_ws/install/plan_env:${AMENT_PREFIX_PATH} CMAKE_PREFIX_PATH=/home/chen/px4_ws/install/plan_env:/home/chen/ws_livox/install/vrpn_relative_pose:/home/chen/ws_livox/install/vrpn_listener:/home/chen/ws_livox/install/vins_fusion_ros2:/home/chen/ws_livox/install/tf:/home/chen/ws_livox/install/realsense2_description:/home/chen/ws_livox/install/realsense2_camera:/home/chen/ws_livox/install/realsense2_camera_msgs:/home/chen/ws_livox/install/pose_send:/home/chen/ws_livox/install/point_cloud_filter:/home/chen/ws_livox/install/orbslam3:/home/chen/ws_livox/install/offboard_test:/home/chen/ws_livox/install/fast_lio:/home/chen/ws_livox/install/livox_ros_driver2:/home/chen/ws_livox/install/cluster_detection:/opt/ros/humble LD_LIBRARY_PATH=/home/chen/px4_ws/install/plan_env/lib:${LD_LIBRARY_PATH} PYTHONPATH=/home/chen/px4_ws/install/plan_env/local/lib/python3.10/dist-packages:${PYTHONPATH} /usr/bin/cmake --build /home/chen/px4_ws/build/px4_payload_nmpc -- -j16 -l16
[0.063s] [35m[1mConsolidate compiler generated dependencies of target esdf_map_reader_payload[0m
[0.083s] [ 25%] [32m[1mLinking CXX shared library libesdf_map_reader_payload.so[0m
[1.014s] [ 50%] Built target esdf_map_reader_payload
[1.030s] [35m[1mConsolidate compiler generated dependencies of target nmpc_controller[0m
[1.051s] [ 75%] [32m[1mLinking CXX executable nmpc_controller[0m
[2.788s] [100%] Built target nmpc_controller
[2.799s] Invoked command in '/home/chen/px4_ws/build/px4_payload_nmpc' returned '0': AMENT_PREFIX_PATH=/home/chen/px4_ws/install/plan_env:${AMENT_PREFIX_PATH} CMAKE_PREFIX_PATH=/home/chen/px4_ws/install/plan_env:/home/chen/ws_livox/install/vrpn_relative_pose:/home/chen/ws_livox/install/vrpn_listener:/home/chen/ws_livox/install/vins_fusion_ros2:/home/chen/ws_livox/install/tf:/home/chen/ws_livox/install/realsense2_description:/home/chen/ws_livox/install/realsense2_camera:/home/chen/ws_livox/install/realsense2_camera_msgs:/home/chen/ws_livox/install/pose_send:/home/chen/ws_livox/install/point_cloud_filter:/home/chen/ws_livox/install/orbslam3:/home/chen/ws_livox/install/offboard_test:/home/chen/ws_livox/install/fast_lio:/home/chen/ws_livox/install/livox_ros_driver2:/home/chen/ws_livox/install/cluster_detection:/opt/ros/humble LD_LIBRARY_PATH=/home/chen/px4_ws/install/plan_env/lib:${LD_LIBRARY_PATH} PYTHONPATH=/home/chen/px4_ws/install/plan_env/local/lib/python3.10/dist-packages:${PYTHONPATH} /usr/bin/cmake --build /home/chen/px4_ws/build/px4_payload_nmpc -- -j16 -l16
[2.801s] Invoking command in '/home/chen/px4_ws/build/px4_payload_nmpc': AMENT_PREFIX_PATH=/home/chen/px4_ws/install/plan_env:${AMENT_PREFIX_PATH} CMAKE_PREFIX_PATH=/home/chen/px4_ws/install/plan_env:/home/chen/ws_livox/install/vrpn_relative_pose:/home/chen/ws_livox/install/vrpn_listener:/home/chen/ws_livox/install/vins_fusion_ros2:/home/chen/ws_livox/install/tf:/home/chen/ws_livox/install/realsense2_description:/home/chen/ws_livox/install/realsense2_camera:/home/chen/ws_livox/install/realsense2_camera_msgs:/home/chen/ws_livox/install/pose_send:/home/chen/ws_livox/install/point_cloud_filter:/home/chen/ws_livox/install/orbslam3:/home/chen/ws_livox/install/offboard_test:/home/chen/ws_livox/install/fast_lio:/home/chen/ws_livox/install/livox_ros_driver2:/home/chen/ws_livox/install/cluster_detection:/opt/ros/humble LD_LIBRARY_PATH=/home/chen/px4_ws/install/plan_env/lib:${LD_LIBRARY_PATH} PYTHONPATH=/home/chen/px4_ws/install/plan_env/local/lib/python3.10/dist-packages:${PYTHONPATH} /usr/bin/cmake --install /home/chen/px4_ws/build/px4_payload_nmpc
[2.808s] -- Install configuration: ""
[2.808s] -- Installing: /home/chen/px4_ws/install/px4_payload_nmpc/lib/libesdf_map_reader_payload.so
[2.812s] -- Set runtime path of "/home/chen/px4_ws/install/px4_payload_nmpc/lib/libesdf_map_reader_payload.so" to ""
[2.813s] -- Installing: /home/chen/px4_ws/install/px4_payload_nmpc/lib/px4_payload_nmpc/nmpc_controller
[2.820s] -- Set runtime path of "/home/chen/px4_ws/install/px4_payload_nmpc/lib/px4_payload_nmpc/nmpc_controller" to ""
[2.820s] -- Up-to-date: /home/chen/px4_ws/install/px4_payload_nmpc/include
[2.820s] -- Up-to-date: /home/chen/px4_ws/install/px4_payload_nmpc/include/px4_payload_nmpc
[2.820s] -- Up-to-date: /home/chen/px4_ws/install/px4_payload_nmpc/include/px4_payload_nmpc/esdf_map_reader.h
[2.820s] -- Up-to-date: /home/chen/px4_ws/install/px4_payload_nmpc/lib/libacados_ocp_solver_px4_payload_model.so
[2.820s] -- Up-to-date: /home/chen/px4_ws/install/px4_payload_nmpc/share/px4_payload_nmpc/launch
[2.820s] -- Up-to-date: /home/chen/px4_ws/install/px4_payload_nmpc/share/px4_payload_nmpc/launch/nmpc_controller.launch.py
[2.820s] -- Up-to-date: /home/chen/px4_ws/install/px4_payload_nmpc/share/ament_index/resource_index/package_run_dependencies/px4_payload_nmpc
[2.820s] -- Up-to-date: /home/chen/px4_ws/install/px4_payload_nmpc/share/ament_index/resource_index/parent_prefix_path/px4_payload_nmpc
[2.820s] -- Up-to-date: /home/chen/px4_ws/install/px4_payload_nmpc/share/px4_payload_nmpc/environment/ament_prefix_path.sh
[2.820s] -- Up-to-date: /home/chen/px4_ws/install/px4_payload_nmpc/share/px4_payload_nmpc/environment/ament_prefix_path.dsv
[2.820s] -- Up-to-date: /home/chen/px4_ws/install/px4_payload_nmpc/share/px4_payload_nmpc/environment/path.sh
[2.820s] -- Up-to-date: /home/chen/px4_ws/install/px4_payload_nmpc/share/px4_payload_nmpc/environment/path.dsv
[2.820s] -- Up-to-date: /home/chen/px4_ws/install/px4_payload_nmpc/share/px4_payload_nmpc/local_setup.bash
[2.820s] -- Up-to-date: /home/chen/px4_ws/install/px4_payload_nmpc/share/px4_payload_nmpc/local_setup.sh
[2.820s] -- Up-to-date: /home/chen/px4_ws/install/px4_payload_nmpc/share/px4_payload_nmpc/local_setup.zsh
[2.820s] -- Up-to-date: /home/chen/px4_ws/install/px4_payload_nmpc/share/px4_payload_nmpc/local_setup.dsv
[2.821s] -- Installing: /home/chen/px4_ws/install/px4_payload_nmpc/share/px4_payload_nmpc/package.dsv
[2.821s] -- Up-to-date: /home/chen/px4_ws/install/px4_payload_nmpc/share/ament_index/resource_index/packages/px4_payload_nmpc
[2.821s] -- Up-to-date: /home/chen/px4_ws/install/px4_payload_nmpc/share/px4_payload_nmpc/cmake/px4_payload_nmpcConfig.cmake
[2.821s] -- Up-to-date: /home/chen/px4_ws/install/px4_payload_nmpc/share/px4_payload_nmpc/cmake/px4_payload_nmpcConfig-version.cmake
[2.821s] -- Up-to-date: /home/chen/px4_ws/install/px4_payload_nmpc/share/px4_payload_nmpc/package.xml
[2.822s] Invoked command in '/home/chen/px4_ws/build/px4_payload_nmpc' returned '0': AMENT_PREFIX_PATH=/home/chen/px4_ws/install/plan_env:${AMENT_PREFIX_PATH} CMAKE_PREFIX_PATH=/home/chen/px4_ws/install/plan_env:/home/chen/ws_livox/install/vrpn_relative_pose:/home/chen/ws_livox/install/vrpn_listener:/home/chen/ws_livox/install/vins_fusion_ros2:/home/chen/ws_livox/install/tf:/home/chen/ws_livox/install/realsense2_description:/home/chen/ws_livox/install/realsense2_camera:/home/chen/ws_livox/install/realsense2_camera_msgs:/home/chen/ws_livox/install/pose_send:/home/chen/ws_livox/install/point_cloud_filter:/home/chen/ws_livox/install/orbslam3:/home/chen/ws_livox/install/offboard_test:/home/chen/ws_livox/install/fast_lio:/home/chen/ws_livox/install/livox_ros_driver2:/home/chen/ws_livox/install/cluster_detection:/opt/ros/humble LD_LIBRARY_PATH=/home/chen/px4_ws/install/plan_env/lib:${LD_LIBRARY_PATH} PYTHONPATH=/home/chen/px4_ws/install/plan_env/local/lib/python3.10/dist-packages:${PYTHONPATH} /usr/bin/cmake --install /home/chen/px4_ws/build/px4_payload_nmpc
