[0.097s] DEBUG:colcon:Command line arguments: ['/usr/bin/colcon', 'build']
[0.097s] DEBUG:colcon:Parsed command line arguments: Namespace(log_base=None, log_level=None, verb_name='build', build_base='build', install_base='install', merge_install=False, symlink_install=False, test_result_base=None, continue_on_error=False, executor='parallel', parallel_workers=16, event_handlers=None, ignore_user_meta=False, metas=['./colcon.meta'], base_paths=['.'], packages_ignore=None, packages_ignore_regex=None, paths=None, packages_up_to=None, packages_up_to_regex=None, packages_above=None, packages_above_and_dependencies=None, packages_above_depth=None, packages_select_by_dep=None, packages_skip_by_dep=None, packages_skip_up_to=None, packages_select_build_failed=False, packages_skip_build_finished=False, packages_select_test_failures=False, packages_skip_test_passed=False, packages_select=None, packages_skip=None, packages_select_regex=None, packages_skip_regex=None, packages_start=None, packages_end=None, allow_overriding=[], cmake_args=None, cmake_target=None, cmake_target_skip_unavailable=False, cmake_clean_cache=False, cmake_clean_first=False, cmake_force_configure=False, ament_cmake_args=None, catkin_cmake_args=None, catkin_skip_building_tests=False, mixin_files=None, mixin=None, verb_parser=<colcon_mixin.mixin.mixin_argument.MixinArgumentDecorator object at 0x735573876980>, verb_extension=<colcon_core.verb.build.BuildVerb object at 0x735573876440>, main=<bound method BuildVerb.main of <colcon_core.verb.build.BuildVerb object at 0x735573876440>>, mixin_verb=('build',))
[0.242s] Level 1:colcon.colcon_core.package_discovery:discover_packages(colcon_meta) check parameters
[0.243s] Level 1:colcon.colcon_core.package_discovery:discover_packages(recursive) check parameters
[0.243s] Level 1:colcon.colcon_core.package_discovery:discover_packages(ignore) check parameters
[0.243s] Level 1:colcon.colcon_core.package_discovery:discover_packages(path) check parameters
[0.243s] Level 1:colcon.colcon_core.package_discovery:discover_packages(colcon_meta) discover
[0.243s] Level 1:colcon.colcon_core.package_discovery:discover_packages(recursive) discover
[0.243s] INFO:colcon.colcon_core.package_discovery:Crawling recursively for packages in '/home/chen/px4_ws'
[0.243s] Level 1:colcon.colcon_core.package_identification:_identify(.) by extensions ['ignore', 'ignore_ament_install']
[0.243s] Level 1:colcon.colcon_core.package_identification:_identify(.) by extension 'ignore'
[0.243s] Level 1:colcon.colcon_core.package_identification:_identify(.) by extension 'ignore_ament_install'
[0.243s] Level 1:colcon.colcon_core.package_identification:_identify(.) by extensions ['colcon_pkg']
[0.243s] Level 1:colcon.colcon_core.package_identification:_identify(.) by extension 'colcon_pkg'
[0.243s] Level 1:colcon.colcon_core.package_identification:_identify(.) by extensions ['colcon_meta']
[0.243s] Level 1:colcon.colcon_core.package_identification:_identify(.) by extension 'colcon_meta'
[0.243s] Level 1:colcon.colcon_core.package_identification:_identify(.) by extensions ['ros']
[0.243s] Level 1:colcon.colcon_core.package_identification:_identify(.) by extension 'ros'
[0.250s] Level 1:colcon.colcon_core.package_identification:_identify(.) by extensions ['cmake', 'python']
[0.250s] Level 1:colcon.colcon_core.package_identification:_identify(.) by extension 'cmake'
[0.250s] Level 1:colcon.colcon_core.package_identification:_identify(.) by extension 'python'
[0.250s] Level 1:colcon.colcon_core.package_identification:_identify(.) by extensions ['python_setup_py']
[0.250s] Level 1:colcon.colcon_core.package_identification:_identify(.) by extension 'python_setup_py'
[0.250s] Level 1:colcon.colcon_core.package_identification:_identify(__pycache__) by extensions ['ignore', 'ignore_ament_install']
[0.250s] Level 1:colcon.colcon_core.package_identification:_identify(__pycache__) by extension 'ignore'
[0.250s] Level 1:colcon.colcon_core.package_identification:_identify(__pycache__) by extension 'ignore_ament_install'
[0.250s] Level 1:colcon.colcon_core.package_identification:_identify(__pycache__) by extensions ['colcon_pkg']
[0.250s] Level 1:colcon.colcon_core.package_identification:_identify(__pycache__) by extension 'colcon_pkg'
[0.250s] Level 1:colcon.colcon_core.package_identification:_identify(__pycache__) by extensions ['colcon_meta']
[0.250s] Level 1:colcon.colcon_core.package_identification:_identify(__pycache__) by extension 'colcon_meta'
[0.251s] Level 1:colcon.colcon_core.package_identification:_identify(__pycache__) by extensions ['ros']
[0.251s] Level 1:colcon.colcon_core.package_identification:_identify(__pycache__) by extension 'ros'
[0.251s] Level 1:colcon.colcon_core.package_identification:_identify(__pycache__) by extensions ['cmake', 'python']
[0.251s] Level 1:colcon.colcon_core.package_identification:_identify(__pycache__) by extension 'cmake'
[0.251s] Level 1:colcon.colcon_core.package_identification:_identify(__pycache__) by extension 'python'
[0.251s] Level 1:colcon.colcon_core.package_identification:_identify(__pycache__) by extensions ['python_setup_py']
[0.251s] Level 1:colcon.colcon_core.package_identification:_identify(__pycache__) by extension 'python_setup_py'
[0.251s] Level 1:colcon.colcon_core.package_identification:_identify(build) by extensions ['ignore', 'ignore_ament_install']
[0.251s] Level 1:colcon.colcon_core.package_identification:_identify(build) by extension 'ignore'
[0.251s] Level 1:colcon.colcon_core.package_identification:_identify(build) ignored
[0.251s] Level 1:colcon.colcon_core.package_identification:_identify(install) by extensions ['ignore', 'ignore_ament_install']
[0.251s] Level 1:colcon.colcon_core.package_identification:_identify(install) by extension 'ignore'
[0.251s] Level 1:colcon.colcon_core.package_identification:_identify(install) ignored
[0.251s] Level 1:colcon.colcon_core.package_identification:_identify(log) by extensions ['ignore', 'ignore_ament_install']
[0.251s] Level 1:colcon.colcon_core.package_identification:_identify(log) by extension 'ignore'
[0.251s] Level 1:colcon.colcon_core.package_identification:_identify(log) ignored
[0.251s] Level 1:colcon.colcon_core.package_identification:_identify(multi_payload) by extensions ['ignore', 'ignore_ament_install']
[0.251s] Level 1:colcon.colcon_core.package_identification:_identify(multi_payload) by extension 'ignore'
[0.251s] Level 1:colcon.colcon_core.package_identification:_identify(multi_payload) by extension 'ignore_ament_install'
[0.251s] Level 1:colcon.colcon_core.package_identification:_identify(multi_payload) by extensions ['colcon_pkg']
[0.251s] Level 1:colcon.colcon_core.package_identification:_identify(multi_payload) by extension 'colcon_pkg'
[0.251s] Level 1:colcon.colcon_core.package_identification:_identify(multi_payload) by extensions ['colcon_meta']
[0.251s] Level 1:colcon.colcon_core.package_identification:_identify(multi_payload) by extension 'colcon_meta'
[0.251s] Level 1:colcon.colcon_core.package_identification:_identify(multi_payload) by extensions ['ros']
[0.251s] Level 1:colcon.colcon_core.package_identification:_identify(multi_payload) by extension 'ros'
[0.251s] Level 1:colcon.colcon_core.package_identification:_identify(multi_payload) by extensions ['cmake', 'python']
[0.251s] Level 1:colcon.colcon_core.package_identification:_identify(multi_payload) by extension 'cmake'
[0.251s] Level 1:colcon.colcon_core.package_identification:_identify(multi_payload) by extension 'python'
[0.251s] Level 1:colcon.colcon_core.package_identification:_identify(multi_payload) by extensions ['python_setup_py']
[0.251s] Level 1:colcon.colcon_core.package_identification:_identify(multi_payload) by extension 'python_setup_py'
[0.251s] Level 1:colcon.colcon_core.package_identification:_identify(multi_payload/__pycache__) by extensions ['ignore', 'ignore_ament_install']
[0.251s] Level 1:colcon.colcon_core.package_identification:_identify(multi_payload/__pycache__) by extension 'ignore'
[0.252s] Level 1:colcon.colcon_core.package_identification:_identify(multi_payload/__pycache__) by extension 'ignore_ament_install'
[0.252s] Level 1:colcon.colcon_core.package_identification:_identify(multi_payload/__pycache__) by extensions ['colcon_pkg']
[0.252s] Level 1:colcon.colcon_core.package_identification:_identify(multi_payload/__pycache__) by extension 'colcon_pkg'
[0.252s] Level 1:colcon.colcon_core.package_identification:_identify(multi_payload/__pycache__) by extensions ['colcon_meta']
[0.252s] Level 1:colcon.colcon_core.package_identification:_identify(multi_payload/__pycache__) by extension 'colcon_meta'
[0.252s] Level 1:colcon.colcon_core.package_identification:_identify(multi_payload/__pycache__) by extensions ['ros']
[0.252s] Level 1:colcon.colcon_core.package_identification:_identify(multi_payload/__pycache__) by extension 'ros'
[0.252s] Level 1:colcon.colcon_core.package_identification:_identify(multi_payload/__pycache__) by extensions ['cmake', 'python']
[0.252s] Level 1:colcon.colcon_core.package_identification:_identify(multi_payload/__pycache__) by extension 'cmake'
[0.252s] Level 1:colcon.colcon_core.package_identification:_identify(multi_payload/__pycache__) by extension 'python'
[0.252s] Level 1:colcon.colcon_core.package_identification:_identify(multi_payload/__pycache__) by extensions ['python_setup_py']
[0.252s] Level 1:colcon.colcon_core.package_identification:_identify(multi_payload/__pycache__) by extension 'python_setup_py'
[0.252s] Level 1:colcon.colcon_core.package_identification:_identify(multi_payload/c_generated_code) by extensions ['ignore', 'ignore_ament_install']
[0.252s] Level 1:colcon.colcon_core.package_identification:_identify(multi_payload/c_generated_code) by extension 'ignore'
[0.252s] Level 1:colcon.colcon_core.package_identification:_identify(multi_payload/c_generated_code) by extension 'ignore_ament_install'
[0.252s] Level 1:colcon.colcon_core.package_identification:_identify(multi_payload/c_generated_code) by extensions ['colcon_pkg']
[0.252s] Level 1:colcon.colcon_core.package_identification:_identify(multi_payload/c_generated_code) by extension 'colcon_pkg'
[0.252s] Level 1:colcon.colcon_core.package_identification:_identify(multi_payload/c_generated_code) by extensions ['colcon_meta']
[0.252s] Level 1:colcon.colcon_core.package_identification:_identify(multi_payload/c_generated_code) by extension 'colcon_meta'
[0.252s] Level 1:colcon.colcon_core.package_identification:_identify(multi_payload/c_generated_code) by extensions ['ros']
[0.252s] Level 1:colcon.colcon_core.package_identification:_identify(multi_payload/c_generated_code) by extension 'ros'
[0.252s] Level 1:colcon.colcon_core.package_identification:_identify(multi_payload/c_generated_code) by extensions ['cmake', 'python']
[0.252s] Level 1:colcon.colcon_core.package_identification:_identify(multi_payload/c_generated_code) by extension 'cmake'
[0.252s] Level 1:colcon.colcon_core.package_identification:_identify(multi_payload/c_generated_code) by extension 'python'
[0.252s] Level 1:colcon.colcon_core.package_identification:_identify(multi_payload/c_generated_code) by extensions ['python_setup_py']
[0.252s] Level 1:colcon.colcon_core.package_identification:_identify(multi_payload/c_generated_code) by extension 'python_setup_py'
[0.252s] Level 1:colcon.colcon_core.package_identification:_identify(multi_payload/c_generated_code/multi_payload_model) by extensions ['ignore', 'ignore_ament_install']
[0.252s] Level 1:colcon.colcon_core.package_identification:_identify(multi_payload/c_generated_code/multi_payload_model) by extension 'ignore'
[0.252s] Level 1:colcon.colcon_core.package_identification:_identify(multi_payload/c_generated_code/multi_payload_model) by extension 'ignore_ament_install'
[0.252s] Level 1:colcon.colcon_core.package_identification:_identify(multi_payload/c_generated_code/multi_payload_model) by extensions ['colcon_pkg']
[0.252s] Level 1:colcon.colcon_core.package_identification:_identify(multi_payload/c_generated_code/multi_payload_model) by extension 'colcon_pkg'
[0.252s] Level 1:colcon.colcon_core.package_identification:_identify(multi_payload/c_generated_code/multi_payload_model) by extensions ['colcon_meta']
[0.252s] Level 1:colcon.colcon_core.package_identification:_identify(multi_payload/c_generated_code/multi_payload_model) by extension 'colcon_meta'
[0.252s] Level 1:colcon.colcon_core.package_identification:_identify(multi_payload/c_generated_code/multi_payload_model) by extensions ['ros']
[0.252s] Level 1:colcon.colcon_core.package_identification:_identify(multi_payload/c_generated_code/multi_payload_model) by extension 'ros'
[0.252s] Level 1:colcon.colcon_core.package_identification:_identify(multi_payload/c_generated_code/multi_payload_model) by extensions ['cmake', 'python']
[0.252s] Level 1:colcon.colcon_core.package_identification:_identify(multi_payload/c_generated_code/multi_payload_model) by extension 'cmake'
[0.252s] Level 1:colcon.colcon_core.package_identification:_identify(multi_payload/c_generated_code/multi_payload_model) by extension 'python'
[0.252s] Level 1:colcon.colcon_core.package_identification:_identify(multi_payload/c_generated_code/multi_payload_model) by extensions ['python_setup_py']
[0.253s] Level 1:colcon.colcon_core.package_identification:_identify(multi_payload/c_generated_code/multi_payload_model) by extension 'python_setup_py'
[0.253s] Level 1:colcon.colcon_core.package_identification:_identify(multi_payload/c_generated_code/multi_payload_model_model) by extensions ['ignore', 'ignore_ament_install']
[0.253s] Level 1:colcon.colcon_core.package_identification:_identify(multi_payload/c_generated_code/multi_payload_model_model) by extension 'ignore'
[0.253s] Level 1:colcon.colcon_core.package_identification:_identify(multi_payload/c_generated_code/multi_payload_model_model) by extension 'ignore_ament_install'
[0.253s] Level 1:colcon.colcon_core.package_identification:_identify(multi_payload/c_generated_code/multi_payload_model_model) by extensions ['colcon_pkg']
[0.253s] Level 1:colcon.colcon_core.package_identification:_identify(multi_payload/c_generated_code/multi_payload_model_model) by extension 'colcon_pkg'
[0.253s] Level 1:colcon.colcon_core.package_identification:_identify(multi_payload/c_generated_code/multi_payload_model_model) by extensions ['colcon_meta']
[0.253s] Level 1:colcon.colcon_core.package_identification:_identify(multi_payload/c_generated_code/multi_payload_model_model) by extension 'colcon_meta'
[0.253s] Level 1:colcon.colcon_core.package_identification:_identify(multi_payload/c_generated_code/multi_payload_model_model) by extensions ['ros']
[0.253s] Level 1:colcon.colcon_core.package_identification:_identify(multi_payload/c_generated_code/multi_payload_model_model) by extension 'ros'
[0.253s] Level 1:colcon.colcon_core.package_identification:_identify(multi_payload/c_generated_code/multi_payload_model_model) by extensions ['cmake', 'python']
[0.253s] Level 1:colcon.colcon_core.package_identification:_identify(multi_payload/c_generated_code/multi_payload_model_model) by extension 'cmake'
[0.253s] Level 1:colcon.colcon_core.package_identification:_identify(multi_payload/c_generated_code/multi_payload_model_model) by extension 'python'
[0.253s] Level 1:colcon.colcon_core.package_identification:_identify(multi_payload/c_generated_code/multi_payload_model_model) by extensions ['python_setup_py']
[0.253s] Level 1:colcon.colcon_core.package_identification:_identify(multi_payload/c_generated_code/multi_payload_model_model) by extension 'python_setup_py'
[0.253s] Level 1:colcon.colcon_core.package_identification:_identify(multi_payload/c_generated_code/multi_uav_cable_payload_model) by extensions ['ignore', 'ignore_ament_install']
[0.253s] Level 1:colcon.colcon_core.package_identification:_identify(multi_payload/c_generated_code/multi_uav_cable_payload_model) by extension 'ignore'
[0.253s] Level 1:colcon.colcon_core.package_identification:_identify(multi_payload/c_generated_code/multi_uav_cable_payload_model) by extension 'ignore_ament_install'
[0.253s] Level 1:colcon.colcon_core.package_identification:_identify(multi_payload/c_generated_code/multi_uav_cable_payload_model) by extensions ['colcon_pkg']
[0.253s] Level 1:colcon.colcon_core.package_identification:_identify(multi_payload/c_generated_code/multi_uav_cable_payload_model) by extension 'colcon_pkg'
[0.253s] Level 1:colcon.colcon_core.package_identification:_identify(multi_payload/c_generated_code/multi_uav_cable_payload_model) by extensions ['colcon_meta']
[0.253s] Level 1:colcon.colcon_core.package_identification:_identify(multi_payload/c_generated_code/multi_uav_cable_payload_model) by extension 'colcon_meta'
[0.253s] Level 1:colcon.colcon_core.package_identification:_identify(multi_payload/c_generated_code/multi_uav_cable_payload_model) by extensions ['ros']
[0.253s] Level 1:colcon.colcon_core.package_identification:_identify(multi_payload/c_generated_code/multi_uav_cable_payload_model) by extension 'ros'
[0.253s] Level 1:colcon.colcon_core.package_identification:_identify(multi_payload/c_generated_code/multi_uav_cable_payload_model) by extensions ['cmake', 'python']
[0.253s] Level 1:colcon.colcon_core.package_identification:_identify(multi_payload/c_generated_code/multi_uav_cable_payload_model) by extension 'cmake'
[0.253s] Level 1:colcon.colcon_core.package_identification:_identify(multi_payload/c_generated_code/multi_uav_cable_payload_model) by extension 'python'
[0.253s] Level 1:colcon.colcon_core.package_identification:_identify(multi_payload/c_generated_code/multi_uav_cable_payload_model) by extensions ['python_setup_py']
[0.253s] Level 1:colcon.colcon_core.package_identification:_identify(multi_payload/c_generated_code/multi_uav_cable_payload_model) by extension 'python_setup_py'
[0.253s] Level 1:colcon.colcon_core.package_identification:_identify(multi_payload/c_generated_code/multi_uav_payload_model) by extensions ['ignore', 'ignore_ament_install']
[0.253s] Level 1:colcon.colcon_core.package_identification:_identify(multi_payload/c_generated_code/multi_uav_payload_model) by extension 'ignore'
[0.253s] Level 1:colcon.colcon_core.package_identification:_identify(multi_payload/c_generated_code/multi_uav_payload_model) by extension 'ignore_ament_install'
[0.253s] Level 1:colcon.colcon_core.package_identification:_identify(multi_payload/c_generated_code/multi_uav_payload_model) by extensions ['colcon_pkg']
[0.253s] Level 1:colcon.colcon_core.package_identification:_identify(multi_payload/c_generated_code/multi_uav_payload_model) by extension 'colcon_pkg'
[0.253s] Level 1:colcon.colcon_core.package_identification:_identify(multi_payload/c_generated_code/multi_uav_payload_model) by extensions ['colcon_meta']
[0.253s] Level 1:colcon.colcon_core.package_identification:_identify(multi_payload/c_generated_code/multi_uav_payload_model) by extension 'colcon_meta'
[0.253s] Level 1:colcon.colcon_core.package_identification:_identify(multi_payload/c_generated_code/multi_uav_payload_model) by extensions ['ros']
[0.253s] Level 1:colcon.colcon_core.package_identification:_identify(multi_payload/c_generated_code/multi_uav_payload_model) by extension 'ros'
[0.254s] Level 1:colcon.colcon_core.package_identification:_identify(multi_payload/c_generated_code/multi_uav_payload_model) by extensions ['cmake', 'python']
[0.254s] Level 1:colcon.colcon_core.package_identification:_identify(multi_payload/c_generated_code/multi_uav_payload_model) by extension 'cmake'
[0.254s] Level 1:colcon.colcon_core.package_identification:_identify(multi_payload/c_generated_code/multi_uav_payload_model) by extension 'python'
[0.254s] Level 1:colcon.colcon_core.package_identification:_identify(multi_payload/c_generated_code/multi_uav_payload_model) by extensions ['python_setup_py']
[0.254s] Level 1:colcon.colcon_core.package_identification:_identify(multi_payload/c_generated_code/multi_uav_payload_model) by extension 'python_setup_py'
[0.254s] Level 1:colcon.colcon_core.package_identification:_identify(px4) by extensions ['ignore', 'ignore_ament_install']
[0.254s] Level 1:colcon.colcon_core.package_identification:_identify(px4) by extension 'ignore'
[0.254s] Level 1:colcon.colcon_core.package_identification:_identify(px4) by extension 'ignore_ament_install'
[0.254s] Level 1:colcon.colcon_core.package_identification:_identify(px4) by extensions ['colcon_pkg']
[0.254s] Level 1:colcon.colcon_core.package_identification:_identify(px4) by extension 'colcon_pkg'
[0.254s] Level 1:colcon.colcon_core.package_identification:_identify(px4) by extensions ['colcon_meta']
[0.254s] Level 1:colcon.colcon_core.package_identification:_identify(px4) by extension 'colcon_meta'
[0.254s] Level 1:colcon.colcon_core.package_identification:_identify(px4) by extensions ['ros']
[0.254s] Level 1:colcon.colcon_core.package_identification:_identify(px4) by extension 'ros'
[0.254s] Level 1:colcon.colcon_core.package_identification:_identify(px4) by extensions ['cmake', 'python']
[0.254s] Level 1:colcon.colcon_core.package_identification:_identify(px4) by extension 'cmake'
[0.254s] Level 1:colcon.colcon_core.package_identification:_identify(px4) by extension 'python'
[0.254s] Level 1:colcon.colcon_core.package_identification:_identify(px4) by extensions ['python_setup_py']
[0.254s] Level 1:colcon.colcon_core.package_identification:_identify(px4) by extension 'python_setup_py'
[0.254s] Level 1:colcon.colcon_core.package_identification:_identify(px4/__pycache__) by extensions ['ignore', 'ignore_ament_install']
[0.254s] Level 1:colcon.colcon_core.package_identification:_identify(px4/__pycache__) by extension 'ignore'
[0.254s] Level 1:colcon.colcon_core.package_identification:_identify(px4/__pycache__) by extension 'ignore_ament_install'
[0.254s] Level 1:colcon.colcon_core.package_identification:_identify(px4/__pycache__) by extensions ['colcon_pkg']
[0.254s] Level 1:colcon.colcon_core.package_identification:_identify(px4/__pycache__) by extension 'colcon_pkg'
[0.254s] Level 1:colcon.colcon_core.package_identification:_identify(px4/__pycache__) by extensions ['colcon_meta']
[0.254s] Level 1:colcon.colcon_core.package_identification:_identify(px4/__pycache__) by extension 'colcon_meta'
[0.254s] Level 1:colcon.colcon_core.package_identification:_identify(px4/__pycache__) by extensions ['ros']
[0.254s] Level 1:colcon.colcon_core.package_identification:_identify(px4/__pycache__) by extension 'ros'
[0.254s] Level 1:colcon.colcon_core.package_identification:_identify(px4/__pycache__) by extensions ['cmake', 'python']
[0.254s] Level 1:colcon.colcon_core.package_identification:_identify(px4/__pycache__) by extension 'cmake'
[0.254s] Level 1:colcon.colcon_core.package_identification:_identify(px4/__pycache__) by extension 'python'
[0.254s] Level 1:colcon.colcon_core.package_identification:_identify(px4/__pycache__) by extensions ['python_setup_py']
[0.254s] Level 1:colcon.colcon_core.package_identification:_identify(px4/__pycache__) by extension 'python_setup_py'
[0.254s] Level 1:colcon.colcon_core.package_identification:_identify(px4/build) by extensions ['ignore', 'ignore_ament_install']
[0.254s] Level 1:colcon.colcon_core.package_identification:_identify(px4/build) by extension 'ignore'
[0.254s] Level 1:colcon.colcon_core.package_identification:_identify(px4/build) ignored
[0.254s] Level 1:colcon.colcon_core.package_identification:_identify(px4/c_generated_code) by extensions ['ignore', 'ignore_ament_install']
[0.255s] Level 1:colcon.colcon_core.package_identification:_identify(px4/c_generated_code) by extension 'ignore'
[0.255s] Level 1:colcon.colcon_core.package_identification:_identify(px4/c_generated_code) by extension 'ignore_ament_install'
[0.255s] Level 1:colcon.colcon_core.package_identification:_identify(px4/c_generated_code) by extensions ['colcon_pkg']
[0.255s] Level 1:colcon.colcon_core.package_identification:_identify(px4/c_generated_code) by extension 'colcon_pkg'
[0.255s] Level 1:colcon.colcon_core.package_identification:_identify(px4/c_generated_code) by extensions ['colcon_meta']
[0.255s] Level 1:colcon.colcon_core.package_identification:_identify(px4/c_generated_code) by extension 'colcon_meta'
[0.255s] Level 1:colcon.colcon_core.package_identification:_identify(px4/c_generated_code) by extensions ['ros']
[0.255s] Level 1:colcon.colcon_core.package_identification:_identify(px4/c_generated_code) by extension 'ros'
[0.255s] Level 1:colcon.colcon_core.package_identification:_identify(px4/c_generated_code) by extensions ['cmake', 'python']
[0.255s] Level 1:colcon.colcon_core.package_identification:_identify(px4/c_generated_code) by extension 'cmake'
[0.255s] Level 1:colcon.colcon_core.package_identification:_identify(px4/c_generated_code) by extension 'python'
[0.255s] Level 1:colcon.colcon_core.package_identification:_identify(px4/c_generated_code) by extensions ['python_setup_py']
[0.255s] Level 1:colcon.colcon_core.package_identification:_identify(px4/c_generated_code) by extension 'python_setup_py'
[0.255s] Level 1:colcon.colcon_core.package_identification:_identify(px4/c_generated_code/px4_model_constraints) by extensions ['ignore', 'ignore_ament_install']
[0.255s] Level 1:colcon.colcon_core.package_identification:_identify(px4/c_generated_code/px4_model_constraints) by extension 'ignore'
[0.255s] Level 1:colcon.colcon_core.package_identification:_identify(px4/c_generated_code/px4_model_constraints) by extension 'ignore_ament_install'
[0.255s] Level 1:colcon.colcon_core.package_identification:_identify(px4/c_generated_code/px4_model_constraints) by extensions ['colcon_pkg']
[0.255s] Level 1:colcon.colcon_core.package_identification:_identify(px4/c_generated_code/px4_model_constraints) by extension 'colcon_pkg'
[0.255s] Level 1:colcon.colcon_core.package_identification:_identify(px4/c_generated_code/px4_model_constraints) by extensions ['colcon_meta']
[0.255s] Level 1:colcon.colcon_core.package_identification:_identify(px4/c_generated_code/px4_model_constraints) by extension 'colcon_meta'
[0.255s] Level 1:colcon.colcon_core.package_identification:_identify(px4/c_generated_code/px4_model_constraints) by extensions ['ros']
[0.255s] Level 1:colcon.colcon_core.package_identification:_identify(px4/c_generated_code/px4_model_constraints) by extension 'ros'
[0.255s] Level 1:colcon.colcon_core.package_identification:_identify(px4/c_generated_code/px4_model_constraints) by extensions ['cmake', 'python']
[0.255s] Level 1:colcon.colcon_core.package_identification:_identify(px4/c_generated_code/px4_model_constraints) by extension 'cmake'
[0.255s] Level 1:colcon.colcon_core.package_identification:_identify(px4/c_generated_code/px4_model_constraints) by extension 'python'
[0.255s] Level 1:colcon.colcon_core.package_identification:_identify(px4/c_generated_code/px4_model_constraints) by extensions ['python_setup_py']
[0.255s] Level 1:colcon.colcon_core.package_identification:_identify(px4/c_generated_code/px4_model_constraints) by extension 'python_setup_py'
[0.255s] Level 1:colcon.colcon_core.package_identification:_identify(px4/c_generated_code/px4_model_model) by extensions ['ignore', 'ignore_ament_install']
[0.255s] Level 1:colcon.colcon_core.package_identification:_identify(px4/c_generated_code/px4_model_model) by extension 'ignore'
[0.255s] Level 1:colcon.colcon_core.package_identification:_identify(px4/c_generated_code/px4_model_model) by extension 'ignore_ament_install'
[0.255s] Level 1:colcon.colcon_core.package_identification:_identify(px4/c_generated_code/px4_model_model) by extensions ['colcon_pkg']
[0.255s] Level 1:colcon.colcon_core.package_identification:_identify(px4/c_generated_code/px4_model_model) by extension 'colcon_pkg'
[0.255s] Level 1:colcon.colcon_core.package_identification:_identify(px4/c_generated_code/px4_model_model) by extensions ['colcon_meta']
[0.255s] Level 1:colcon.colcon_core.package_identification:_identify(px4/c_generated_code/px4_model_model) by extension 'colcon_meta'
[0.255s] Level 1:colcon.colcon_core.package_identification:_identify(px4/c_generated_code/px4_model_model) by extensions ['ros']
[0.255s] Level 1:colcon.colcon_core.package_identification:_identify(px4/c_generated_code/px4_model_model) by extension 'ros'
[0.255s] Level 1:colcon.colcon_core.package_identification:_identify(px4/c_generated_code/px4_model_model) by extensions ['cmake', 'python']
[0.255s] Level 1:colcon.colcon_core.package_identification:_identify(px4/c_generated_code/px4_model_model) by extension 'cmake'
[0.255s] Level 1:colcon.colcon_core.package_identification:_identify(px4/c_generated_code/px4_model_model) by extension 'python'
[0.255s] Level 1:colcon.colcon_core.package_identification:_identify(px4/c_generated_code/px4_model_model) by extensions ['python_setup_py']
[0.255s] Level 1:colcon.colcon_core.package_identification:_identify(px4/c_generated_code/px4_model_model) by extension 'python_setup_py'
[0.256s] Level 1:colcon.colcon_core.package_identification:_identify(px4/install) by extensions ['ignore', 'ignore_ament_install']
[0.256s] Level 1:colcon.colcon_core.package_identification:_identify(px4/install) by extension 'ignore'
[0.256s] Level 1:colcon.colcon_core.package_identification:_identify(px4/install) ignored
[0.256s] Level 1:colcon.colcon_core.package_identification:_identify(px4/log) by extensions ['ignore', 'ignore_ament_install']
[0.256s] Level 1:colcon.colcon_core.package_identification:_identify(px4/log) by extension 'ignore'
[0.256s] Level 1:colcon.colcon_core.package_identification:_identify(px4/log) ignored
[0.256s] Level 1:colcon.colcon_core.package_identification:_identify(px4_payload) by extensions ['ignore', 'ignore_ament_install']
[0.256s] Level 1:colcon.colcon_core.package_identification:_identify(px4_payload) by extension 'ignore'
[0.256s] Level 1:colcon.colcon_core.package_identification:_identify(px4_payload) by extension 'ignore_ament_install'
[0.256s] Level 1:colcon.colcon_core.package_identification:_identify(px4_payload) by extensions ['colcon_pkg']
[0.256s] Level 1:colcon.colcon_core.package_identification:_identify(px4_payload) by extension 'colcon_pkg'
[0.256s] Level 1:colcon.colcon_core.package_identification:_identify(px4_payload) by extensions ['colcon_meta']
[0.256s] Level 1:colcon.colcon_core.package_identification:_identify(px4_payload) by extension 'colcon_meta'
[0.256s] Level 1:colcon.colcon_core.package_identification:_identify(px4_payload) by extensions ['ros']
[0.256s] Level 1:colcon.colcon_core.package_identification:_identify(px4_payload) by extension 'ros'
[0.256s] Level 1:colcon.colcon_core.package_identification:_identify(px4_payload) by extensions ['cmake', 'python']
[0.256s] Level 1:colcon.colcon_core.package_identification:_identify(px4_payload) by extension 'cmake'
[0.256s] Level 1:colcon.colcon_core.package_identification:_identify(px4_payload) by extension 'python'
[0.256s] Level 1:colcon.colcon_core.package_identification:_identify(px4_payload) by extensions ['python_setup_py']
[0.256s] Level 1:colcon.colcon_core.package_identification:_identify(px4_payload) by extension 'python_setup_py'
[0.256s] Level 1:colcon.colcon_core.package_identification:_identify(px4_payload/__pycache__) by extensions ['ignore', 'ignore_ament_install']
[0.256s] Level 1:colcon.colcon_core.package_identification:_identify(px4_payload/__pycache__) by extension 'ignore'
[0.256s] Level 1:colcon.colcon_core.package_identification:_identify(px4_payload/__pycache__) by extension 'ignore_ament_install'
[0.256s] Level 1:colcon.colcon_core.package_identification:_identify(px4_payload/__pycache__) by extensions ['colcon_pkg']
[0.256s] Level 1:colcon.colcon_core.package_identification:_identify(px4_payload/__pycache__) by extension 'colcon_pkg'
[0.256s] Level 1:colcon.colcon_core.package_identification:_identify(px4_payload/__pycache__) by extensions ['colcon_meta']
[0.256s] Level 1:colcon.colcon_core.package_identification:_identify(px4_payload/__pycache__) by extension 'colcon_meta'
[0.256s] Level 1:colcon.colcon_core.package_identification:_identify(px4_payload/__pycache__) by extensions ['ros']
[0.256s] Level 1:colcon.colcon_core.package_identification:_identify(px4_payload/__pycache__) by extension 'ros'
[0.256s] Level 1:colcon.colcon_core.package_identification:_identify(px4_payload/__pycache__) by extensions ['cmake', 'python']
[0.256s] Level 1:colcon.colcon_core.package_identification:_identify(px4_payload/__pycache__) by extension 'cmake'
[0.256s] Level 1:colcon.colcon_core.package_identification:_identify(px4_payload/__pycache__) by extension 'python'
[0.256s] Level 1:colcon.colcon_core.package_identification:_identify(px4_payload/__pycache__) by extensions ['python_setup_py']
[0.256s] Level 1:colcon.colcon_core.package_identification:_identify(px4_payload/__pycache__) by extension 'python_setup_py'
[0.256s] Level 1:colcon.colcon_core.package_identification:_identify(px4_payload/c_generated_code) by extensions ['ignore', 'ignore_ament_install']
[0.257s] Level 1:colcon.colcon_core.package_identification:_identify(px4_payload/c_generated_code) by extension 'ignore'
[0.257s] Level 1:colcon.colcon_core.package_identification:_identify(px4_payload/c_generated_code) by extension 'ignore_ament_install'
[0.257s] Level 1:colcon.colcon_core.package_identification:_identify(px4_payload/c_generated_code) by extensions ['colcon_pkg']
[0.257s] Level 1:colcon.colcon_core.package_identification:_identify(px4_payload/c_generated_code) by extension 'colcon_pkg'
[0.257s] Level 1:colcon.colcon_core.package_identification:_identify(px4_payload/c_generated_code) by extensions ['colcon_meta']
[0.257s] Level 1:colcon.colcon_core.package_identification:_identify(px4_payload/c_generated_code) by extension 'colcon_meta'
[0.257s] Level 1:colcon.colcon_core.package_identification:_identify(px4_payload/c_generated_code) by extensions ['ros']
[0.257s] Level 1:colcon.colcon_core.package_identification:_identify(px4_payload/c_generated_code) by extension 'ros'
[0.257s] Level 1:colcon.colcon_core.package_identification:_identify(px4_payload/c_generated_code) by extensions ['cmake', 'python']
[0.257s] Level 1:colcon.colcon_core.package_identification:_identify(px4_payload/c_generated_code) by extension 'cmake'
[0.257s] Level 1:colcon.colcon_core.package_identification:_identify(px4_payload/c_generated_code) by extension 'python'
[0.257s] Level 1:colcon.colcon_core.package_identification:_identify(px4_payload/c_generated_code) by extensions ['python_setup_py']
[0.257s] Level 1:colcon.colcon_core.package_identification:_identify(px4_payload/c_generated_code) by extension 'python_setup_py'
[0.257s] Level 1:colcon.colcon_core.package_identification:_identify(px4_payload/c_generated_code/px4_payload_model_constraints) by extensions ['ignore', 'ignore_ament_install']
[0.257s] Level 1:colcon.colcon_core.package_identification:_identify(px4_payload/c_generated_code/px4_payload_model_constraints) by extension 'ignore'
[0.257s] Level 1:colcon.colcon_core.package_identification:_identify(px4_payload/c_generated_code/px4_payload_model_constraints) by extension 'ignore_ament_install'
[0.257s] Level 1:colcon.colcon_core.package_identification:_identify(px4_payload/c_generated_code/px4_payload_model_constraints) by extensions ['colcon_pkg']
[0.257s] Level 1:colcon.colcon_core.package_identification:_identify(px4_payload/c_generated_code/px4_payload_model_constraints) by extension 'colcon_pkg'
[0.257s] Level 1:colcon.colcon_core.package_identification:_identify(px4_payload/c_generated_code/px4_payload_model_constraints) by extensions ['colcon_meta']
[0.257s] Level 1:colcon.colcon_core.package_identification:_identify(px4_payload/c_generated_code/px4_payload_model_constraints) by extension 'colcon_meta'
[0.257s] Level 1:colcon.colcon_core.package_identification:_identify(px4_payload/c_generated_code/px4_payload_model_constraints) by extensions ['ros']
[0.257s] Level 1:colcon.colcon_core.package_identification:_identify(px4_payload/c_generated_code/px4_payload_model_constraints) by extension 'ros'
[0.257s] Level 1:colcon.colcon_core.package_identification:_identify(px4_payload/c_generated_code/px4_payload_model_constraints) by extensions ['cmake', 'python']
[0.257s] Level 1:colcon.colcon_core.package_identification:_identify(px4_payload/c_generated_code/px4_payload_model_constraints) by extension 'cmake'
[0.257s] Level 1:colcon.colcon_core.package_identification:_identify(px4_payload/c_generated_code/px4_payload_model_constraints) by extension 'python'
[0.257s] Level 1:colcon.colcon_core.package_identification:_identify(px4_payload/c_generated_code/px4_payload_model_constraints) by extensions ['python_setup_py']
[0.257s] Level 1:colcon.colcon_core.package_identification:_identify(px4_payload/c_generated_code/px4_payload_model_constraints) by extension 'python_setup_py'
[0.257s] Level 1:colcon.colcon_core.package_identification:_identify(px4_payload/c_generated_code/px4_payload_model_model) by extensions ['ignore', 'ignore_ament_install']
[0.257s] Level 1:colcon.colcon_core.package_identification:_identify(px4_payload/c_generated_code/px4_payload_model_model) by extension 'ignore'
[0.257s] Level 1:colcon.colcon_core.package_identification:_identify(px4_payload/c_generated_code/px4_payload_model_model) by extension 'ignore_ament_install'
[0.257s] Level 1:colcon.colcon_core.package_identification:_identify(px4_payload/c_generated_code/px4_payload_model_model) by extensions ['colcon_pkg']
[0.257s] Level 1:colcon.colcon_core.package_identification:_identify(px4_payload/c_generated_code/px4_payload_model_model) by extension 'colcon_pkg'
[0.257s] Level 1:colcon.colcon_core.package_identification:_identify(px4_payload/c_generated_code/px4_payload_model_model) by extensions ['colcon_meta']
[0.257s] Level 1:colcon.colcon_core.package_identification:_identify(px4_payload/c_generated_code/px4_payload_model_model) by extension 'colcon_meta'
[0.257s] Level 1:colcon.colcon_core.package_identification:_identify(px4_payload/c_generated_code/px4_payload_model_model) by extensions ['ros']
[0.257s] Level 1:colcon.colcon_core.package_identification:_identify(px4_payload/c_generated_code/px4_payload_model_model) by extension 'ros'
[0.257s] Level 1:colcon.colcon_core.package_identification:_identify(px4_payload/c_generated_code/px4_payload_model_model) by extensions ['cmake', 'python']
[0.257s] Level 1:colcon.colcon_core.package_identification:_identify(px4_payload/c_generated_code/px4_payload_model_model) by extension 'cmake'
[0.257s] Level 1:colcon.colcon_core.package_identification:_identify(px4_payload/c_generated_code/px4_payload_model_model) by extension 'python'
[0.257s] Level 1:colcon.colcon_core.package_identification:_identify(px4_payload/c_generated_code/px4_payload_model_model) by extensions ['python_setup_py']
[0.257s] Level 1:colcon.colcon_core.package_identification:_identify(px4_payload/c_generated_code/px4_payload_model_model) by extension 'python_setup_py'
[0.258s] Level 1:colcon.colcon_core.package_identification:_identify(src) by extensions ['ignore', 'ignore_ament_install']
[0.258s] Level 1:colcon.colcon_core.package_identification:_identify(src) by extension 'ignore'
[0.258s] Level 1:colcon.colcon_core.package_identification:_identify(src) by extension 'ignore_ament_install'
[0.258s] Level 1:colcon.colcon_core.package_identification:_identify(src) by extensions ['colcon_pkg']
[0.258s] Level 1:colcon.colcon_core.package_identification:_identify(src) by extension 'colcon_pkg'
[0.258s] Level 1:colcon.colcon_core.package_identification:_identify(src) by extensions ['colcon_meta']
[0.258s] Level 1:colcon.colcon_core.package_identification:_identify(src) by extension 'colcon_meta'
[0.258s] Level 1:colcon.colcon_core.package_identification:_identify(src) by extensions ['ros']
[0.258s] Level 1:colcon.colcon_core.package_identification:_identify(src) by extension 'ros'
[0.258s] Level 1:colcon.colcon_core.package_identification:_identify(src) by extensions ['cmake', 'python']
[0.258s] Level 1:colcon.colcon_core.package_identification:_identify(src) by extension 'cmake'
[0.258s] Level 1:colcon.colcon_core.package_identification:_identify(src) by extension 'python'
[0.258s] Level 1:colcon.colcon_core.package_identification:_identify(src) by extensions ['python_setup_py']
[0.258s] Level 1:colcon.colcon_core.package_identification:_identify(src) by extension 'python_setup_py'
[0.258s] Level 1:colcon.colcon_core.package_identification:_identify(src/plan_env) by extensions ['ignore', 'ignore_ament_install']
[0.258s] Level 1:colcon.colcon_core.package_identification:_identify(src/plan_env) by extension 'ignore'
[0.258s] Level 1:colcon.colcon_core.package_identification:_identify(src/plan_env) by extension 'ignore_ament_install'
[0.258s] Level 1:colcon.colcon_core.package_identification:_identify(src/plan_env) by extensions ['colcon_pkg']
[0.258s] Level 1:colcon.colcon_core.package_identification:_identify(src/plan_env) by extension 'colcon_pkg'
[0.258s] Level 1:colcon.colcon_core.package_identification:_identify(src/plan_env) by extensions ['colcon_meta']
[0.258s] Level 1:colcon.colcon_core.package_identification:_identify(src/plan_env) by extension 'colcon_meta'
[0.258s] Level 1:colcon.colcon_core.package_identification:_identify(src/plan_env) by extensions ['ros']
[0.258s] Level 1:colcon.colcon_core.package_identification:_identify(src/plan_env) by extension 'ros'
[0.261s] DEBUG:colcon.colcon_core.package_identification:Package 'src/plan_env' with type 'ros.ament_cmake' and name 'plan_env'
[0.261s] Level 1:colcon.colcon_core.package_identification:_identify(src/px4_nmpc) by extensions ['ignore', 'ignore_ament_install']
[0.261s] Level 1:colcon.colcon_core.package_identification:_identify(src/px4_nmpc) by extension 'ignore'
[0.261s] Level 1:colcon.colcon_core.package_identification:_identify(src/px4_nmpc) by extension 'ignore_ament_install'
[0.261s] Level 1:colcon.colcon_core.package_identification:_identify(src/px4_nmpc) by extensions ['colcon_pkg']
[0.261s] Level 1:colcon.colcon_core.package_identification:_identify(src/px4_nmpc) by extension 'colcon_pkg'
[0.261s] Level 1:colcon.colcon_core.package_identification:_identify(src/px4_nmpc) by extensions ['colcon_meta']
[0.261s] Level 1:colcon.colcon_core.package_identification:_identify(src/px4_nmpc) by extension 'colcon_meta'
[0.261s] Level 1:colcon.colcon_core.package_identification:_identify(src/px4_nmpc) by extensions ['ros']
[0.261s] Level 1:colcon.colcon_core.package_identification:_identify(src/px4_nmpc) by extension 'ros'
[0.261s] DEBUG:colcon.colcon_core.package_identification:Package 'src/px4_nmpc' with type 'ros.ament_cmake' and name 'px4_nmpc'
[0.262s] Level 1:colcon.colcon_core.package_identification:_identify(src/px4_offboard_control) by extensions ['ignore', 'ignore_ament_install']
[0.262s] Level 1:colcon.colcon_core.package_identification:_identify(src/px4_offboard_control) by extension 'ignore'
[0.262s] Level 1:colcon.colcon_core.package_identification:_identify(src/px4_offboard_control) by extension 'ignore_ament_install'
[0.262s] Level 1:colcon.colcon_core.package_identification:_identify(src/px4_offboard_control) by extensions ['colcon_pkg']
[0.262s] Level 1:colcon.colcon_core.package_identification:_identify(src/px4_offboard_control) by extension 'colcon_pkg'
[0.262s] Level 1:colcon.colcon_core.package_identification:_identify(src/px4_offboard_control) by extensions ['colcon_meta']
[0.262s] Level 1:colcon.colcon_core.package_identification:_identify(src/px4_offboard_control) by extension 'colcon_meta'
[0.262s] Level 1:colcon.colcon_core.package_identification:_identify(src/px4_offboard_control) by extensions ['ros']
[0.262s] Level 1:colcon.colcon_core.package_identification:_identify(src/px4_offboard_control) by extension 'ros'
[0.262s] DEBUG:colcon.colcon_core.package_identification:Package 'src/px4_offboard_control' with type 'ros.ament_cmake' and name 'px4_offboard_control'
[0.262s] Level 1:colcon.colcon_core.package_identification:_identify(src/px4_payload_estimator) by extensions ['ignore', 'ignore_ament_install']
[0.262s] Level 1:colcon.colcon_core.package_identification:_identify(src/px4_payload_estimator) by extension 'ignore'
[0.262s] Level 1:colcon.colcon_core.package_identification:_identify(src/px4_payload_estimator) by extension 'ignore_ament_install'
[0.262s] Level 1:colcon.colcon_core.package_identification:_identify(src/px4_payload_estimator) by extensions ['colcon_pkg']
[0.262s] Level 1:colcon.colcon_core.package_identification:_identify(src/px4_payload_estimator) by extension 'colcon_pkg'
[0.262s] Level 1:colcon.colcon_core.package_identification:_identify(src/px4_payload_estimator) by extensions ['colcon_meta']
[0.262s] Level 1:colcon.colcon_core.package_identification:_identify(src/px4_payload_estimator) by extension 'colcon_meta'
[0.262s] Level 1:colcon.colcon_core.package_identification:_identify(src/px4_payload_estimator) by extensions ['ros']
[0.262s] Level 1:colcon.colcon_core.package_identification:_identify(src/px4_payload_estimator) by extension 'ros'
[0.263s] DEBUG:colcon.colcon_core.package_identification:Package 'src/px4_payload_estimator' with type 'ros.ament_cmake' and name 'px4_payload_estimator'
[0.263s] Level 1:colcon.colcon_core.package_identification:_identify(src/px4_payload_nmpc) by extensions ['ignore', 'ignore_ament_install']
[0.263s] Level 1:colcon.colcon_core.package_identification:_identify(src/px4_payload_nmpc) by extension 'ignore'
[0.263s] Level 1:colcon.colcon_core.package_identification:_identify(src/px4_payload_nmpc) by extension 'ignore_ament_install'
[0.263s] Level 1:colcon.colcon_core.package_identification:_identify(src/px4_payload_nmpc) by extensions ['colcon_pkg']
[0.263s] Level 1:colcon.colcon_core.package_identification:_identify(src/px4_payload_nmpc) by extension 'colcon_pkg'
[0.263s] Level 1:colcon.colcon_core.package_identification:_identify(src/px4_payload_nmpc) by extensions ['colcon_meta']
[0.263s] Level 1:colcon.colcon_core.package_identification:_identify(src/px4_payload_nmpc) by extension 'colcon_meta'
[0.263s] Level 1:colcon.colcon_core.package_identification:_identify(src/px4_payload_nmpc) by extensions ['ros']
[0.263s] Level 1:colcon.colcon_core.package_identification:_identify(src/px4_payload_nmpc) by extension 'ros'
[0.264s] DEBUG:colcon.colcon_core.package_identification:Package 'src/px4_payload_nmpc' with type 'ros.ament_cmake' and name 'px4_payload_nmpc'
[0.264s] Level 1:colcon.colcon_core.package_discovery:discover_packages(recursive) using defaults
[0.264s] Level 1:colcon.colcon_core.package_discovery:discover_packages(ignore) discover
[0.264s] Level 1:colcon.colcon_core.package_discovery:discover_packages(ignore) using defaults
[0.264s] Level 1:colcon.colcon_core.package_discovery:discover_packages(path) discover
[0.264s] Level 1:colcon.colcon_core.package_discovery:discover_packages(path) using defaults
[0.286s] Level 1:colcon.colcon_core.package_discovery:discover_packages(prefix_path) check parameters
[0.286s] Level 1:colcon.colcon_core.package_discovery:discover_packages(prefix_path) discover
[0.288s] DEBUG:colcon.colcon_installed_package_information.package_discovery:Found 4 installed packages in /home/chen/px4_ws/install
[0.289s] DEBUG:colcon.colcon_installed_package_information.package_discovery:Found 14 installed packages in /home/chen/ws_livox/install
[0.289s] DEBUG:colcon.colcon_installed_package_information.package_discovery:Found 305 installed packages in /opt/ros/humble
[0.290s] Level 1:colcon.colcon_core.package_discovery:discover_packages(prefix_path) using defaults
[0.317s] Level 5:colcon.colcon_core.verb:set package 'plan_env' build argument 'cmake_args' from command line to 'None'
[0.317s] Level 5:colcon.colcon_core.verb:set package 'plan_env' build argument 'cmake_target' from command line to 'None'
[0.317s] Level 5:colcon.colcon_core.verb:set package 'plan_env' build argument 'cmake_target_skip_unavailable' from command line to 'False'
[0.317s] Level 5:colcon.colcon_core.verb:set package 'plan_env' build argument 'cmake_clean_cache' from command line to 'False'
[0.317s] Level 5:colcon.colcon_core.verb:set package 'plan_env' build argument 'cmake_clean_first' from command line to 'False'
[0.317s] Level 5:colcon.colcon_core.verb:set package 'plan_env' build argument 'cmake_force_configure' from command line to 'False'
[0.317s] Level 5:colcon.colcon_core.verb:set package 'plan_env' build argument 'ament_cmake_args' from command line to 'None'
[0.317s] Level 5:colcon.colcon_core.verb:set package 'plan_env' build argument 'catkin_cmake_args' from command line to 'None'
[0.317s] Level 5:colcon.colcon_core.verb:set package 'plan_env' build argument 'catkin_skip_building_tests' from command line to 'False'
[0.317s] DEBUG:colcon.colcon_core.verb:Building package 'plan_env' with the following arguments: {'ament_cmake_args': None, 'build_base': '/home/chen/px4_ws/build/plan_env', 'catkin_cmake_args': None, 'catkin_skip_building_tests': False, 'cmake_args': None, 'cmake_clean_cache': False, 'cmake_clean_first': False, 'cmake_force_configure': False, 'cmake_target': None, 'cmake_target_skip_unavailable': False, 'install_base': '/home/chen/px4_ws/install/plan_env', 'merge_install': False, 'path': '/home/chen/px4_ws/src/plan_env', 'symlink_install': False, 'test_result_base': None}
[0.317s] Level 5:colcon.colcon_core.verb:set package 'px4_offboard_control' build argument 'cmake_args' from command line to 'None'
[0.317s] Level 5:colcon.colcon_core.verb:set package 'px4_offboard_control' build argument 'cmake_target' from command line to 'None'
[0.317s] Level 5:colcon.colcon_core.verb:set package 'px4_offboard_control' build argument 'cmake_target_skip_unavailable' from command line to 'False'
[0.317s] Level 5:colcon.colcon_core.verb:set package 'px4_offboard_control' build argument 'cmake_clean_cache' from command line to 'False'
[0.317s] Level 5:colcon.colcon_core.verb:set package 'px4_offboard_control' build argument 'cmake_clean_first' from command line to 'False'
[0.317s] Level 5:colcon.colcon_core.verb:set package 'px4_offboard_control' build argument 'cmake_force_configure' from command line to 'False'
[0.317s] Level 5:colcon.colcon_core.verb:set package 'px4_offboard_control' build argument 'ament_cmake_args' from command line to 'None'
[0.317s] Level 5:colcon.colcon_core.verb:set package 'px4_offboard_control' build argument 'catkin_cmake_args' from command line to 'None'
[0.317s] Level 5:colcon.colcon_core.verb:set package 'px4_offboard_control' build argument 'catkin_skip_building_tests' from command line to 'False'
[0.317s] DEBUG:colcon.colcon_core.verb:Building package 'px4_offboard_control' with the following arguments: {'ament_cmake_args': None, 'build_base': '/home/chen/px4_ws/build/px4_offboard_control', 'catkin_cmake_args': None, 'catkin_skip_building_tests': False, 'cmake_args': None, 'cmake_clean_cache': False, 'cmake_clean_first': False, 'cmake_force_configure': False, 'cmake_target': None, 'cmake_target_skip_unavailable': False, 'install_base': '/home/chen/px4_ws/install/px4_offboard_control', 'merge_install': False, 'path': '/home/chen/px4_ws/src/px4_offboard_control', 'symlink_install': False, 'test_result_base': None}
[0.318s] Level 5:colcon.colcon_core.verb:set package 'px4_payload_estimator' build argument 'cmake_args' from command line to 'None'
[0.318s] Level 5:colcon.colcon_core.verb:set package 'px4_payload_estimator' build argument 'cmake_target' from command line to 'None'
[0.318s] Level 5:colcon.colcon_core.verb:set package 'px4_payload_estimator' build argument 'cmake_target_skip_unavailable' from command line to 'False'
[0.318s] Level 5:colcon.colcon_core.verb:set package 'px4_payload_estimator' build argument 'cmake_clean_cache' from command line to 'False'
[0.318s] Level 5:colcon.colcon_core.verb:set package 'px4_payload_estimator' build argument 'cmake_clean_first' from command line to 'False'
[0.318s] Level 5:colcon.colcon_core.verb:set package 'px4_payload_estimator' build argument 'cmake_force_configure' from command line to 'False'
[0.318s] Level 5:colcon.colcon_core.verb:set package 'px4_payload_estimator' build argument 'ament_cmake_args' from command line to 'None'
[0.318s] Level 5:colcon.colcon_core.verb:set package 'px4_payload_estimator' build argument 'catkin_cmake_args' from command line to 'None'
[0.318s] Level 5:colcon.colcon_core.verb:set package 'px4_payload_estimator' build argument 'catkin_skip_building_tests' from command line to 'False'
[0.318s] DEBUG:colcon.colcon_core.verb:Building package 'px4_payload_estimator' with the following arguments: {'ament_cmake_args': None, 'build_base': '/home/chen/px4_ws/build/px4_payload_estimator', 'catkin_cmake_args': None, 'catkin_skip_building_tests': False, 'cmake_args': None, 'cmake_clean_cache': False, 'cmake_clean_first': False, 'cmake_force_configure': False, 'cmake_target': None, 'cmake_target_skip_unavailable': False, 'install_base': '/home/chen/px4_ws/install/px4_payload_estimator', 'merge_install': False, 'path': '/home/chen/px4_ws/src/px4_payload_estimator', 'symlink_install': False, 'test_result_base': None}
[0.318s] Level 5:colcon.colcon_core.verb:set package 'px4_nmpc' build argument 'cmake_args' from command line to 'None'
[0.318s] Level 5:colcon.colcon_core.verb:set package 'px4_nmpc' build argument 'cmake_target' from command line to 'None'
[0.318s] Level 5:colcon.colcon_core.verb:set package 'px4_nmpc' build argument 'cmake_target_skip_unavailable' from command line to 'False'
[0.318s] Level 5:colcon.colcon_core.verb:set package 'px4_nmpc' build argument 'cmake_clean_cache' from command line to 'False'
[0.318s] Level 5:colcon.colcon_core.verb:set package 'px4_nmpc' build argument 'cmake_clean_first' from command line to 'False'
[0.318s] Level 5:colcon.colcon_core.verb:set package 'px4_nmpc' build argument 'cmake_force_configure' from command line to 'False'
[0.318s] Level 5:colcon.colcon_core.verb:set package 'px4_nmpc' build argument 'ament_cmake_args' from command line to 'None'
[0.318s] Level 5:colcon.colcon_core.verb:set package 'px4_nmpc' build argument 'catkin_cmake_args' from command line to 'None'
[0.318s] Level 5:colcon.colcon_core.verb:set package 'px4_nmpc' build argument 'catkin_skip_building_tests' from command line to 'False'
[0.318s] DEBUG:colcon.colcon_core.verb:Building package 'px4_nmpc' with the following arguments: {'ament_cmake_args': None, 'build_base': '/home/chen/px4_ws/build/px4_nmpc', 'catkin_cmake_args': None, 'catkin_skip_building_tests': False, 'cmake_args': None, 'cmake_clean_cache': False, 'cmake_clean_first': False, 'cmake_force_configure': False, 'cmake_target': None, 'cmake_target_skip_unavailable': False, 'install_base': '/home/chen/px4_ws/install/px4_nmpc', 'merge_install': False, 'path': '/home/chen/px4_ws/src/px4_nmpc', 'symlink_install': False, 'test_result_base': None}
[0.318s] Level 5:colcon.colcon_core.verb:set package 'px4_payload_nmpc' build argument 'cmake_args' from command line to 'None'
[0.318s] Level 5:colcon.colcon_core.verb:set package 'px4_payload_nmpc' build argument 'cmake_target' from command line to 'None'
[0.318s] Level 5:colcon.colcon_core.verb:set package 'px4_payload_nmpc' build argument 'cmake_target_skip_unavailable' from command line to 'False'
[0.318s] Level 5:colcon.colcon_core.verb:set package 'px4_payload_nmpc' build argument 'cmake_clean_cache' from command line to 'False'
[0.318s] Level 5:colcon.colcon_core.verb:set package 'px4_payload_nmpc' build argument 'cmake_clean_first' from command line to 'False'
[0.318s] Level 5:colcon.colcon_core.verb:set package 'px4_payload_nmpc' build argument 'cmake_force_configure' from command line to 'False'
[0.318s] Level 5:colcon.colcon_core.verb:set package 'px4_payload_nmpc' build argument 'ament_cmake_args' from command line to 'None'
[0.318s] Level 5:colcon.colcon_core.verb:set package 'px4_payload_nmpc' build argument 'catkin_cmake_args' from command line to 'None'
[0.318s] Level 5:colcon.colcon_core.verb:set package 'px4_payload_nmpc' build argument 'catkin_skip_building_tests' from command line to 'False'
[0.318s] DEBUG:colcon.colcon_core.verb:Building package 'px4_payload_nmpc' with the following arguments: {'ament_cmake_args': None, 'build_base': '/home/chen/px4_ws/build/px4_payload_nmpc', 'catkin_cmake_args': None, 'catkin_skip_building_tests': False, 'cmake_args': None, 'cmake_clean_cache': False, 'cmake_clean_first': False, 'cmake_force_configure': False, 'cmake_target': None, 'cmake_target_skip_unavailable': False, 'install_base': '/home/chen/px4_ws/install/px4_payload_nmpc', 'merge_install': False, 'path': '/home/chen/px4_ws/src/px4_payload_nmpc', 'symlink_install': False, 'test_result_base': None}
[0.318s] INFO:colcon.colcon_core.executor:Executing jobs using 'parallel' executor
[0.319s] DEBUG:colcon.colcon_parallel_executor.executor.parallel:run_until_complete
[0.319s] INFO:colcon.colcon_ros.task.ament_cmake.build:Building ROS package in '/home/chen/px4_ws/src/plan_env' with build type 'ament_cmake'
[0.319s] INFO:colcon.colcon_cmake.task.cmake.build:Building CMake package in '/home/chen/px4_ws/src/plan_env'
[0.322s] INFO:colcon.colcon_core.plugin_system:Skipping extension 'colcon_core.shell.bat': Not used on non-Windows systems
[0.322s] INFO:colcon.colcon_core.shell:Skip shell extension 'powershell' for command environment: Not usable outside of PowerShell
[0.322s] DEBUG:colcon.colcon_core.shell:Skip shell extension 'dsv' for command environment
[0.325s] INFO:colcon.colcon_ros.task.ament_cmake.build:Building ROS package in '/home/chen/px4_ws/src/px4_offboard_control' with build type 'ament_cmake'
[0.325s] INFO:colcon.colcon_cmake.task.cmake.build:Building CMake package in '/home/chen/px4_ws/src/px4_offboard_control'
[0.325s] INFO:colcon.colcon_core.shell:Skip shell extension 'powershell' for command environment: Not usable outside of PowerShell
[0.325s] DEBUG:colcon.colcon_core.shell:Skip shell extension 'dsv' for command environment
[0.328s] INFO:colcon.colcon_ros.task.ament_cmake.build:Building ROS package in '/home/chen/px4_ws/src/px4_payload_estimator' with build type 'ament_cmake'
[0.328s] INFO:colcon.colcon_cmake.task.cmake.build:Building CMake package in '/home/chen/px4_ws/src/px4_payload_estimator'
[0.328s] INFO:colcon.colcon_core.shell:Skip shell extension 'powershell' for command environment: Not usable outside of PowerShell
[0.328s] DEBUG:colcon.colcon_core.shell:Skip shell extension 'dsv' for command environment
[0.334s] DEBUG:colcon.colcon_core.event_handler.log_command:Invoking command in '/home/chen/px4_ws/build/plan_env': CMAKE_PREFIX_PATH=${CMAKE_PREFIX_PATH}:/opt/ros/humble /usr/bin/cmake --build /home/chen/px4_ws/build/plan_env -- -j16 -l16
[0.336s] DEBUG:colcon.colcon_core.event_handler.log_command:Invoking command in '/home/chen/px4_ws/build/px4_offboard_control': CMAKE_PREFIX_PATH=${CMAKE_PREFIX_PATH}:/opt/ros/humble /usr/bin/cmake --build /home/chen/px4_ws/build/px4_offboard_control -- -j16 -l16
[0.338s] DEBUG:colcon.colcon_core.event_handler.log_command:Invoking command in '/home/chen/px4_ws/build/px4_payload_estimator': CMAKE_PREFIX_PATH=${CMAKE_PREFIX_PATH}:/opt/ros/humble /usr/bin/cmake /home/chen/px4_ws/src/px4_payload_estimator -DCMAKE_INSTALL_PREFIX=/home/chen/px4_ws/install/px4_payload_estimator
[0.448s] DEBUG:colcon.colcon_core.event_handler.log_command:Invoked command in '/home/chen/px4_ws/build/px4_offboard_control' returned '0': CMAKE_PREFIX_PATH=${CMAKE_PREFIX_PATH}:/opt/ros/humble /usr/bin/cmake --build /home/chen/px4_ws/build/px4_offboard_control -- -j16 -l16
[0.456s] DEBUG:colcon.colcon_core.event_handler.log_command:Invoking command in '/home/chen/px4_ws/build/px4_offboard_control': CMAKE_PREFIX_PATH=${CMAKE_PREFIX_PATH}:/opt/ros/humble /usr/bin/cmake --install /home/chen/px4_ws/build/px4_offboard_control
[0.468s] Level 1:colcon.colcon_core.environment:create_environment_scripts_only(px4_offboard_control)
[0.468s] DEBUG:colcon.colcon_core.event_handler.log_command:Invoked command in '/home/chen/px4_ws/build/px4_offboard_control' returned '0': CMAKE_PREFIX_PATH=${CMAKE_PREFIX_PATH}:/opt/ros/humble /usr/bin/cmake --install /home/chen/px4_ws/build/px4_offboard_control
[0.473s] Level 1:colcon.colcon_core.environment:checking '/home/chen/px4_ws/install/px4_offboard_control' for CMake module files
[0.473s] Level 1:colcon.colcon_core.environment:checking '/home/chen/px4_ws/install/px4_offboard_control' for CMake config files
[0.473s] Level 1:colcon.colcon_core.shell:create_environment_hook('px4_offboard_control', 'cmake_prefix_path')
[0.474s] INFO:colcon.colcon_core.shell:Creating environment hook '/home/chen/px4_ws/install/px4_offboard_control/share/px4_offboard_control/hook/cmake_prefix_path.ps1'
[0.474s] INFO:colcon.colcon_core.shell:Creating environment descriptor '/home/chen/px4_ws/install/px4_offboard_control/share/px4_offboard_control/hook/cmake_prefix_path.dsv'
[0.475s] INFO:colcon.colcon_core.shell:Creating environment hook '/home/chen/px4_ws/install/px4_offboard_control/share/px4_offboard_control/hook/cmake_prefix_path.sh'
[0.475s] Level 1:colcon.colcon_core.environment:checking '/home/chen/px4_ws/install/px4_offboard_control/lib'
[0.476s] Level 1:colcon.colcon_core.environment:checking '/home/chen/px4_ws/install/px4_offboard_control/bin'
[0.476s] Level 1:colcon.colcon_core.environment:checking '/home/chen/px4_ws/install/px4_offboard_control/lib/pkgconfig/px4_offboard_control.pc'
[0.476s] Level 1:colcon.colcon_core.environment:checking '/home/chen/px4_ws/install/px4_offboard_control/lib/python3.10/site-packages'
[0.476s] Level 1:colcon.colcon_core.environment:checking '/home/chen/px4_ws/install/px4_offboard_control/bin'
[0.476s] INFO:colcon.colcon_core.shell:Creating package script '/home/chen/px4_ws/install/px4_offboard_control/share/px4_offboard_control/package.ps1'
[0.477s] INFO:colcon.colcon_core.shell:Creating package descriptor '/home/chen/px4_ws/install/px4_offboard_control/share/px4_offboard_control/package.dsv'
[0.477s] INFO:colcon.colcon_core.shell:Creating package script '/home/chen/px4_ws/install/px4_offboard_control/share/px4_offboard_control/package.sh'
[0.478s] INFO:colcon.colcon_core.shell:Creating package script '/home/chen/px4_ws/install/px4_offboard_control/share/px4_offboard_control/package.bash'
[0.478s] INFO:colcon.colcon_core.shell:Creating package script '/home/chen/px4_ws/install/px4_offboard_control/share/px4_offboard_control/package.zsh'
[0.479s] Level 1:colcon.colcon_core.environment:create_file_with_runtime_dependencies(/home/chen/px4_ws/install/px4_offboard_control/share/colcon-core/packages/px4_offboard_control)
[0.479s] Level 1:colcon.colcon_core.environment:create_environment_scripts_only(px4_offboard_control)
[0.479s] Level 1:colcon.colcon_core.environment:checking '/home/chen/px4_ws/install/px4_offboard_control' for CMake module files
[0.480s] Level 1:colcon.colcon_core.environment:checking '/home/chen/px4_ws/install/px4_offboard_control' for CMake config files
[0.480s] Level 1:colcon.colcon_core.shell:create_environment_hook('px4_offboard_control', 'cmake_prefix_path')
[0.480s] INFO:colcon.colcon_core.shell:Creating environment hook '/home/chen/px4_ws/install/px4_offboard_control/share/px4_offboard_control/hook/cmake_prefix_path.ps1'
[0.480s] INFO:colcon.colcon_core.shell:Creating environment descriptor '/home/chen/px4_ws/install/px4_offboard_control/share/px4_offboard_control/hook/cmake_prefix_path.dsv'
[0.480s] INFO:colcon.colcon_core.shell:Creating environment hook '/home/chen/px4_ws/install/px4_offboard_control/share/px4_offboard_control/hook/cmake_prefix_path.sh'
[0.481s] Level 1:colcon.colcon_core.environment:checking '/home/chen/px4_ws/install/px4_offboard_control/lib'
[0.481s] Level 1:colcon.colcon_core.environment:checking '/home/chen/px4_ws/install/px4_offboard_control/bin'
[0.481s] Level 1:colcon.colcon_core.environment:checking '/home/chen/px4_ws/install/px4_offboard_control/lib/pkgconfig/px4_offboard_control.pc'
[0.481s] Level 1:colcon.colcon_core.environment:checking '/home/chen/px4_ws/install/px4_offboard_control/lib/python3.10/site-packages'
[0.481s] Level 1:colcon.colcon_core.environment:checking '/home/chen/px4_ws/install/px4_offboard_control/bin'
[0.481s] INFO:colcon.colcon_core.shell:Creating package script '/home/chen/px4_ws/install/px4_offboard_control/share/px4_offboard_control/package.ps1'
[0.481s] INFO:colcon.colcon_core.shell:Creating package descriptor '/home/chen/px4_ws/install/px4_offboard_control/share/px4_offboard_control/package.dsv'
[0.482s] INFO:colcon.colcon_core.shell:Creating package script '/home/chen/px4_ws/install/px4_offboard_control/share/px4_offboard_control/package.sh'
[0.482s] INFO:colcon.colcon_core.shell:Creating package script '/home/chen/px4_ws/install/px4_offboard_control/share/px4_offboard_control/package.bash'
[0.482s] INFO:colcon.colcon_core.shell:Creating package script '/home/chen/px4_ws/install/px4_offboard_control/share/px4_offboard_control/package.zsh'
[0.482s] Level 1:colcon.colcon_core.environment:create_file_with_runtime_dependencies(/home/chen/px4_ws/install/px4_offboard_control/share/colcon-core/packages/px4_offboard_control)
[0.638s] DEBUG:colcon.colcon_core.event_handler.log_command:Invoked command in '/home/chen/px4_ws/build/plan_env' returned '0': CMAKE_PREFIX_PATH=${CMAKE_PREFIX_PATH}:/opt/ros/humble /usr/bin/cmake --build /home/chen/px4_ws/build/plan_env -- -j16 -l16
[0.640s] DEBUG:colcon.colcon_core.event_handler.log_command:Invoking command in '/home/chen/px4_ws/build/plan_env': CMAKE_PREFIX_PATH=${CMAKE_PREFIX_PATH}:/opt/ros/humble /usr/bin/cmake --install /home/chen/px4_ws/build/plan_env
[0.698s] Level 1:colcon.colcon_core.environment:create_environment_scripts_only(plan_env)
[0.698s] Level 1:colcon.colcon_core.environment:checking '/home/chen/px4_ws/install/plan_env' for CMake module files
[0.698s] DEBUG:colcon.colcon_core.event_handler.log_command:Invoked command in '/home/chen/px4_ws/build/plan_env' returned '0': CMAKE_PREFIX_PATH=${CMAKE_PREFIX_PATH}:/opt/ros/humble /usr/bin/cmake --install /home/chen/px4_ws/build/plan_env
[0.698s] Level 1:colcon.colcon_core.environment:checking '/home/chen/px4_ws/install/plan_env' for CMake config files
[0.699s] Level 1:colcon.colcon_core.shell:create_environment_hook('plan_env', 'cmake_prefix_path')
[0.699s] INFO:colcon.colcon_core.shell:Creating environment hook '/home/chen/px4_ws/install/plan_env/share/plan_env/hook/cmake_prefix_path.ps1'
[0.699s] INFO:colcon.colcon_core.shell:Creating environment descriptor '/home/chen/px4_ws/install/plan_env/share/plan_env/hook/cmake_prefix_path.dsv'
[0.699s] INFO:colcon.colcon_core.shell:Creating environment hook '/home/chen/px4_ws/install/plan_env/share/plan_env/hook/cmake_prefix_path.sh'
[0.700s] Level 1:colcon.colcon_core.environment:checking '/home/chen/px4_ws/install/plan_env/lib'
[0.700s] Level 1:colcon.colcon_core.shell:create_environment_hook('plan_env', 'ld_library_path_lib')
[0.700s] INFO:colcon.colcon_core.shell:Creating environment hook '/home/chen/px4_ws/install/plan_env/share/plan_env/hook/ld_library_path_lib.ps1'
[0.700s] INFO:colcon.colcon_core.shell:Creating environment descriptor '/home/chen/px4_ws/install/plan_env/share/plan_env/hook/ld_library_path_lib.dsv'
[0.700s] INFO:colcon.colcon_core.shell:Creating environment hook '/home/chen/px4_ws/install/plan_env/share/plan_env/hook/ld_library_path_lib.sh'
[0.700s] Level 1:colcon.colcon_core.environment:checking '/home/chen/px4_ws/install/plan_env/bin'
[0.700s] Level 1:colcon.colcon_core.environment:checking '/home/chen/px4_ws/install/plan_env/lib/pkgconfig/plan_env.pc'
[0.701s] Level 1:colcon.colcon_core.environment:checking '/home/chen/px4_ws/install/plan_env/lib/python3.10/site-packages'
[0.701s] Level 1:colcon.colcon_core.environment:checking '/home/chen/px4_ws/install/plan_env/bin'
[0.701s] INFO:colcon.colcon_core.shell:Creating package script '/home/chen/px4_ws/install/plan_env/share/plan_env/package.ps1'
[0.701s] INFO:colcon.colcon_core.shell:Creating package descriptor '/home/chen/px4_ws/install/plan_env/share/plan_env/package.dsv'
[0.701s] INFO:colcon.colcon_core.shell:Creating package script '/home/chen/px4_ws/install/plan_env/share/plan_env/package.sh'
[0.702s] INFO:colcon.colcon_core.shell:Creating package script '/home/chen/px4_ws/install/plan_env/share/plan_env/package.bash'
[0.702s] INFO:colcon.colcon_core.shell:Creating package script '/home/chen/px4_ws/install/plan_env/share/plan_env/package.zsh'
[0.702s] Level 1:colcon.colcon_core.environment:create_file_with_runtime_dependencies(/home/chen/px4_ws/install/plan_env/share/colcon-core/packages/plan_env)
[0.702s] Level 1:colcon.colcon_core.environment:create_environment_scripts_only(plan_env)
[0.702s] Level 1:colcon.colcon_core.environment:checking '/home/chen/px4_ws/install/plan_env' for CMake module files
[0.703s] Level 1:colcon.colcon_core.environment:checking '/home/chen/px4_ws/install/plan_env' for CMake config files
[0.703s] Level 1:colcon.colcon_core.shell:create_environment_hook('plan_env', 'cmake_prefix_path')
[0.703s] INFO:colcon.colcon_core.shell:Creating environment hook '/home/chen/px4_ws/install/plan_env/share/plan_env/hook/cmake_prefix_path.ps1'
[0.703s] INFO:colcon.colcon_core.shell:Creating environment descriptor '/home/chen/px4_ws/install/plan_env/share/plan_env/hook/cmake_prefix_path.dsv'
[0.703s] INFO:colcon.colcon_core.shell:Creating environment hook '/home/chen/px4_ws/install/plan_env/share/plan_env/hook/cmake_prefix_path.sh'
[0.704s] Level 1:colcon.colcon_core.environment:checking '/home/chen/px4_ws/install/plan_env/lib'
[0.704s] Level 1:colcon.colcon_core.shell:create_environment_hook('plan_env', 'ld_library_path_lib')
[0.704s] INFO:colcon.colcon_core.shell:Creating environment hook '/home/chen/px4_ws/install/plan_env/share/plan_env/hook/ld_library_path_lib.ps1'
[0.704s] INFO:colcon.colcon_core.shell:Creating environment descriptor '/home/chen/px4_ws/install/plan_env/share/plan_env/hook/ld_library_path_lib.dsv'
[0.704s] INFO:colcon.colcon_core.shell:Creating environment hook '/home/chen/px4_ws/install/plan_env/share/plan_env/hook/ld_library_path_lib.sh'
[0.705s] Level 1:colcon.colcon_core.environment:checking '/home/chen/px4_ws/install/plan_env/bin'
[0.705s] Level 1:colcon.colcon_core.environment:checking '/home/chen/px4_ws/install/plan_env/lib/pkgconfig/plan_env.pc'
[0.705s] Level 1:colcon.colcon_core.environment:checking '/home/chen/px4_ws/install/plan_env/lib/python3.10/site-packages'
[0.705s] Level 1:colcon.colcon_core.environment:checking '/home/chen/px4_ws/install/plan_env/bin'
[0.705s] INFO:colcon.colcon_core.shell:Creating package script '/home/chen/px4_ws/install/plan_env/share/plan_env/package.ps1'
[0.705s] INFO:colcon.colcon_core.shell:Creating package descriptor '/home/chen/px4_ws/install/plan_env/share/plan_env/package.dsv'
[0.706s] INFO:colcon.colcon_core.shell:Creating package script '/home/chen/px4_ws/install/plan_env/share/plan_env/package.sh'
[0.706s] INFO:colcon.colcon_core.shell:Creating package script '/home/chen/px4_ws/install/plan_env/share/plan_env/package.bash'
[0.706s] INFO:colcon.colcon_core.shell:Creating package script '/home/chen/px4_ws/install/plan_env/share/plan_env/package.zsh'
[0.706s] Level 1:colcon.colcon_core.environment:create_file_with_runtime_dependencies(/home/chen/px4_ws/install/plan_env/share/colcon-core/packages/plan_env)
[0.706s] INFO:colcon.colcon_ros.task.ament_cmake.build:Building ROS package in '/home/chen/px4_ws/src/px4_nmpc' with build type 'ament_cmake'
[0.707s] INFO:colcon.colcon_cmake.task.cmake.build:Building CMake package in '/home/chen/px4_ws/src/px4_nmpc'
[0.707s] INFO:colcon.colcon_core.shell:Skip shell extension 'powershell' for command environment: Not usable outside of PowerShell
[0.707s] DEBUG:colcon.colcon_core.shell:Skip shell extension 'dsv' for command environment
[0.709s] INFO:colcon.colcon_ros.task.ament_cmake.build:Building ROS package in '/home/chen/px4_ws/src/px4_payload_nmpc' with build type 'ament_cmake'
[0.710s] INFO:colcon.colcon_cmake.task.cmake.build:Building CMake package in '/home/chen/px4_ws/src/px4_payload_nmpc'
[0.710s] INFO:colcon.colcon_core.shell:Skip shell extension 'powershell' for command environment: Not usable outside of PowerShell
[0.710s] DEBUG:colcon.colcon_core.shell:Skip shell extension 'dsv' for command environment
[0.717s] DEBUG:colcon.colcon_core.event_handler.log_command:Invoking command in '/home/chen/px4_ws/build/px4_nmpc': CMAKE_PREFIX_PATH=/home/chen/px4_ws/install/plan_env:/home/chen/px4_ws/install/px4_payload_nmpc:/home/chen/px4_ws/install/px4_offboard_control:/home/chen/px4_ws/install/px4_nmpc:/home/chen/ws_livox/install/vrpn_relative_pose:/home/chen/ws_livox/install/vrpn_listener:/home/chen/ws_livox/install/vins_fusion_ros2:/home/chen/ws_livox/install/tf:/home/chen/ws_livox/install/realsense2_description:/home/chen/ws_livox/install/realsense2_camera:/home/chen/ws_livox/install/realsense2_camera_msgs:/home/chen/ws_livox/install/pose_send:/home/chen/ws_livox/install/point_cloud_filter:/home/chen/ws_livox/install/orbslam3:/home/chen/ws_livox/install/offboard_test:/home/chen/ws_livox/install/fast_lio:/home/chen/ws_livox/install/livox_ros_driver2:/home/chen/ws_livox/install/cluster_detection:/opt/ros/humble LD_LIBRARY_PATH=/home/chen/px4_ws/install/plan_env/lib:/home/chen/px4_ws/install/px4_payload_nmpc/lib:/home/chen/px4_ws/install/px4_nmpc/lib:/home/chen/ws_livox/install/realsense2_camera/lib:/home/chen/ws_livox/install/realsense2_camera_msgs/lib:/home/chen/ws_livox/install/fast_lio/lib:/home/chen/ws_livox/install/livox_ros_driver2/lib:/usr/lib/x86_64-linux-gnu/gazebo-11/plugins:/opt/ros/humble/opt/rviz_ogre_vendor/lib:/opt/ros/humble/lib/x86_64-linux-gnu:/opt/ros/humble/lib:/home/chen/acados/lib:/home/chen/acados/lib /usr/bin/cmake --build /home/chen/px4_ws/build/px4_nmpc -- -j16 -l16
[0.719s] DEBUG:colcon.colcon_core.event_handler.log_command:Invoking command in '/home/chen/px4_ws/build/px4_payload_nmpc': CMAKE_PREFIX_PATH=/home/chen/px4_ws/install/plan_env:/home/chen/px4_ws/install/px4_payload_nmpc:/home/chen/px4_ws/install/px4_offboard_control:/home/chen/px4_ws/install/px4_nmpc:/home/chen/ws_livox/install/vrpn_relative_pose:/home/chen/ws_livox/install/vrpn_listener:/home/chen/ws_livox/install/vins_fusion_ros2:/home/chen/ws_livox/install/tf:/home/chen/ws_livox/install/realsense2_description:/home/chen/ws_livox/install/realsense2_camera:/home/chen/ws_livox/install/realsense2_camera_msgs:/home/chen/ws_livox/install/pose_send:/home/chen/ws_livox/install/point_cloud_filter:/home/chen/ws_livox/install/orbslam3:/home/chen/ws_livox/install/offboard_test:/home/chen/ws_livox/install/fast_lio:/home/chen/ws_livox/install/livox_ros_driver2:/home/chen/ws_livox/install/cluster_detection:/opt/ros/humble LD_LIBRARY_PATH=/home/chen/px4_ws/install/plan_env/lib:/home/chen/px4_ws/install/px4_payload_nmpc/lib:/home/chen/px4_ws/install/px4_nmpc/lib:/home/chen/ws_livox/install/realsense2_camera/lib:/home/chen/ws_livox/install/realsense2_camera_msgs/lib:/home/chen/ws_livox/install/fast_lio/lib:/home/chen/ws_livox/install/livox_ros_driver2/lib:/usr/lib/x86_64-linux-gnu/gazebo-11/plugins:/opt/ros/humble/opt/rviz_ogre_vendor/lib:/opt/ros/humble/lib/x86_64-linux-gnu:/opt/ros/humble/lib:/home/chen/acados/lib:/home/chen/acados/lib /usr/bin/cmake --build /home/chen/px4_ws/build/px4_payload_nmpc -- -j16 -l16
[0.822s] DEBUG:colcon.colcon_core.event_handler.log_command:Invoked command in '/home/chen/px4_ws/build/px4_nmpc' returned '0': CMAKE_PREFIX_PATH=/home/chen/px4_ws/install/plan_env:/home/chen/px4_ws/install/px4_payload_nmpc:/home/chen/px4_ws/install/px4_offboard_control:/home/chen/px4_ws/install/px4_nmpc:/home/chen/ws_livox/install/vrpn_relative_pose:/home/chen/ws_livox/install/vrpn_listener:/home/chen/ws_livox/install/vins_fusion_ros2:/home/chen/ws_livox/install/tf:/home/chen/ws_livox/install/realsense2_description:/home/chen/ws_livox/install/realsense2_camera:/home/chen/ws_livox/install/realsense2_camera_msgs:/home/chen/ws_livox/install/pose_send:/home/chen/ws_livox/install/point_cloud_filter:/home/chen/ws_livox/install/orbslam3:/home/chen/ws_livox/install/offboard_test:/home/chen/ws_livox/install/fast_lio:/home/chen/ws_livox/install/livox_ros_driver2:/home/chen/ws_livox/install/cluster_detection:/opt/ros/humble LD_LIBRARY_PATH=/home/chen/px4_ws/install/plan_env/lib:/home/chen/px4_ws/install/px4_payload_nmpc/lib:/home/chen/px4_ws/install/px4_nmpc/lib:/home/chen/ws_livox/install/realsense2_camera/lib:/home/chen/ws_livox/install/realsense2_camera_msgs/lib:/home/chen/ws_livox/install/fast_lio/lib:/home/chen/ws_livox/install/livox_ros_driver2/lib:/usr/lib/x86_64-linux-gnu/gazebo-11/plugins:/opt/ros/humble/opt/rviz_ogre_vendor/lib:/opt/ros/humble/lib/x86_64-linux-gnu:/opt/ros/humble/lib:/home/chen/acados/lib:/home/chen/acados/lib /usr/bin/cmake --build /home/chen/px4_ws/build/px4_nmpc -- -j16 -l16
[0.824s] DEBUG:colcon.colcon_core.event_handler.log_command:Invoking command in '/home/chen/px4_ws/build/px4_nmpc': CMAKE_PREFIX_PATH=/home/chen/px4_ws/install/plan_env:/home/chen/px4_ws/install/px4_payload_nmpc:/home/chen/px4_ws/install/px4_offboard_control:/home/chen/px4_ws/install/px4_nmpc:/home/chen/ws_livox/install/vrpn_relative_pose:/home/chen/ws_livox/install/vrpn_listener:/home/chen/ws_livox/install/vins_fusion_ros2:/home/chen/ws_livox/install/tf:/home/chen/ws_livox/install/realsense2_description:/home/chen/ws_livox/install/realsense2_camera:/home/chen/ws_livox/install/realsense2_camera_msgs:/home/chen/ws_livox/install/pose_send:/home/chen/ws_livox/install/point_cloud_filter:/home/chen/ws_livox/install/orbslam3:/home/chen/ws_livox/install/offboard_test:/home/chen/ws_livox/install/fast_lio:/home/chen/ws_livox/install/livox_ros_driver2:/home/chen/ws_livox/install/cluster_detection:/opt/ros/humble LD_LIBRARY_PATH=/home/chen/px4_ws/install/plan_env/lib:/home/chen/px4_ws/install/px4_payload_nmpc/lib:/home/chen/px4_ws/install/px4_nmpc/lib:/home/chen/ws_livox/install/realsense2_camera/lib:/home/chen/ws_livox/install/realsense2_camera_msgs/lib:/home/chen/ws_livox/install/fast_lio/lib:/home/chen/ws_livox/install/livox_ros_driver2/lib:/usr/lib/x86_64-linux-gnu/gazebo-11/plugins:/opt/ros/humble/opt/rviz_ogre_vendor/lib:/opt/ros/humble/lib/x86_64-linux-gnu:/opt/ros/humble/lib:/home/chen/acados/lib:/home/chen/acados/lib /usr/bin/cmake --install /home/chen/px4_ws/build/px4_nmpc
[0.833s] Level 1:colcon.colcon_core.environment:create_environment_scripts_only(px4_nmpc)
[0.834s] Level 1:colcon.colcon_core.environment:checking '/home/chen/px4_ws/install/px4_nmpc' for CMake module files
[0.834s] DEBUG:colcon.colcon_core.event_handler.log_command:Invoked command in '/home/chen/px4_ws/build/px4_nmpc' returned '0': CMAKE_PREFIX_PATH=/home/chen/px4_ws/install/plan_env:/home/chen/px4_ws/install/px4_payload_nmpc:/home/chen/px4_ws/install/px4_offboard_control:/home/chen/px4_ws/install/px4_nmpc:/home/chen/ws_livox/install/vrpn_relative_pose:/home/chen/ws_livox/install/vrpn_listener:/home/chen/ws_livox/install/vins_fusion_ros2:/home/chen/ws_livox/install/tf:/home/chen/ws_livox/install/realsense2_description:/home/chen/ws_livox/install/realsense2_camera:/home/chen/ws_livox/install/realsense2_camera_msgs:/home/chen/ws_livox/install/pose_send:/home/chen/ws_livox/install/point_cloud_filter:/home/chen/ws_livox/install/orbslam3:/home/chen/ws_livox/install/offboard_test:/home/chen/ws_livox/install/fast_lio:/home/chen/ws_livox/install/livox_ros_driver2:/home/chen/ws_livox/install/cluster_detection:/opt/ros/humble LD_LIBRARY_PATH=/home/chen/px4_ws/install/plan_env/lib:/home/chen/px4_ws/install/px4_payload_nmpc/lib:/home/chen/px4_ws/install/px4_nmpc/lib:/home/chen/ws_livox/install/realsense2_camera/lib:/home/chen/ws_livox/install/realsense2_camera_msgs/lib:/home/chen/ws_livox/install/fast_lio/lib:/home/chen/ws_livox/install/livox_ros_driver2/lib:/usr/lib/x86_64-linux-gnu/gazebo-11/plugins:/opt/ros/humble/opt/rviz_ogre_vendor/lib:/opt/ros/humble/lib/x86_64-linux-gnu:/opt/ros/humble/lib:/home/chen/acados/lib:/home/chen/acados/lib /usr/bin/cmake --install /home/chen/px4_ws/build/px4_nmpc
[0.835s] Level 1:colcon.colcon_core.environment:checking '/home/chen/px4_ws/install/px4_nmpc' for CMake config files
[0.836s] Level 1:colcon.colcon_core.shell:create_environment_hook('px4_nmpc', 'cmake_prefix_path')
[0.836s] INFO:colcon.colcon_core.shell:Creating environment hook '/home/chen/px4_ws/install/px4_nmpc/share/px4_nmpc/hook/cmake_prefix_path.ps1'
[0.837s] INFO:colcon.colcon_core.shell:Creating environment descriptor '/home/chen/px4_ws/install/px4_nmpc/share/px4_nmpc/hook/cmake_prefix_path.dsv'
[0.837s] INFO:colcon.colcon_core.shell:Creating environment hook '/home/chen/px4_ws/install/px4_nmpc/share/px4_nmpc/hook/cmake_prefix_path.sh'
[0.837s] Level 1:colcon.colcon_core.environment:checking '/home/chen/px4_ws/install/px4_nmpc/lib'
[0.837s] Level 1:colcon.colcon_core.shell:create_environment_hook('px4_nmpc', 'ld_library_path_lib')
[0.837s] INFO:colcon.colcon_core.shell:Creating environment hook '/home/chen/px4_ws/install/px4_nmpc/share/px4_nmpc/hook/ld_library_path_lib.ps1'
[0.838s] INFO:colcon.colcon_core.shell:Creating environment descriptor '/home/chen/px4_ws/install/px4_nmpc/share/px4_nmpc/hook/ld_library_path_lib.dsv'
[0.838s] INFO:colcon.colcon_core.shell:Creating environment hook '/home/chen/px4_ws/install/px4_nmpc/share/px4_nmpc/hook/ld_library_path_lib.sh'
[0.838s] Level 1:colcon.colcon_core.environment:checking '/home/chen/px4_ws/install/px4_nmpc/bin'
[0.838s] Level 1:colcon.colcon_core.environment:checking '/home/chen/px4_ws/install/px4_nmpc/lib/pkgconfig/px4_nmpc.pc'
[0.838s] Level 1:colcon.colcon_core.environment:checking '/home/chen/px4_ws/install/px4_nmpc/lib/python3.10/site-packages'
[0.838s] Level 1:colcon.colcon_core.environment:checking '/home/chen/px4_ws/install/px4_nmpc/bin'
[0.839s] INFO:colcon.colcon_core.shell:Creating package script '/home/chen/px4_ws/install/px4_nmpc/share/px4_nmpc/package.ps1'
[0.839s] INFO:colcon.colcon_core.shell:Creating package descriptor '/home/chen/px4_ws/install/px4_nmpc/share/px4_nmpc/package.dsv'
[0.839s] INFO:colcon.colcon_core.shell:Creating package script '/home/chen/px4_ws/install/px4_nmpc/share/px4_nmpc/package.sh'
[0.839s] INFO:colcon.colcon_core.shell:Creating package script '/home/chen/px4_ws/install/px4_nmpc/share/px4_nmpc/package.bash'
[0.840s] INFO:colcon.colcon_core.shell:Creating package script '/home/chen/px4_ws/install/px4_nmpc/share/px4_nmpc/package.zsh'
[0.840s] Level 1:colcon.colcon_core.environment:create_file_with_runtime_dependencies(/home/chen/px4_ws/install/px4_nmpc/share/colcon-core/packages/px4_nmpc)
[0.840s] Level 1:colcon.colcon_core.environment:create_environment_scripts_only(px4_nmpc)
[0.840s] Level 1:colcon.colcon_core.environment:checking '/home/chen/px4_ws/install/px4_nmpc' for CMake module files
[0.840s] Level 1:colcon.colcon_core.environment:checking '/home/chen/px4_ws/install/px4_nmpc' for CMake config files
[0.841s] Level 1:colcon.colcon_core.shell:create_environment_hook('px4_nmpc', 'cmake_prefix_path')
[0.841s] INFO:colcon.colcon_core.shell:Creating environment hook '/home/chen/px4_ws/install/px4_nmpc/share/px4_nmpc/hook/cmake_prefix_path.ps1'
[0.841s] INFO:colcon.colcon_core.shell:Creating environment descriptor '/home/chen/px4_ws/install/px4_nmpc/share/px4_nmpc/hook/cmake_prefix_path.dsv'
[0.841s] INFO:colcon.colcon_core.shell:Creating environment hook '/home/chen/px4_ws/install/px4_nmpc/share/px4_nmpc/hook/cmake_prefix_path.sh'
[0.841s] Level 1:colcon.colcon_core.environment:checking '/home/chen/px4_ws/install/px4_nmpc/lib'
[0.841s] Level 1:colcon.colcon_core.shell:create_environment_hook('px4_nmpc', 'ld_library_path_lib')
[0.842s] INFO:colcon.colcon_core.shell:Creating environment hook '/home/chen/px4_ws/install/px4_nmpc/share/px4_nmpc/hook/ld_library_path_lib.ps1'
[0.842s] INFO:colcon.colcon_core.shell:Creating environment descriptor '/home/chen/px4_ws/install/px4_nmpc/share/px4_nmpc/hook/ld_library_path_lib.dsv'
[0.842s] INFO:colcon.colcon_core.shell:Creating environment hook '/home/chen/px4_ws/install/px4_nmpc/share/px4_nmpc/hook/ld_library_path_lib.sh'
[0.842s] Level 1:colcon.colcon_core.environment:checking '/home/chen/px4_ws/install/px4_nmpc/bin'
[0.842s] Level 1:colcon.colcon_core.environment:checking '/home/chen/px4_ws/install/px4_nmpc/lib/pkgconfig/px4_nmpc.pc'
[0.842s] Level 1:colcon.colcon_core.environment:checking '/home/chen/px4_ws/install/px4_nmpc/lib/python3.10/site-packages'
[0.842s] Level 1:colcon.colcon_core.environment:checking '/home/chen/px4_ws/install/px4_nmpc/bin'
[0.843s] INFO:colcon.colcon_core.shell:Creating package script '/home/chen/px4_ws/install/px4_nmpc/share/px4_nmpc/package.ps1'
[0.843s] INFO:colcon.colcon_core.shell:Creating package descriptor '/home/chen/px4_ws/install/px4_nmpc/share/px4_nmpc/package.dsv'
[0.843s] INFO:colcon.colcon_core.shell:Creating package script '/home/chen/px4_ws/install/px4_nmpc/share/px4_nmpc/package.sh'
[0.844s] INFO:colcon.colcon_core.shell:Creating package script '/home/chen/px4_ws/install/px4_nmpc/share/px4_nmpc/package.bash'
[0.844s] INFO:colcon.colcon_core.shell:Creating package script '/home/chen/px4_ws/install/px4_nmpc/share/px4_nmpc/package.zsh'
[0.844s] Level 1:colcon.colcon_core.environment:create_file_with_runtime_dependencies(/home/chen/px4_ws/install/px4_nmpc/share/colcon-core/packages/px4_nmpc)
[1.569s] DEBUG:colcon.colcon_core.event_handler.log_command:Invoked command in '/home/chen/px4_ws/build/px4_payload_estimator' returned '0': CMAKE_PREFIX_PATH=${CMAKE_PREFIX_PATH}:/opt/ros/humble /usr/bin/cmake /home/chen/px4_ws/src/px4_payload_estimator -DCMAKE_INSTALL_PREFIX=/home/chen/px4_ws/install/px4_payload_estimator
[1.571s] DEBUG:colcon.colcon_core.event_handler.log_command:Invoking command in '/home/chen/px4_ws/build/px4_payload_estimator': CMAKE_PREFIX_PATH=${CMAKE_PREFIX_PATH}:/opt/ros/humble /usr/bin/cmake --build /home/chen/px4_ws/build/px4_payload_estimator -- -j16 -l16
[7.532s] DEBUG:colcon.colcon_core.event_handler.log_command:Invoked command in '/home/chen/px4_ws/build/px4_payload_estimator' returned '2': CMAKE_PREFIX_PATH=${CMAKE_PREFIX_PATH}:/opt/ros/humble /usr/bin/cmake --build /home/chen/px4_ws/build/px4_payload_estimator -- -j16 -l16
[7.532s] Level 1:colcon.colcon_core.environment:create_environment_scripts_only(px4_payload_estimator)
[7.532s] Level 1:colcon.colcon_core.environment:checking '/home/chen/px4_ws/install/px4_payload_estimator' for CMake module files
[7.533s] Level 1:colcon.colcon_core.environment:checking '/home/chen/px4_ws/install/px4_payload_estimator' for CMake config files
[7.533s] Level 1:colcon.colcon_core.environment:checking '/home/chen/px4_ws/install/px4_payload_estimator/bin'
[7.533s] Level 1:colcon.colcon_core.environment:checking '/home/chen/px4_ws/install/px4_payload_estimator/lib/pkgconfig/px4_payload_estimator.pc'
[7.533s] Level 1:colcon.colcon_core.environment:checking '/home/chen/px4_ws/install/px4_payload_estimator/lib/python3.10/site-packages'
[7.533s] Level 1:colcon.colcon_core.environment:checking '/home/chen/px4_ws/install/px4_payload_estimator/bin'
[7.533s] INFO:colcon.colcon_core.shell:Creating package script '/home/chen/px4_ws/install/px4_payload_estimator/share/px4_payload_estimator/package.ps1'
[7.534s] INFO:colcon.colcon_core.shell:Creating package descriptor '/home/chen/px4_ws/install/px4_payload_estimator/share/px4_payload_estimator/package.dsv'
[7.534s] INFO:colcon.colcon_core.shell:Creating package script '/home/chen/px4_ws/install/px4_payload_estimator/share/px4_payload_estimator/package.sh'
[7.534s] INFO:colcon.colcon_core.shell:Creating package script '/home/chen/px4_ws/install/px4_payload_estimator/share/px4_payload_estimator/package.bash'
[7.534s] INFO:colcon.colcon_core.shell:Creating package script '/home/chen/px4_ws/install/px4_payload_estimator/share/px4_payload_estimator/package.zsh'
[7.535s] Level 1:colcon.colcon_core.environment:create_file_with_runtime_dependencies(/home/chen/px4_ws/install/px4_payload_estimator/share/colcon-core/packages/px4_payload_estimator)
[9.447s] DEBUG:colcon.colcon_parallel_executor.executor.parallel:closing loop
[9.447s] DEBUG:colcon.colcon_parallel_executor.executor.parallel:loop closed
[9.447s] DEBUG:colcon.colcon_parallel_executor.executor.parallel:run_until_complete finished with '2'
[9.447s] DEBUG:colcon.colcon_core.event_reactor:joining thread
[9.454s] INFO:colcon.colcon_core.plugin_system:Skipping extension 'colcon_notification.desktop_notification.terminal_notifier': Not used on non-Darwin systems
[9.454s] INFO:colcon.colcon_core.plugin_system:Skipping extension 'colcon_notification.desktop_notification.win32': Not used on non-Windows systems
[9.454s] INFO:colcon.colcon_notification.desktop_notification:Sending desktop notification using 'notify2'
[9.470s] DEBUG:colcon.colcon_core.event_reactor:joined thread
[9.471s] INFO:colcon.colcon_core.shell:Creating prefix script '/home/chen/px4_ws/install/local_setup.ps1'
[9.472s] INFO:colcon.colcon_core.shell:Creating prefix util module '/home/chen/px4_ws/install/_local_setup_util_ps1.py'
[9.473s] INFO:colcon.colcon_core.shell:Creating prefix chain script '/home/chen/px4_ws/install/setup.ps1'
[9.475s] INFO:colcon.colcon_core.shell:Creating prefix script '/home/chen/px4_ws/install/local_setup.sh'
[9.476s] INFO:colcon.colcon_core.shell:Creating prefix util module '/home/chen/px4_ws/install/_local_setup_util_sh.py'
[9.477s] INFO:colcon.colcon_core.shell:Creating prefix chain script '/home/chen/px4_ws/install/setup.sh'
[9.479s] INFO:colcon.colcon_core.shell:Creating prefix script '/home/chen/px4_ws/install/local_setup.bash'
[9.480s] INFO:colcon.colcon_core.shell:Creating prefix chain script '/home/chen/px4_ws/install/setup.bash'
[9.482s] INFO:colcon.colcon_core.shell:Creating prefix script '/home/chen/px4_ws/install/local_setup.zsh'
[9.482s] INFO:colcon.colcon_core.shell:Creating prefix chain script '/home/chen/px4_ws/install/setup.zsh'
