[35m[1mConsolidate compiler generated dependencies of target esdf_map_reader[0m
[ 25%] [32m[1mLinking CXX shared library libesdf_map_reader.so[0m
[ 50%] Built target esdf_map_reader
[35m[1mConsolidate compiler generated dependencies of target nmpc_controller[0m
[ 75%] [32mBuilding CXX object CMakeFiles/nmpc_controller.dir/src/nmpc_controller.cpp.o[0m
[100%] [32m[1mLinking CXX executable nmpc_controller[0m
[100%] Built target nmpc_controller
-- Install configuration: ""
-- Installing: /home/chen/px4_ws/install/px4_nmpc/lib/libesdf_map_reader.so
-- Set runtime path of "/home/chen/px4_ws/install/px4_nmpc/lib/libesdf_map_reader.so" to ""
-- Installing: /home/chen/px4_ws/install/px4_nmpc/lib/px4_nmpc/nmpc_controller
-- Set runtime path of "/home/chen/px4_ws/install/px4_nmpc/lib/px4_nmpc/nmpc_controller" to ""
-- Up-to-date: /home/chen/px4_ws/install/px4_nmpc/include
-- Up-to-date: /home/chen/px4_ws/install/px4_nmpc/include/px4_nmpc
-- Up-to-date: /home/chen/px4_ws/install/px4_nmpc/include/px4_nmpc/esdf_map_reader.h
-- Installing: /home/chen/px4_ws/install/px4_nmpc/lib/libacados_ocp_solver_px4_model.so
-- Up-to-date: /home/chen/px4_ws/install/px4_nmpc/share/px4_nmpc/launch
-- Installing: /home/chen/px4_ws/install/px4_nmpc/share/px4_nmpc/launch/nmpc_controller.launch.py
-- Up-to-date: /home/chen/px4_ws/install/px4_nmpc/share/px4_nmpc/launch/__pycache__
-- Installing: /home/chen/px4_ws/install/px4_nmpc/share/px4_nmpc/launch/__pycache__/nmpc_controller.launch.cpython-310.pyc
-- Up-to-date: /home/chen/px4_ws/install/px4_nmpc/share/ament_index/resource_index/package_run_dependencies/px4_nmpc
-- Up-to-date: /home/chen/px4_ws/install/px4_nmpc/share/ament_index/resource_index/parent_prefix_path/px4_nmpc
-- Up-to-date: /home/chen/px4_ws/install/px4_nmpc/share/px4_nmpc/environment/ament_prefix_path.sh
-- Up-to-date: /home/chen/px4_ws/install/px4_nmpc/share/px4_nmpc/environment/ament_prefix_path.dsv
-- Up-to-date: /home/chen/px4_ws/install/px4_nmpc/share/px4_nmpc/environment/path.sh
-- Up-to-date: /home/chen/px4_ws/install/px4_nmpc/share/px4_nmpc/environment/path.dsv
-- Up-to-date: /home/chen/px4_ws/install/px4_nmpc/share/px4_nmpc/local_setup.bash
-- Up-to-date: /home/chen/px4_ws/install/px4_nmpc/share/px4_nmpc/local_setup.sh
-- Up-to-date: /home/chen/px4_ws/install/px4_nmpc/share/px4_nmpc/local_setup.zsh
-- Up-to-date: /home/chen/px4_ws/install/px4_nmpc/share/px4_nmpc/local_setup.dsv
-- Installing: /home/chen/px4_ws/install/px4_nmpc/share/px4_nmpc/package.dsv
-- Up-to-date: /home/chen/px4_ws/install/px4_nmpc/share/ament_index/resource_index/packages/px4_nmpc
-- Up-to-date: /home/chen/px4_ws/install/px4_nmpc/share/px4_nmpc/cmake/px4_nmpcConfig.cmake
-- Up-to-date: /home/chen/px4_ws/install/px4_nmpc/share/px4_nmpc/cmake/px4_nmpcConfig-version.cmake
-- Up-to-date: /home/chen/px4_ws/install/px4_nmpc/share/px4_nmpc/package.xml
