[0.009s] Invoking command in '/home/chen/px4_ws/build/px4_offboard_control': CMAKE_PREFIX_PATH=${CMAKE_PREFIX_PATH}:/opt/ros/humble /usr/bin/cmake --build /home/chen/px4_ws/build/px4_offboard_control -- -j16 -l16
[0.071s] [35m[1mConsolidate compiler generated dependencies of target offboard_control[0m
[0.106s] [100%] Built target offboard_control
[0.122s] Invoked command in '/home/chen/px4_ws/build/px4_offboard_control' returned '0': CMAKE_PREFIX_PATH=${CMAKE_PREFIX_PATH}:/opt/ros/humble /usr/bin/cmake --build /home/chen/px4_ws/build/px4_offboard_control -- -j16 -l16
[0.134s] Invoking command in '/home/chen/px4_ws/build/px4_offboard_control': CMAKE_PREFIX_PATH=${CMAKE_PREFIX_PATH}:/opt/ros/humble /usr/bin/cmake --install /home/chen/px4_ws/build/px4_offboard_control
[0.142s] -- Install configuration: ""
[0.143s] -- Up-to-date: /home/chen/px4_ws/install/px4_offboard_control/lib/px4_offboard_control/offboard_control
[0.143s] -- Up-to-date: /home/chen/px4_ws/install/px4_offboard_control/share/px4_offboard_control//launch
[0.143s] -- Up-to-date: /home/chen/px4_ws/install/px4_offboard_control/share/px4_offboard_control//launch/offboard_control.launch.py
[0.143s] -- Up-to-date: /home/chen/px4_ws/install/px4_offboard_control/share/px4_offboard_control//config
[0.144s] -- Up-to-date: /home/chen/px4_ws/install/px4_offboard_control/share/px4_offboard_control//config/px4_pluginlists.yaml
[0.144s] -- Up-to-date: /home/chen/px4_ws/install/px4_offboard_control/share/ament_index/resource_index/package_run_dependencies/px4_offboard_control
[0.144s] -- Up-to-date: /home/chen/px4_ws/install/px4_offboard_control/share/ament_index/resource_index/parent_prefix_path/px4_offboard_control
[0.144s] -- Up-to-date: /home/chen/px4_ws/install/px4_offboard_control/share/px4_offboard_control/environment/ament_prefix_path.sh
[0.144s] -- Up-to-date: /home/chen/px4_ws/install/px4_offboard_control/share/px4_offboard_control/environment/ament_prefix_path.dsv
[0.144s] -- Up-to-date: /home/chen/px4_ws/install/px4_offboard_control/share/px4_offboard_control/environment/path.sh
[0.144s] -- Up-to-date: /home/chen/px4_ws/install/px4_offboard_control/share/px4_offboard_control/environment/path.dsv
[0.144s] -- Up-to-date: /home/chen/px4_ws/install/px4_offboard_control/share/px4_offboard_control/local_setup.bash
[0.144s] -- Up-to-date: /home/chen/px4_ws/install/px4_offboard_control/share/px4_offboard_control/local_setup.sh
[0.144s] -- Up-to-date: /home/chen/px4_ws/install/px4_offboard_control/share/px4_offboard_control/local_setup.zsh
[0.145s] -- Up-to-date: /home/chen/px4_ws/install/px4_offboard_control/share/px4_offboard_control/local_setup.dsv
[0.145s] -- Installing: /home/chen/px4_ws/install/px4_offboard_control/share/px4_offboard_control/package.dsv
[0.146s] -- Up-to-date: /home/chen/px4_ws/install/px4_offboard_control/share/ament_index/resource_index/packages/px4_offboard_control
[0.146s] -- Up-to-date: /home/chen/px4_ws/install/px4_offboard_control/share/px4_offboard_control/cmake/px4_offboard_controlConfig.cmake
[0.146s] -- Up-to-date: /home/chen/px4_ws/install/px4_offboard_control/share/px4_offboard_control/cmake/px4_offboard_controlConfig-version.cmake
[0.146s] -- Up-to-date: /home/chen/px4_ws/install/px4_offboard_control/share/px4_offboard_control/package.xml
[0.146s] Invoked command in '/home/chen/px4_ws/build/px4_offboard_control' returned '0': CMAKE_PREFIX_PATH=${CMAKE_PREFIX_PATH}:/opt/ros/humble /usr/bin/cmake --install /home/chen/px4_ws/build/px4_offboard_control
