[35m[1mConsolidate compiler generated dependencies of target payload_observer[0m
[ 50%] [32mBuilding CXX object CMakeFiles/payload_observer.dir/src/payload_observer.cpp.o[0m
[100%] [32m[1mLinking CXX executable payload_observer[0m
[100%] Built target payload_observer
-- Install configuration: ""
-- Installing: /home/chen/px4_ws/install/px4_payload_estimator/lib/px4_payload_estimator/payload_observer
-- Set runtime path of "/home/chen/px4_ws/install/px4_payload_estimator/lib/px4_payload_estimator/payload_observer" to ""
-- Up-to-date: /home/chen/px4_ws/install/px4_payload_estimator/share/px4_payload_estimator/launch
-- Up-to-date: /home/chen/px4_ws/install/px4_payload_estimator/share/px4_payload_estimator/launch/payload_observer.launch.py
-- Up-to-date: /home/chen/px4_ws/install/px4_payload_estimator/share/ament_index/resource_index/package_run_dependencies/px4_payload_estimator
-- Up-to-date: /home/chen/px4_ws/install/px4_payload_estimator/share/ament_index/resource_index/parent_prefix_path/px4_payload_estimator
-- Up-to-date: /home/chen/px4_ws/install/px4_payload_estimator/share/px4_payload_estimator/environment/ament_prefix_path.sh
-- Up-to-date: /home/chen/px4_ws/install/px4_payload_estimator/share/px4_payload_estimator/environment/ament_prefix_path.dsv
-- Up-to-date: /home/chen/px4_ws/install/px4_payload_estimator/share/px4_payload_estimator/environment/path.sh
-- Up-to-date: /home/chen/px4_ws/install/px4_payload_estimator/share/px4_payload_estimator/environment/path.dsv
-- Up-to-date: /home/chen/px4_ws/install/px4_payload_estimator/share/px4_payload_estimator/local_setup.bash
-- Up-to-date: /home/chen/px4_ws/install/px4_payload_estimator/share/px4_payload_estimator/local_setup.sh
-- Up-to-date: /home/chen/px4_ws/install/px4_payload_estimator/share/px4_payload_estimator/local_setup.zsh
-- Up-to-date: /home/chen/px4_ws/install/px4_payload_estimator/share/px4_payload_estimator/local_setup.dsv
-- Installing: /home/chen/px4_ws/install/px4_payload_estimator/share/px4_payload_estimator/package.dsv
-- Up-to-date: /home/chen/px4_ws/install/px4_payload_estimator/share/ament_index/resource_index/packages/px4_payload_estimator
-- Up-to-date: /home/chen/px4_ws/install/px4_payload_estimator/share/px4_payload_estimator/cmake/px4_payload_estimatorConfig.cmake
-- Up-to-date: /home/chen/px4_ws/install/px4_payload_estimator/share/px4_payload_estimator/cmake/px4_payload_estimatorConfig-version.cmake
-- Up-to-date: /home/chen/px4_ws/install/px4_payload_estimator/share/px4_payload_estimator/package.xml
