-- Found ament_cmake: 1.3.12 (/opt/ros/humble/share/ament_cmake/cmake)
-- Found rclcpp: 16.0.15 (/opt/ros/humble/share/rclcpp/cmake)
-- Found rosidl_generator_c: 3.1.7 (/opt/ros/humble/share/rosidl_generator_c/cmake)
-- Found rosidl_adapter: 3.1.7 (/opt/ros/humble/share/rosidl_adapter/cmake)
-- Found rosidl_generator_cpp: 3.1.7 (/opt/ros/humble/share/rosidl_generator_cpp/cmake)
-- Using all available rosidl_typesupport_c: rosidl_typesupport_fastrtps_c;rosidl_typesupport_introspection_c
-- Using all available rosidl_typesupport_cpp: rosidl_typesupport_fastrtps_cpp;rosidl_typesupport_introspection_cpp
-- Found rmw_implementation_cmake: 6.1.2 (/opt/ros/humble/share/rmw_implementation_cmake/cmake)
-- Found rmw_fastrtps_cpp: 6.2.8 (/opt/ros/humble/share/rmw_fastrtps_cpp/cmake)
-- Using RMW implementation 'rmw_fastrtps_cpp' as default
-- Found nav_msgs: 4.9.0 (/opt/ros/humble/share/nav_msgs/cmake)
-- Found mavros_msgs: 2.12.0 (/opt/ros/humble/share/mavros_msgs/cmake)
-- Found eigen3_cmake_module: 0.1.1 (/opt/ros/humble/share/eigen3_cmake_module/cmake)
-- Found plan_env: 1.0.0 (/home/chen/px4_ws/src/px4_payload_nmpc/../../install/plan_env/share/plan_env/cmake)
-- Eigen found (include: /usr/include/eigen3, version: 3.4.0)
-- FLANN found (include: /usr/include, lib: /usr/lib/x86_64-linux-gnu/libflann_cpp.so)
-- OpenNI found (version: 1.5.4.0, include: /usr/include/ni, lib: /usr/lib/libOpenNI.so;libusb::libusb)
-- OpenNI2 found (version: 2.2.0.33, include: /usr/include/openni2, lib: /usr/lib/x86_64-linux-gnu/libOpenNI2.so;libusb::libusb)
-- Eigen found (include: /usr/include/eigen3, version: 3.4.0)
-- OpenNI found (version: 1.5.4.0, include: /usr/include/ni, lib: /usr/lib/libOpenNI.so;libusb::libusb)
-- OpenNI2 found (version: 2.2.0.33, include: /usr/include/openni2, lib: /usr/lib/x86_64-linux-gnu/libOpenNI2.so;libusb::libusb)
-- Found Qhull version 8.0.2
-- OpenNI found (version: 1.5.4.0, include: /usr/include/ni, lib: /usr/lib/libOpenNI.so;libusb::libusb)
-- Ensuring Eigen3 include directory is part of orocos-kdl CMake target
-- Found acados generated solver
-- Found ament_lint_auto: 0.12.14 (/opt/ros/humble/share/ament_lint_auto/cmake)
-- Added test 'copyright' to check source files copyright and LICENSE
-- Added test 'cppcheck' to perform static code analysis on C / C++ code
-- Configured cppcheck include dirs: /home/chen/px4_ws/src/px4_payload_nmpc/include;/home/chen/px4_ws/src/px4_payload_nmpc/../../px4_payload/c_generated_code
-- Configured cppcheck exclude dirs and/or files: 
-- Added test 'cpplint' to check C / C++ code against the Google style
-- Configured cpplint exclude dirs and/or files: 
-- Added test 'flake8' to check Python code syntax and style conventions
-- Added test 'lint_cmake' to check CMake code style
-- Added test 'pep257' to check Python code against some of the docstring style conventions in PEP 257
-- Added test 'uncrustify' to check C / C++ code style
-- Configured uncrustify additional arguments: 
-- Added test 'xmllint' to check XML markup files
-- Configuring done
-- Generating done
-- Build files have been written to: /home/chen/px4_ws/build/px4_payload_nmpc
[35m[1mConsolidate compiler generated dependencies of target esdf_map_reader_payload[0m
[35m[1mConsolidate compiler generated dependencies of target payload_odom_from_vrpn[0m
[ 33%] Built target esdf_map_reader_payload
[ 66%] Built target payload_odom_from_vrpn
[35m[1mConsolidate compiler generated dependencies of target nmpc_controller[0m
[100%] Built target nmpc_controller
-- Install configuration: ""
-- Up-to-date: /home/chen/px4_ws/install/px4_payload_nmpc/lib/libesdf_map_reader_payload.so
-- Installing: /home/chen/px4_ws/install/px4_payload_nmpc/lib/px4_payload_nmpc/payload_odom_from_vrpn
-- Set runtime path of "/home/chen/px4_ws/install/px4_payload_nmpc/lib/px4_payload_nmpc/payload_odom_from_vrpn" to ""
-- Up-to-date: /home/chen/px4_ws/install/px4_payload_nmpc/lib/px4_payload_nmpc/nmpc_controller
-- Up-to-date: /home/chen/px4_ws/install/px4_payload_nmpc/include
-- Up-to-date: /home/chen/px4_ws/install/px4_payload_nmpc/include/px4_payload_nmpc
-- Up-to-date: /home/chen/px4_ws/install/px4_payload_nmpc/include/px4_payload_nmpc/esdf_map_reader.h
-- Up-to-date: /home/chen/px4_ws/install/px4_payload_nmpc/lib/libacados_ocp_solver_px4_payload_model.so
-- Up-to-date: /home/chen/px4_ws/install/px4_payload_nmpc/share/px4_payload_nmpc/launch
-- Up-to-date: /home/chen/px4_ws/install/px4_payload_nmpc/share/px4_payload_nmpc/launch/nmpc_controller.launch.py
-- Up-to-date: /home/chen/px4_ws/install/px4_payload_nmpc/share/ament_index/resource_index/package_run_dependencies/px4_payload_nmpc
-- Installing: /home/chen/px4_ws/install/px4_payload_nmpc/share/ament_index/resource_index/parent_prefix_path/px4_payload_nmpc
-- Up-to-date: /home/chen/px4_ws/install/px4_payload_nmpc/share/px4_payload_nmpc/environment/ament_prefix_path.sh
-- Installing: /home/chen/px4_ws/install/px4_payload_nmpc/share/px4_payload_nmpc/environment/ament_prefix_path.dsv
-- Up-to-date: /home/chen/px4_ws/install/px4_payload_nmpc/share/px4_payload_nmpc/environment/path.sh
-- Installing: /home/chen/px4_ws/install/px4_payload_nmpc/share/px4_payload_nmpc/environment/path.dsv
-- Up-to-date: /home/chen/px4_ws/install/px4_payload_nmpc/share/px4_payload_nmpc/local_setup.bash
-- Up-to-date: /home/chen/px4_ws/install/px4_payload_nmpc/share/px4_payload_nmpc/local_setup.sh
-- Up-to-date: /home/chen/px4_ws/install/px4_payload_nmpc/share/px4_payload_nmpc/local_setup.zsh
-- Installing: /home/chen/px4_ws/install/px4_payload_nmpc/share/px4_payload_nmpc/local_setup.dsv
-- Installing: /home/chen/px4_ws/install/px4_payload_nmpc/share/px4_payload_nmpc/package.dsv
-- Up-to-date: /home/chen/px4_ws/install/px4_payload_nmpc/share/ament_index/resource_index/packages/px4_payload_nmpc
-- Up-to-date: /home/chen/px4_ws/install/px4_payload_nmpc/share/px4_payload_nmpc/cmake/px4_payload_nmpcConfig.cmake
-- Up-to-date: /home/chen/px4_ws/install/px4_payload_nmpc/share/px4_payload_nmpc/cmake/px4_payload_nmpcConfig-version.cmake
-- Up-to-date: /home/chen/px4_ws/install/px4_payload_nmpc/share/px4_payload_nmpc/package.xml
