[0.017s] Invoking command in '/home/chen/px4_ws/build/px4_payload_nmpc': CMAKE_PREFIX_PATH=/home/chen/px4_ws/install/plan_env:/home/chen/px4_ws/install/px4_payload_nmpc:/home/chen/px4_ws/install/px4_offboard_control:/home/chen/px4_ws/install/px4_nmpc:/home/chen/ws_livox/install/vrpn_relative_pose:/home/chen/ws_livox/install/vrpn_listener:/home/chen/ws_livox/install/vins_fusion_ros2:/home/chen/ws_livox/install/tf:/home/chen/ws_livox/install/realsense2_description:/home/chen/ws_livox/install/realsense2_camera:/home/chen/ws_livox/install/realsense2_camera_msgs:/home/chen/ws_livox/install/pose_send:/home/chen/ws_livox/install/point_cloud_filter:/home/chen/ws_livox/install/orbslam3:/home/chen/ws_livox/install/offboard_test:/home/chen/ws_livox/install/fast_lio:/home/chen/ws_livox/install/livox_ros_driver2:/home/chen/ws_livox/install/cluster_detection:/opt/ros/humble LD_LIBRARY_PATH=/home/chen/px4_ws/install/plan_env/lib:/home/chen/px4_ws/install/px4_payload_nmpc/lib:/home/chen/px4_ws/install/px4_nmpc/lib:/home/chen/ws_livox/install/realsense2_camera/lib:/home/chen/ws_livox/install/realsense2_camera_msgs/lib:/home/chen/ws_livox/install/fast_lio/lib:/home/chen/ws_livox/install/livox_ros_driver2/lib:/usr/lib/x86_64-linux-gnu/gazebo-11/plugins:/opt/ros/humble/opt/rviz_ogre_vendor/lib:/opt/ros/humble/lib/x86_64-linux-gnu:/opt/ros/humble/lib:/home/chen/acados/lib /usr/bin/cmake --build /home/chen/px4_ws/build/px4_payload_nmpc -- -j16 -l16
[0.054s] -- Found ament_cmake: 1.3.12 (/opt/ros/humble/share/ament_cmake/cmake)
[0.195s] -- Found rclcpp: 16.0.15 (/opt/ros/humble/share/rclcpp/cmake)
[0.225s] -- Found rosidl_generator_c: 3.1.7 (/opt/ros/humble/share/rosidl_generator_c/cmake)
[0.228s] -- Found rosidl_adapter: 3.1.7 (/opt/ros/humble/share/rosidl_adapter/cmake)
[0.233s] -- Found rosidl_generator_cpp: 3.1.7 (/opt/ros/humble/share/rosidl_generator_cpp/cmake)
[0.240s] -- Using all available rosidl_typesupport_c: rosidl_typesupport_fastrtps_c;rosidl_typesupport_introspection_c
[0.251s] -- Using all available rosidl_typesupport_cpp: rosidl_typesupport_fastrtps_cpp;rosidl_typesupport_introspection_cpp
[0.279s] -- Found rmw_implementation_cmake: 6.1.2 (/opt/ros/humble/share/rmw_implementation_cmake/cmake)
[0.281s] -- Found rmw_fastrtps_cpp: 6.2.8 (/opt/ros/humble/share/rmw_fastrtps_cpp/cmake)
[0.376s] -- Using RMW implementation 'rmw_fastrtps_cpp' as default
[0.414s] -- Found nav_msgs: 4.9.0 (/opt/ros/humble/share/nav_msgs/cmake)
[0.437s] -- Found mavros_msgs: 2.12.0 (/opt/ros/humble/share/mavros_msgs/cmake)
[0.485s] -- Found eigen3_cmake_module: 0.1.1 (/opt/ros/humble/share/eigen3_cmake_module/cmake)
[0.485s] -- Found plan_env: 1.0.0 (/home/chen/px4_ws/src/px4_payload_nmpc/../../install/plan_env/share/plan_env/cmake)
[0.560s] -- Eigen found (include: /usr/include/eigen3, version: 3.4.0)
[0.592s] -- FLANN found (include: /usr/include, lib: /usr/lib/x86_64-linux-gnu/libflann_cpp.so)
[0.966s] -- OpenNI found (version: 1.5.4.0, include: /usr/include/ni, lib: /usr/lib/libOpenNI.so;libusb::libusb)
[0.975s] -- OpenNI2 found (version: 2.2.0.33, include: /usr/include/openni2, lib: /usr/lib/x86_64-linux-gnu/libOpenNI2.so;libusb::libusb)
[1.129s] -- Eigen found (include: /usr/include/eigen3, version: 3.4.0)
[1.139s] -- OpenNI found (version: 1.5.4.0, include: /usr/include/ni, lib: /usr/lib/libOpenNI.so;libusb::libusb)
[1.146s] -- OpenNI2 found (version: 2.2.0.33, include: /usr/include/openni2, lib: /usr/lib/x86_64-linux-gnu/libOpenNI2.so;libusb::libusb)
[1.327s] -- Found Qhull version 8.0.2
[1.499s] -- OpenNI found (version: 1.5.4.0, include: /usr/include/ni, lib: /usr/lib/libOpenNI.so;libusb::libusb)
[1.694s] -- Ensuring Eigen3 include directory is part of orocos-kdl CMake target
[1.764s] -- Found acados generated solver
[1.764s] -- Found ament_lint_auto: 0.12.14 (/opt/ros/humble/share/ament_lint_auto/cmake)
[1.829s] -- Added test 'copyright' to check source files copyright and LICENSE
[1.830s] -- Added test 'cppcheck' to perform static code analysis on C / C++ code
[1.830s] -- Configured cppcheck include dirs: /home/chen/px4_ws/src/px4_payload_nmpc/include;/home/chen/px4_ws/src/px4_payload_nmpc/../../px4_payload/c_generated_code
[1.830s] -- Configured cppcheck exclude dirs and/or files: 
[1.831s] -- Added test 'cpplint' to check C / C++ code against the Google style
[1.831s] -- Configured cpplint exclude dirs and/or files: 
[1.831s] -- Added test 'flake8' to check Python code syntax and style conventions
[1.831s] -- Added test 'lint_cmake' to check CMake code style
[1.831s] -- Added test 'pep257' to check Python code against some of the docstring style conventions in PEP 257
[1.832s] -- Added test 'uncrustify' to check C / C++ code style
[1.832s] -- Configured uncrustify additional arguments: 
[1.832s] -- Added test 'xmllint' to check XML markup files
[1.833s] -- Configuring done
[1.898s] -- Generating done
[1.915s] -- Build files have been written to: /home/chen/px4_ws/build/px4_payload_nmpc
[1.957s] [35m[1mConsolidate compiler generated dependencies of target esdf_map_reader_payload[0m
[1.961s] [35m[1mConsolidate compiler generated dependencies of target payload_odom_from_vrpn[0m
[1.975s] [ 33%] Built target esdf_map_reader_payload
[1.985s] [ 66%] Built target payload_odom_from_vrpn
[1.988s] [35m[1mConsolidate compiler generated dependencies of target nmpc_controller[0m
[2.015s] [100%] Built target nmpc_controller
[2.029s] Invoked command in '/home/chen/px4_ws/build/px4_payload_nmpc' returned '0': CMAKE_PREFIX_PATH=/home/chen/px4_ws/install/plan_env:/home/chen/px4_ws/install/px4_payload_nmpc:/home/chen/px4_ws/install/px4_offboard_control:/home/chen/px4_ws/install/px4_nmpc:/home/chen/ws_livox/install/vrpn_relative_pose:/home/chen/ws_livox/install/vrpn_listener:/home/chen/ws_livox/install/vins_fusion_ros2:/home/chen/ws_livox/install/tf:/home/chen/ws_livox/install/realsense2_description:/home/chen/ws_livox/install/realsense2_camera:/home/chen/ws_livox/install/realsense2_camera_msgs:/home/chen/ws_livox/install/pose_send:/home/chen/ws_livox/install/point_cloud_filter:/home/chen/ws_livox/install/orbslam3:/home/chen/ws_livox/install/offboard_test:/home/chen/ws_livox/install/fast_lio:/home/chen/ws_livox/install/livox_ros_driver2:/home/chen/ws_livox/install/cluster_detection:/opt/ros/humble LD_LIBRARY_PATH=/home/chen/px4_ws/install/plan_env/lib:/home/chen/px4_ws/install/px4_payload_nmpc/lib:/home/chen/px4_ws/install/px4_nmpc/lib:/home/chen/ws_livox/install/realsense2_camera/lib:/home/chen/ws_livox/install/realsense2_camera_msgs/lib:/home/chen/ws_livox/install/fast_lio/lib:/home/chen/ws_livox/install/livox_ros_driver2/lib:/usr/lib/x86_64-linux-gnu/gazebo-11/plugins:/opt/ros/humble/opt/rviz_ogre_vendor/lib:/opt/ros/humble/lib/x86_64-linux-gnu:/opt/ros/humble/lib:/home/chen/acados/lib /usr/bin/cmake --build /home/chen/px4_ws/build/px4_payload_nmpc -- -j16 -l16
[2.040s] Invoking command in '/home/chen/px4_ws/build/px4_payload_nmpc': CMAKE_PREFIX_PATH=/home/chen/px4_ws/install/plan_env:/home/chen/px4_ws/install/px4_payload_nmpc:/home/chen/px4_ws/install/px4_offboard_control:/home/chen/px4_ws/install/px4_nmpc:/home/chen/ws_livox/install/vrpn_relative_pose:/home/chen/ws_livox/install/vrpn_listener:/home/chen/ws_livox/install/vins_fusion_ros2:/home/chen/ws_livox/install/tf:/home/chen/ws_livox/install/realsense2_description:/home/chen/ws_livox/install/realsense2_camera:/home/chen/ws_livox/install/realsense2_camera_msgs:/home/chen/ws_livox/install/pose_send:/home/chen/ws_livox/install/point_cloud_filter:/home/chen/ws_livox/install/orbslam3:/home/chen/ws_livox/install/offboard_test:/home/chen/ws_livox/install/fast_lio:/home/chen/ws_livox/install/livox_ros_driver2:/home/chen/ws_livox/install/cluster_detection:/opt/ros/humble LD_LIBRARY_PATH=/home/chen/px4_ws/install/plan_env/lib:/home/chen/px4_ws/install/px4_payload_nmpc/lib:/home/chen/px4_ws/install/px4_nmpc/lib:/home/chen/ws_livox/install/realsense2_camera/lib:/home/chen/ws_livox/install/realsense2_camera_msgs/lib:/home/chen/ws_livox/install/fast_lio/lib:/home/chen/ws_livox/install/livox_ros_driver2/lib:/usr/lib/x86_64-linux-gnu/gazebo-11/plugins:/opt/ros/humble/opt/rviz_ogre_vendor/lib:/opt/ros/humble/lib/x86_64-linux-gnu:/opt/ros/humble/lib:/home/chen/acados/lib /usr/bin/cmake --install /home/chen/px4_ws/build/px4_payload_nmpc
[2.049s] -- Install configuration: ""
[2.049s] -- Up-to-date: /home/chen/px4_ws/install/px4_payload_nmpc/lib/libesdf_map_reader_payload.so
[2.050s] -- Installing: /home/chen/px4_ws/install/px4_payload_nmpc/lib/px4_payload_nmpc/payload_odom_from_vrpn
[2.068s] -- Set runtime path of "/home/chen/px4_ws/install/px4_payload_nmpc/lib/px4_payload_nmpc/payload_odom_from_vrpn" to ""
[2.068s] -- Up-to-date: /home/chen/px4_ws/install/px4_payload_nmpc/lib/px4_payload_nmpc/nmpc_controller
[2.069s] -- Up-to-date: /home/chen/px4_ws/install/px4_payload_nmpc/include
[2.070s] -- Up-to-date: /home/chen/px4_ws/install/px4_payload_nmpc/include/px4_payload_nmpc
[2.070s] -- Up-to-date: /home/chen/px4_ws/install/px4_payload_nmpc/include/px4_payload_nmpc/esdf_map_reader.h
[2.071s] -- Up-to-date: /home/chen/px4_ws/install/px4_payload_nmpc/lib/libacados_ocp_solver_px4_payload_model.so
[2.071s] -- Up-to-date: /home/chen/px4_ws/install/px4_payload_nmpc/share/px4_payload_nmpc/launch
[2.071s] -- Up-to-date: /home/chen/px4_ws/install/px4_payload_nmpc/share/px4_payload_nmpc/launch/nmpc_controller.launch.py
[2.072s] -- Up-to-date: /home/chen/px4_ws/install/px4_payload_nmpc/share/ament_index/resource_index/package_run_dependencies/px4_payload_nmpc
[2.072s] -- Installing: /home/chen/px4_ws/install/px4_payload_nmpc/share/ament_index/resource_index/parent_prefix_path/px4_payload_nmpc
[2.072s] -- Up-to-date: /home/chen/px4_ws/install/px4_payload_nmpc/share/px4_payload_nmpc/environment/ament_prefix_path.sh
[2.073s] -- Installing: /home/chen/px4_ws/install/px4_payload_nmpc/share/px4_payload_nmpc/environment/ament_prefix_path.dsv
[2.073s] -- Up-to-date: /home/chen/px4_ws/install/px4_payload_nmpc/share/px4_payload_nmpc/environment/path.sh
[2.074s] -- Installing: /home/chen/px4_ws/install/px4_payload_nmpc/share/px4_payload_nmpc/environment/path.dsv
[2.074s] -- Up-to-date: /home/chen/px4_ws/install/px4_payload_nmpc/share/px4_payload_nmpc/local_setup.bash
[2.074s] -- Up-to-date: /home/chen/px4_ws/install/px4_payload_nmpc/share/px4_payload_nmpc/local_setup.sh
[2.075s] -- Up-to-date: /home/chen/px4_ws/install/px4_payload_nmpc/share/px4_payload_nmpc/local_setup.zsh
[2.075s] -- Installing: /home/chen/px4_ws/install/px4_payload_nmpc/share/px4_payload_nmpc/local_setup.dsv
[2.075s] -- Installing: /home/chen/px4_ws/install/px4_payload_nmpc/share/px4_payload_nmpc/package.dsv
[2.075s] -- Up-to-date: /home/chen/px4_ws/install/px4_payload_nmpc/share/ament_index/resource_index/packages/px4_payload_nmpc
[2.076s] -- Up-to-date: /home/chen/px4_ws/install/px4_payload_nmpc/share/px4_payload_nmpc/cmake/px4_payload_nmpcConfig.cmake
[2.076s] -- Up-to-date: /home/chen/px4_ws/install/px4_payload_nmpc/share/px4_payload_nmpc/cmake/px4_payload_nmpcConfig-version.cmake
[2.076s] -- Up-to-date: /home/chen/px4_ws/install/px4_payload_nmpc/share/px4_payload_nmpc/package.xml
[2.082s] Invoked command in '/home/chen/px4_ws/build/px4_payload_nmpc' returned '0': CMAKE_PREFIX_PATH=/home/chen/px4_ws/install/plan_env:/home/chen/px4_ws/install/px4_payload_nmpc:/home/chen/px4_ws/install/px4_offboard_control:/home/chen/px4_ws/install/px4_nmpc:/home/chen/ws_livox/install/vrpn_relative_pose:/home/chen/ws_livox/install/vrpn_listener:/home/chen/ws_livox/install/vins_fusion_ros2:/home/chen/ws_livox/install/tf:/home/chen/ws_livox/install/realsense2_description:/home/chen/ws_livox/install/realsense2_camera:/home/chen/ws_livox/install/realsense2_camera_msgs:/home/chen/ws_livox/install/pose_send:/home/chen/ws_livox/install/point_cloud_filter:/home/chen/ws_livox/install/orbslam3:/home/chen/ws_livox/install/offboard_test:/home/chen/ws_livox/install/fast_lio:/home/chen/ws_livox/install/livox_ros_driver2:/home/chen/ws_livox/install/cluster_detection:/opt/ros/humble LD_LIBRARY_PATH=/home/chen/px4_ws/install/plan_env/lib:/home/chen/px4_ws/install/px4_payload_nmpc/lib:/home/chen/px4_ws/install/px4_nmpc/lib:/home/chen/ws_livox/install/realsense2_camera/lib:/home/chen/ws_livox/install/realsense2_camera_msgs/lib:/home/chen/ws_livox/install/fast_lio/lib:/home/chen/ws_livox/install/livox_ros_driver2/lib:/usr/lib/x86_64-linux-gnu/gazebo-11/plugins:/opt/ros/humble/opt/rviz_ogre_vendor/lib:/opt/ros/humble/lib/x86_64-linux-gnu:/opt/ros/humble/lib:/home/chen/acados/lib /usr/bin/cmake --install /home/chen/px4_ws/build/px4_payload_nmpc
