[ 50%] Built target esdf_map_reader_payload
[100%] Built target nmpc_controller
-- Install configuration: ""
-- Up-to-date: /home/chen/px4_ws/install/px4_payload_nmpc/lib/libesdf_map_reader_payload.so
-- Up-to-date: /home/chen/px4_ws/install/px4_payload_nmpc/lib/px4_payload_nmpc/nmpc_controller
-- Up-to-date: /home/chen/px4_ws/install/px4_payload_nmpc/include
-- Up-to-date: /home/chen/px4_ws/install/px4_payload_nmpc/include/px4_payload_nmpc
-- Up-to-date: /home/chen/px4_ws/install/px4_payload_nmpc/include/px4_payload_nmpc/esdf_map_reader.h
-- Up-to-date: /home/chen/px4_ws/install/px4_payload_nmpc/lib/libacados_ocp_solver_px4_payload_model.so
-- Up-to-date: /home/chen/px4_ws/install/px4_payload_nmpc/share/px4_payload_nmpc/launch
-- Up-to-date: /home/chen/px4_ws/install/px4_payload_nmpc/share/px4_payload_nmpc/launch/nmpc_controller.launch.py
-- Up-to-date: /home/chen/px4_ws/install/px4_payload_nmpc/share/ament_index/resource_index/package_run_dependencies/px4_payload_nmpc
-- Up-to-date: /home/chen/px4_ws/install/px4_payload_nmpc/share/ament_index/resource_index/parent_prefix_path/px4_payload_nmpc
-- Up-to-date: /home/chen/px4_ws/install/px4_payload_nmpc/share/px4_payload_nmpc/environment/ament_prefix_path.sh
-- Up-to-date: /home/chen/px4_ws/install/px4_payload_nmpc/share/px4_payload_nmpc/environment/ament_prefix_path.dsv
-- Up-to-date: /home/chen/px4_ws/install/px4_payload_nmpc/share/px4_payload_nmpc/environment/path.sh
-- Up-to-date: /home/chen/px4_ws/install/px4_payload_nmpc/share/px4_payload_nmpc/environment/path.dsv
-- Up-to-date: /home/chen/px4_ws/install/px4_payload_nmpc/share/px4_payload_nmpc/local_setup.bash
-- Up-to-date: /home/chen/px4_ws/install/px4_payload_nmpc/share/px4_payload_nmpc/local_setup.sh
-- Up-to-date: /home/chen/px4_ws/install/px4_payload_nmpc/share/px4_payload_nmpc/local_setup.zsh
-- Up-to-date: /home/chen/px4_ws/install/px4_payload_nmpc/share/px4_payload_nmpc/local_setup.dsv
-- Installing: /home/chen/px4_ws/install/px4_payload_nmpc/share/px4_payload_nmpc/package.dsv
-- Up-to-date: /home/chen/px4_ws/install/px4_payload_nmpc/share/ament_index/resource_index/packages/px4_payload_nmpc
-- Up-to-date: /home/chen/px4_ws/install/px4_payload_nmpc/share/px4_payload_nmpc/cmake/px4_payload_nmpcConfig.cmake
-- Up-to-date: /home/chen/px4_ws/install/px4_payload_nmpc/share/px4_payload_nmpc/cmake/px4_payload_nmpcConfig-version.cmake
-- Up-to-date: /home/chen/px4_ws/install/px4_payload_nmpc/share/px4_payload_nmpc/package.xml
